running egg_info
creating ../../build/s8_py_slam/s8_py_slam.egg-info
writing ../../build/s8_py_slam/s8_py_slam.egg-info/PKG-INFO
writing dependency_links to ../../build/s8_py_slam/s8_py_slam.egg-info/dependency_links.txt
writing entry points to ../../build/s8_py_slam/s8_py_slam.egg-info/entry_points.txt
writing requirements to ../../build/s8_py_slam/s8_py_slam.egg-info/requires.txt
writing top-level names to ../../build/s8_py_slam/s8_py_slam.egg-info/top_level.txt
writing manifest file '../../build/s8_py_slam/s8_py_slam.egg-info/SOURCES.txt'
reading manifest file '../../build/s8_py_slam/s8_py_slam.egg-info/SOURCES.txt'
writing manifest file '../../build/s8_py_slam/s8_py_slam.egg-info/SOURCES.txt'
running build
running build_py
creating /home/yahboom/TE3003B/simulation_workspace/build/s8_py_slam/build
creating /home/yahboom/TE3003B/simulation_workspace/build/s8_py_slam/build/lib
creating /home/yahboom/TE3003B/simulation_workspace/build/s8_py_slam/build/lib/s8_py_slam
copying s8_py_slam/relative_map_terminal_printer.py -> /home/yahboom/TE3003B/simulation_workspace/build/s8_py_slam/build/lib/s8_py_slam
copying s8_py_slam/map_terminal_printer.py -> /home/yahboom/TE3003B/simulation_workspace/build/s8_py_slam/build/lib/s8_py_slam
copying s8_py_slam/__init__.py -> /home/yahboom/TE3003B/simulation_workspace/build/s8_py_slam/build/lib/s8_py_slam
copying s8_py_slam/odom_to_vel.py -> /home/yahboom/TE3003B/simulation_workspace/build/s8_py_slam/build/lib/s8_py_slam
copying s8_py_slam/pose_publisher.py -> /home/yahboom/TE3003B/simulation_workspace/build/s8_py_slam/build/lib/s8_py_slam
running install
running install_lib
creating /home/yahboom/TE3003B/simulation_workspace/install/s8_py_slam/lib/python3.8/site-packages/s8_py_slam
copying /home/yahboom/TE3003B/simulation_workspace/build/s8_py_slam/build/lib/s8_py_slam/relative_map_terminal_printer.py -> /home/yahboom/TE3003B/simulation_workspace/install/s8_py_slam/lib/python3.8/site-packages/s8_py_slam
copying /home/yahboom/TE3003B/simulation_workspace/build/s8_py_slam/build/lib/s8_py_slam/map_terminal_printer.py -> /home/yahboom/TE3003B/simulation_workspace/install/s8_py_slam/lib/python3.8/site-packages/s8_py_slam
copying /home/yahboom/TE3003B/simulation_workspace/build/s8_py_slam/build/lib/s8_py_slam/__init__.py -> /home/yahboom/TE3003B/simulation_workspace/install/s8_py_slam/lib/python3.8/site-packages/s8_py_slam
copying /home/yahboom/TE3003B/simulation_workspace/build/s8_py_slam/build/lib/s8_py_slam/odom_to_vel.py -> /home/yahboom/TE3003B/simulation_workspace/install/s8_py_slam/lib/python3.8/site-packages/s8_py_slam
copying /home/yahboom/TE3003B/simulation_workspace/build/s8_py_slam/build/lib/s8_py_slam/pose_publisher.py -> /home/yahboom/TE3003B/simulation_workspace/install/s8_py_slam/lib/python3.8/site-packages/s8_py_slam
byte-compiling /home/yahboom/TE3003B/simulation_workspace/install/s8_py_slam/lib/python3.8/site-packages/s8_py_slam/relative_map_terminal_printer.py to relative_map_terminal_printer.cpython-38.pyc
byte-compiling /home/yahboom/TE3003B/simulation_workspace/install/s8_py_slam/lib/python3.8/site-packages/s8_py_slam/map_terminal_printer.py to map_terminal_printer.cpython-38.pyc
byte-compiling /home/yahboom/TE3003B/simulation_workspace/install/s8_py_slam/lib/python3.8/site-packages/s8_py_slam/__init__.py to __init__.cpython-38.pyc
byte-compiling /home/yahboom/TE3003B/simulation_workspace/install/s8_py_slam/lib/python3.8/site-packages/s8_py_slam/odom_to_vel.py to odom_to_vel.cpython-38.pyc
byte-compiling /home/yahboom/TE3003B/simulation_workspace/install/s8_py_slam/lib/python3.8/site-packages/s8_py_slam/pose_publisher.py to pose_publisher.cpython-38.pyc
running install_data
creating /home/yahboom/TE3003B/simulation_workspace/install/s8_py_slam/share/ament_index
creating /home/yahboom/TE3003B/simulation_workspace/install/s8_py_slam/share/ament_index/resource_index
creating /home/yahboom/TE3003B/simulation_workspace/install/s8_py_slam/share/ament_index/resource_index/packages
copying resource/s8_py_slam -> /home/yahboom/TE3003B/simulation_workspace/install/s8_py_slam/share/ament_index/resource_index/packages
copying package.xml -> /home/yahboom/TE3003B/simulation_workspace/install/s8_py_slam/share/s8_py_slam
creating /home/yahboom/TE3003B/simulation_workspace/install/s8_py_slam/share/s8_py_slam/config
copying config/mapper_params_online_async.yaml -> /home/yahboom/TE3003B/simulation_workspace/install/s8_py_slam/share/s8_py_slam/config
copying config/robot_controllers.yaml -> /home/yahboom/TE3003B/simulation_workspace/install/s8_py_slam/share/s8_py_slam/config
creating /home/yahboom/TE3003B/simulation_workspace/install/s8_py_slam/share/s8_py_slam/launch
copying launch/spawn_robot.launch.py -> /home/yahboom/TE3003B/simulation_workspace/install/s8_py_slam/share/s8_py_slam/launch
copying launch/display_robot.launch.py -> /home/yahboom/TE3003B/simulation_workspace/install/s8_py_slam/share/s8_py_slam/launch
creating /home/yahboom/TE3003B/simulation_workspace/install/s8_py_slam/share/s8_py_slam/maps
copying maps/my_map.pgm -> /home/yahboom/TE3003B/simulation_workspace/install/s8_py_slam/share/s8_py_slam/maps
copying maps/turtle_map.pgm -> /home/yahboom/TE3003B/simulation_workspace/install/s8_py_slam/share/s8_py_slam/maps
copying maps/turtle_map.yaml -> /home/yahboom/TE3003B/simulation_workspace/install/s8_py_slam/share/s8_py_slam/maps
copying maps/map_server_params.yaml -> /home/yahboom/TE3003B/simulation_workspace/install/s8_py_slam/share/s8_py_slam/maps
copying maps/my_map.yaml -> /home/yahboom/TE3003B/simulation_workspace/install/s8_py_slam/share/s8_py_slam/maps
creating /home/yahboom/TE3003B/simulation_workspace/install/s8_py_slam/share/s8_py_slam/meshes
copying meshes/right_front_wheel.stl -> /home/yahboom/TE3003B/simulation_workspace/install/s8_py_slam/share/s8_py_slam/meshes
copying meshes/base_link.stl -> /home/yahboom/TE3003B/simulation_workspace/install/s8_py_slam/share/s8_py_slam/meshes
copying meshes/right_back_wheel.stl -> /home/yahboom/TE3003B/simulation_workspace/install/s8_py_slam/share/s8_py_slam/meshes
copying meshes/imu_link.stl -> /home/yahboom/TE3003B/simulation_workspace/install/s8_py_slam/share/s8_py_slam/meshes
copying meshes/left_back_wheel.stl -> /home/yahboom/TE3003B/simulation_workspace/install/s8_py_slam/share/s8_py_slam/meshes
copying meshes/lidar_link.stl -> /home/yahboom/TE3003B/simulation_workspace/install/s8_py_slam/share/s8_py_slam/meshes
copying meshes/camera_link.stl -> /home/yahboom/TE3003B/simulation_workspace/install/s8_py_slam/share/s8_py_slam/meshes
copying meshes/left_front_wheel.stl -> /home/yahboom/TE3003B/simulation_workspace/install/s8_py_slam/share/s8_py_slam/meshes
copying meshes/camera2_link.stl -> /home/yahboom/TE3003B/simulation_workspace/install/s8_py_slam/share/s8_py_slam/meshes
creating /home/yahboom/TE3003B/simulation_workspace/install/s8_py_slam/share/s8_py_slam/rviz
copying rviz/slam.rviz -> /home/yahboom/TE3003B/simulation_workspace/install/s8_py_slam/share/s8_py_slam/rviz
creating /home/yahboom/TE3003B/simulation_workspace/install/s8_py_slam/share/s8_py_slam/urdf
copying urdf/robot.urdf -> /home/yahboom/TE3003B/simulation_workspace/install/s8_py_slam/share/s8_py_slam/urdf
copying urdf/robot_plugin.urdf -> /home/yahboom/TE3003B/simulation_workspace/install/s8_py_slam/share/s8_py_slam/urdf
copying urdf/cylinder_plugin.urdf -> /home/yahboom/TE3003B/simulation_workspace/install/s8_py_slam/share/s8_py_slam/urdf
creating /home/yahboom/TE3003B/simulation_workspace/install/s8_py_slam/share/s8_py_slam/worlds
copying worlds/robot_world.world -> /home/yahboom/TE3003B/simulation_workspace/install/s8_py_slam/share/s8_py_slam/worlds
running install_egg_info
Copying ../../build/s8_py_slam/s8_py_slam.egg-info to /home/yahboom/TE3003B/simulation_workspace/install/s8_py_slam/lib/python3.8/site-packages/s8_py_slam-0.0.0-py3.8.egg-info
running install_scripts
Installing map_terminal_printer_exe script to /home/yahboom/TE3003B/simulation_workspace/install/s8_py_slam/lib/s8_py_slam
Installing pose_publisher_exe script to /home/yahboom/TE3003B/simulation_workspace/install/s8_py_slam/lib/s8_py_slam
Installing relative_map_terminal_printer_exe script to /home/yahboom/TE3003B/simulation_workspace/install/s8_py_slam/lib/s8_py_slam
writing list of installed files to '/home/yahboom/TE3003B/simulation_workspace/build/s8_py_slam/install.log'
