[2.056s] Invoking command in '/home/yahboom/TE3003B/simulation_workspace/src/s8_py_slam': PYTHONPATH=/home/yahboom/TE3003B/simulation_workspace/build/s8_py_slam/prefix_override:/home/yahboom/TE3003B/simulation_workspace/install/s8_py_slam/lib/python3.8/site-packages:${PYTHONPATH} /usr/bin/python3 setup.py egg_info --egg-base ../../build/s8_py_slam build --build-base /home/yahboom/TE3003B/simulation_workspace/build/s8_py_slam/build install --record /home/yahboom/TE3003B/simulation_workspace/build/s8_py_slam/install.log --single-version-externally-managed
[2.724s] running egg_info
[2.725s] creating ../../build/s8_py_slam/s8_py_slam.egg-info
[2.726s] writing ../../build/s8_py_slam/s8_py_slam.egg-info/PKG-INFO
[2.727s] writing dependency_links to ../../build/s8_py_slam/s8_py_slam.egg-info/dependency_links.txt
[2.727s] writing entry points to ../../build/s8_py_slam/s8_py_slam.egg-info/entry_points.txt
[2.727s] writing requirements to ../../build/s8_py_slam/s8_py_slam.egg-info/requires.txt
[2.727s] writing top-level names to ../../build/s8_py_slam/s8_py_slam.egg-info/top_level.txt
[2.731s] writing manifest file '../../build/s8_py_slam/s8_py_slam.egg-info/SOURCES.txt'
[2.792s] reading manifest file '../../build/s8_py_slam/s8_py_slam.egg-info/SOURCES.txt'
[2.794s] writing manifest file '../../build/s8_py_slam/s8_py_slam.egg-info/SOURCES.txt'
[2.796s] running build
[2.796s] running build_py
[2.797s] creating /home/yahboom/TE3003B/simulation_workspace/build/s8_py_slam/build
[2.797s] creating /home/yahboom/TE3003B/simulation_workspace/build/s8_py_slam/build/lib
[2.797s] creating /home/yahboom/TE3003B/simulation_workspace/build/s8_py_slam/build/lib/s8_py_slam
[2.798s] copying s8_py_slam/relative_map_terminal_printer.py -> /home/yahboom/TE3003B/simulation_workspace/build/s8_py_slam/build/lib/s8_py_slam
[2.798s] copying s8_py_slam/map_terminal_printer.py -> /home/yahboom/TE3003B/simulation_workspace/build/s8_py_slam/build/lib/s8_py_slam
[2.798s] copying s8_py_slam/__init__.py -> /home/yahboom/TE3003B/simulation_workspace/build/s8_py_slam/build/lib/s8_py_slam
[2.799s] copying s8_py_slam/odom_to_vel.py -> /home/yahboom/TE3003B/simulation_workspace/build/s8_py_slam/build/lib/s8_py_slam
[2.799s] copying s8_py_slam/pose_publisher.py -> /home/yahboom/TE3003B/simulation_workspace/build/s8_py_slam/build/lib/s8_py_slam
[2.800s] running install
[2.802s] running install_lib
[2.804s] creating /home/yahboom/TE3003B/simulation_workspace/install/s8_py_slam/lib/python3.8/site-packages/s8_py_slam
[2.804s] copying /home/yahboom/TE3003B/simulation_workspace/build/s8_py_slam/build/lib/s8_py_slam/relative_map_terminal_printer.py -> /home/yahboom/TE3003B/simulation_workspace/install/s8_py_slam/lib/python3.8/site-packages/s8_py_slam
[2.805s] copying /home/yahboom/TE3003B/simulation_workspace/build/s8_py_slam/build/lib/s8_py_slam/map_terminal_printer.py -> /home/yahboom/TE3003B/simulation_workspace/install/s8_py_slam/lib/python3.8/site-packages/s8_py_slam
[2.805s] copying /home/yahboom/TE3003B/simulation_workspace/build/s8_py_slam/build/lib/s8_py_slam/__init__.py -> /home/yahboom/TE3003B/simulation_workspace/install/s8_py_slam/lib/python3.8/site-packages/s8_py_slam
[2.806s] copying /home/yahboom/TE3003B/simulation_workspace/build/s8_py_slam/build/lib/s8_py_slam/odom_to_vel.py -> /home/yahboom/TE3003B/simulation_workspace/install/s8_py_slam/lib/python3.8/site-packages/s8_py_slam
[2.806s] copying /home/yahboom/TE3003B/simulation_workspace/build/s8_py_slam/build/lib/s8_py_slam/pose_publisher.py -> /home/yahboom/TE3003B/simulation_workspace/install/s8_py_slam/lib/python3.8/site-packages/s8_py_slam
[2.808s] byte-compiling /home/yahboom/TE3003B/simulation_workspace/install/s8_py_slam/lib/python3.8/site-packages/s8_py_slam/relative_map_terminal_printer.py to relative_map_terminal_printer.cpython-38.pyc
[2.814s] byte-compiling /home/yahboom/TE3003B/simulation_workspace/install/s8_py_slam/lib/python3.8/site-packages/s8_py_slam/map_terminal_printer.py to map_terminal_printer.cpython-38.pyc
[2.816s] byte-compiling /home/yahboom/TE3003B/simulation_workspace/install/s8_py_slam/lib/python3.8/site-packages/s8_py_slam/__init__.py to __init__.cpython-38.pyc
[2.816s] byte-compiling /home/yahboom/TE3003B/simulation_workspace/install/s8_py_slam/lib/python3.8/site-packages/s8_py_slam/odom_to_vel.py to odom_to_vel.cpython-38.pyc
[2.817s] byte-compiling /home/yahboom/TE3003B/simulation_workspace/install/s8_py_slam/lib/python3.8/site-packages/s8_py_slam/pose_publisher.py to pose_publisher.cpython-38.pyc
[2.818s] running install_data
[2.819s] creating /home/yahboom/TE3003B/simulation_workspace/install/s8_py_slam/share/ament_index
[2.819s] creating /home/yahboom/TE3003B/simulation_workspace/install/s8_py_slam/share/ament_index/resource_index
[2.820s] creating /home/yahboom/TE3003B/simulation_workspace/install/s8_py_slam/share/ament_index/resource_index/packages
[2.820s] copying resource/s8_py_slam -> /home/yahboom/TE3003B/simulation_workspace/install/s8_py_slam/share/ament_index/resource_index/packages
[2.820s] copying package.xml -> /home/yahboom/TE3003B/simulation_workspace/install/s8_py_slam/share/s8_py_slam
[2.821s] creating /home/yahboom/TE3003B/simulation_workspace/install/s8_py_slam/share/s8_py_slam/config
[2.821s] copying config/mapper_params_online_async.yaml -> /home/yahboom/TE3003B/simulation_workspace/install/s8_py_slam/share/s8_py_slam/config
[2.822s] copying config/robot_controllers.yaml -> /home/yahboom/TE3003B/simulation_workspace/install/s8_py_slam/share/s8_py_slam/config
[2.822s] creating /home/yahboom/TE3003B/simulation_workspace/install/s8_py_slam/share/s8_py_slam/launch
[2.822s] copying launch/spawn_robot.launch.py -> /home/yahboom/TE3003B/simulation_workspace/install/s8_py_slam/share/s8_py_slam/launch
[2.823s] copying launch/display_robot.launch.py -> /home/yahboom/TE3003B/simulation_workspace/install/s8_py_slam/share/s8_py_slam/launch
[2.823s] creating /home/yahboom/TE3003B/simulation_workspace/install/s8_py_slam/share/s8_py_slam/maps
[2.823s] copying maps/my_map.pgm -> /home/yahboom/TE3003B/simulation_workspace/install/s8_py_slam/share/s8_py_slam/maps
[2.824s] copying maps/turtle_map.pgm -> /home/yahboom/TE3003B/simulation_workspace/install/s8_py_slam/share/s8_py_slam/maps
[2.824s] copying maps/turtle_map.yaml -> /home/yahboom/TE3003B/simulation_workspace/install/s8_py_slam/share/s8_py_slam/maps
[2.825s] copying maps/map_server_params.yaml -> /home/yahboom/TE3003B/simulation_workspace/install/s8_py_slam/share/s8_py_slam/maps
[2.826s] copying maps/my_map.yaml -> /home/yahboom/TE3003B/simulation_workspace/install/s8_py_slam/share/s8_py_slam/maps
[2.826s] creating /home/yahboom/TE3003B/simulation_workspace/install/s8_py_slam/share/s8_py_slam/meshes
[2.826s] copying meshes/right_front_wheel.stl -> /home/yahboom/TE3003B/simulation_workspace/install/s8_py_slam/share/s8_py_slam/meshes
[2.834s] copying meshes/base_link.stl -> /home/yahboom/TE3003B/simulation_workspace/install/s8_py_slam/share/s8_py_slam/meshes
[2.849s] copying meshes/right_back_wheel.stl -> /home/yahboom/TE3003B/simulation_workspace/install/s8_py_slam/share/s8_py_slam/meshes
[2.856s] copying meshes/imu_link.stl -> /home/yahboom/TE3003B/simulation_workspace/install/s8_py_slam/share/s8_py_slam/meshes
[2.920s] copying meshes/left_back_wheel.stl -> /home/yahboom/TE3003B/simulation_workspace/install/s8_py_slam/share/s8_py_slam/meshes
[2.927s] copying meshes/lidar_link.stl -> /home/yahboom/TE3003B/simulation_workspace/install/s8_py_slam/share/s8_py_slam/meshes
[2.929s] copying meshes/camera_link.stl -> /home/yahboom/TE3003B/simulation_workspace/install/s8_py_slam/share/s8_py_slam/meshes
[2.939s] copying meshes/left_front_wheel.stl -> /home/yahboom/TE3003B/simulation_workspace/install/s8_py_slam/share/s8_py_slam/meshes
[2.948s] copying meshes/camera2_link.stl -> /home/yahboom/TE3003B/simulation_workspace/install/s8_py_slam/share/s8_py_slam/meshes
[2.949s] creating /home/yahboom/TE3003B/simulation_workspace/install/s8_py_slam/share/s8_py_slam/rviz
[2.949s] copying rviz/slam.rviz -> /home/yahboom/TE3003B/simulation_workspace/install/s8_py_slam/share/s8_py_slam/rviz
[2.950s] creating /home/yahboom/TE3003B/simulation_workspace/install/s8_py_slam/share/s8_py_slam/urdf
[2.951s] copying urdf/robot.urdf -> /home/yahboom/TE3003B/simulation_workspace/install/s8_py_slam/share/s8_py_slam/urdf
[2.952s] copying urdf/robot_plugin.urdf -> /home/yahboom/TE3003B/simulation_workspace/install/s8_py_slam/share/s8_py_slam/urdf
[2.952s] copying urdf/cylinder_plugin.urdf -> /home/yahboom/TE3003B/simulation_workspace/install/s8_py_slam/share/s8_py_slam/urdf
[2.952s] creating /home/yahboom/TE3003B/simulation_workspace/install/s8_py_slam/share/s8_py_slam/worlds
[2.952s] copying worlds/robot_world.world -> /home/yahboom/TE3003B/simulation_workspace/install/s8_py_slam/share/s8_py_slam/worlds
[2.953s] running install_egg_info
[2.956s] Copying ../../build/s8_py_slam/s8_py_slam.egg-info to /home/yahboom/TE3003B/simulation_workspace/install/s8_py_slam/lib/python3.8/site-packages/s8_py_slam-0.0.0-py3.8.egg-info
[2.960s] running install_scripts
[2.999s] Installing map_terminal_printer_exe script to /home/yahboom/TE3003B/simulation_workspace/install/s8_py_slam/lib/s8_py_slam
[2.999s] Installing pose_publisher_exe script to /home/yahboom/TE3003B/simulation_workspace/install/s8_py_slam/lib/s8_py_slam
[3.000s] Installing relative_map_terminal_printer_exe script to /home/yahboom/TE3003B/simulation_workspace/install/s8_py_slam/lib/s8_py_slam
[3.000s] writing list of installed files to '/home/yahboom/TE3003B/simulation_workspace/build/s8_py_slam/install.log'
[3.050s] Invoked command in '/home/yahboom/TE3003B/simulation_workspace/src/s8_py_slam' returned '0': PYTHONPATH=/home/yahboom/TE3003B/simulation_workspace/build/s8_py_slam/prefix_override:/home/yahboom/TE3003B/simulation_workspace/install/s8_py_slam/lib/python3.8/site-packages:${PYTHONPATH} /usr/bin/python3 setup.py egg_info --egg-base ../../build/s8_py_slam build --build-base /home/yahboom/TE3003B/simulation_workspace/build/s8_py_slam/build install --record /home/yahboom/TE3003B/simulation_workspace/build/s8_py_slam/install.log --single-version-externally-managed
