[0.374s] DEBUG:colcon:Command line arguments: ['/usr/bin/colcon', 'build', '--packages-select', 's8_py_slam']
[0.375s] DEBUG:colcon:Parsed command line arguments: Namespace(allow_overriding=[], ament_cmake_args=None, base_paths=['.'], build_base='build', catkin_cmake_args=None, catkin_skip_building_tests=False, cmake_args=None, cmake_clean_cache=False, cmake_clean_first=False, cmake_force_configure=False, cmake_target=None, cmake_target_skip_unavailable=False, continue_on_error=False, event_handlers=None, executor='parallel', ignore_user_meta=False, install_base='install', log_base=None, log_level=None, main=<bound method BuildVerb.main of <colcon_core.verb.build.BuildVerb object at 0x7f8b6805d7c0>>, merge_install=False, metas=['./colcon.meta'], packages_above=None, packages_above_and_dependencies=None, packages_above_depth=None, packages_end=None, packages_ignore=None, packages_ignore_regex=None, packages_select=['s8_py_slam'], packages_select_build_failed=False, packages_select_by_dep=None, packages_select_regex=None, packages_select_test_failures=False, packages_skip=None, packages_skip_build_finished=False, packages_skip_by_dep=None, packages_skip_regex=None, packages_skip_test_passed=False, packages_skip_up_to=None, packages_start=None, packages_up_to=None, packages_up_to_regex=None, parallel_workers=4, paths=None, symlink_install=False, test_result_base=None, verb_extension=<colcon_core.verb.build.BuildVerb object at 0x7f8b6805d7c0>, verb_name='build', verb_parser=<colcon_defaults.argument_parser.defaults.DefaultArgumentsDecorator object at 0x7f8b67feb4c0>)
[0.407s] Level 1:colcon.colcon_core.package_discovery:discover_packages(colcon_meta) check parameters
[0.407s] Level 1:colcon.colcon_core.package_discovery:discover_packages(recursive) check parameters
[0.407s] Level 1:colcon.colcon_core.package_discovery:discover_packages(ignore) check parameters
[0.407s] Level 1:colcon.colcon_core.package_discovery:discover_packages(path) check parameters
[0.407s] Level 1:colcon.colcon_core.package_discovery:discover_packages(colcon_meta) discover
[0.407s] Level 1:colcon.colcon_core.package_discovery:discover_packages(recursive) discover
[0.407s] INFO:colcon.colcon_core.package_discovery:Crawling recursively for packages in '/home/yahboom/TE3003B/simulation_workspace'
[0.407s] Level 1:colcon.colcon_core.package_identification:_identify(.) by extensions ['ignore', 'ignore_ament_install']
[0.407s] Level 1:colcon.colcon_core.package_identification:_identify(.) by extension 'ignore'
[0.407s] Level 1:colcon.colcon_core.package_identification:_identify(.) by extension 'ignore_ament_install'
[0.407s] Level 1:colcon.colcon_core.package_identification:_identify(.) by extensions ['colcon_pkg']
[0.407s] Level 1:colcon.colcon_core.package_identification:_identify(.) by extension 'colcon_pkg'
[0.408s] Level 1:colcon.colcon_core.package_identification:_identify(.) by extensions ['colcon_meta']
[0.408s] Level 1:colcon.colcon_core.package_identification:_identify(.) by extension 'colcon_meta'
[0.408s] Level 1:colcon.colcon_core.package_identification:_identify(.) by extensions ['ros']
[0.408s] Level 1:colcon.colcon_core.package_identification:_identify(.) by extension 'ros'
[0.437s] Level 1:colcon.colcon_core.package_identification:_identify(.) by extensions ['cmake', 'python']
[0.437s] Level 1:colcon.colcon_core.package_identification:_identify(.) by extension 'cmake'
[0.437s] Level 1:colcon.colcon_core.package_identification:_identify(.) by extension 'python'
[0.437s] Level 1:colcon.colcon_core.package_identification:_identify(.) by extensions ['python_setup_py']
[0.437s] Level 1:colcon.colcon_core.package_identification:_identify(.) by extension 'python_setup_py'
[0.437s] Level 1:colcon.colcon_core.package_identification:_identify(build) by extensions ['ignore', 'ignore_ament_install']
[0.437s] Level 1:colcon.colcon_core.package_identification:_identify(build) by extension 'ignore'
[0.437s] Level 1:colcon.colcon_core.package_identification:_identify(build) ignored
[0.437s] Level 1:colcon.colcon_core.package_identification:_identify(install) by extensions ['ignore', 'ignore_ament_install']
[0.437s] Level 1:colcon.colcon_core.package_identification:_identify(install) by extension 'ignore'
[0.437s] Level 1:colcon.colcon_core.package_identification:_identify(install) ignored
[0.438s] Level 1:colcon.colcon_core.package_identification:_identify(log) by extensions ['ignore', 'ignore_ament_install']
[0.438s] Level 1:colcon.colcon_core.package_identification:_identify(log) by extension 'ignore'
[0.438s] Level 1:colcon.colcon_core.package_identification:_identify(log) ignored
[0.438s] Level 1:colcon.colcon_core.package_identification:_identify(src) by extensions ['ignore', 'ignore_ament_install']
[0.438s] Level 1:colcon.colcon_core.package_identification:_identify(src) by extension 'ignore'
[0.438s] Level 1:colcon.colcon_core.package_identification:_identify(src) by extension 'ignore_ament_install'
[0.438s] Level 1:colcon.colcon_core.package_identification:_identify(src) by extensions ['colcon_pkg']
[0.438s] Level 1:colcon.colcon_core.package_identification:_identify(src) by extension 'colcon_pkg'
[0.438s] Level 1:colcon.colcon_core.package_identification:_identify(src) by extensions ['colcon_meta']
[0.438s] Level 1:colcon.colcon_core.package_identification:_identify(src) by extension 'colcon_meta'
[0.438s] Level 1:colcon.colcon_core.package_identification:_identify(src) by extensions ['ros']
[0.438s] Level 1:colcon.colcon_core.package_identification:_identify(src) by extension 'ros'
[0.438s] Level 1:colcon.colcon_core.package_identification:_identify(src) by extensions ['cmake', 'python']
[0.438s] Level 1:colcon.colcon_core.package_identification:_identify(src) by extension 'cmake'
[0.438s] Level 1:colcon.colcon_core.package_identification:_identify(src) by extension 'python'
[0.438s] Level 1:colcon.colcon_core.package_identification:_identify(src) by extensions ['python_setup_py']
[0.438s] Level 1:colcon.colcon_core.package_identification:_identify(src) by extension 'python_setup_py'
[0.439s] Level 1:colcon.colcon_core.package_identification:_identify(src/s7_py_robot_task_monitoring) by extensions ['ignore', 'ignore_ament_install']
[0.439s] Level 1:colcon.colcon_core.package_identification:_identify(src/s7_py_robot_task_monitoring) by extension 'ignore'
[0.439s] Level 1:colcon.colcon_core.package_identification:_identify(src/s7_py_robot_task_monitoring) by extension 'ignore_ament_install'
[0.439s] Level 1:colcon.colcon_core.package_identification:_identify(src/s7_py_robot_task_monitoring) by extensions ['colcon_pkg']
[0.439s] Level 1:colcon.colcon_core.package_identification:_identify(src/s7_py_robot_task_monitoring) by extension 'colcon_pkg'
[0.439s] Level 1:colcon.colcon_core.package_identification:_identify(src/s7_py_robot_task_monitoring) by extensions ['colcon_meta']
[0.439s] Level 1:colcon.colcon_core.package_identification:_identify(src/s7_py_robot_task_monitoring) by extension 'colcon_meta'
[0.439s] Level 1:colcon.colcon_core.package_identification:_identify(src/s7_py_robot_task_monitoring) by extensions ['ros']
[0.439s] Level 1:colcon.colcon_core.package_identification:_identify(src/s7_py_robot_task_monitoring) by extension 'ros'
[0.442s] DEBUG:colcon.colcon_core.package_identification:Package 'src/s7_py_robot_task_monitoring' with type 'ros.ament_python' and name 's7_py_robot_task_monitoring'
[0.442s] Level 1:colcon.colcon_core.package_identification:_identify(src/s7_py_task_manager) by extensions ['ignore', 'ignore_ament_install']
[0.442s] Level 1:colcon.colcon_core.package_identification:_identify(src/s7_py_task_manager) by extension 'ignore'
[0.442s] Level 1:colcon.colcon_core.package_identification:_identify(src/s7_py_task_manager) by extension 'ignore_ament_install'
[0.442s] Level 1:colcon.colcon_core.package_identification:_identify(src/s7_py_task_manager) by extensions ['colcon_pkg']
[0.442s] Level 1:colcon.colcon_core.package_identification:_identify(src/s7_py_task_manager) by extension 'colcon_pkg'
[0.443s] Level 1:colcon.colcon_core.package_identification:_identify(src/s7_py_task_manager) by extensions ['colcon_meta']
[0.443s] Level 1:colcon.colcon_core.package_identification:_identify(src/s7_py_task_manager) by extension 'colcon_meta'
[0.443s] Level 1:colcon.colcon_core.package_identification:_identify(src/s7_py_task_manager) by extensions ['ros']
[0.443s] Level 1:colcon.colcon_core.package_identification:_identify(src/s7_py_task_manager) by extension 'ros'
[0.443s] DEBUG:colcon.colcon_core.package_identification:Package 'src/s7_py_task_manager' with type 'ros.ament_python' and name 's7_py_task_manager'
[0.444s] Level 1:colcon.colcon_core.package_identification:_identify(src/s7_robot_network_interface) by extensions ['ignore', 'ignore_ament_install']
[0.444s] Level 1:colcon.colcon_core.package_identification:_identify(src/s7_robot_network_interface) by extension 'ignore'
[0.444s] Level 1:colcon.colcon_core.package_identification:_identify(src/s7_robot_network_interface) by extension 'ignore_ament_install'
[0.444s] Level 1:colcon.colcon_core.package_identification:_identify(src/s7_robot_network_interface) by extensions ['colcon_pkg']
[0.444s] Level 1:colcon.colcon_core.package_identification:_identify(src/s7_robot_network_interface) by extension 'colcon_pkg'
[0.444s] Level 1:colcon.colcon_core.package_identification:_identify(src/s7_robot_network_interface) by extensions ['colcon_meta']
[0.444s] Level 1:colcon.colcon_core.package_identification:_identify(src/s7_robot_network_interface) by extension 'colcon_meta'
[0.444s] Level 1:colcon.colcon_core.package_identification:_identify(src/s7_robot_network_interface) by extensions ['ros']
[0.444s] Level 1:colcon.colcon_core.package_identification:_identify(src/s7_robot_network_interface) by extension 'ros'
[0.445s] DEBUG:colcon.colcon_core.package_identification:Package 'src/s7_robot_network_interface' with type 'ros.ament_cmake' and name 's7_robot_network_interface'
[0.445s] Level 1:colcon.colcon_core.package_identification:_identify(src/s8_py_slam) by extensions ['ignore', 'ignore_ament_install']
[0.445s] Level 1:colcon.colcon_core.package_identification:_identify(src/s8_py_slam) by extension 'ignore'
[0.445s] Level 1:colcon.colcon_core.package_identification:_identify(src/s8_py_slam) by extension 'ignore_ament_install'
[0.445s] Level 1:colcon.colcon_core.package_identification:_identify(src/s8_py_slam) by extensions ['colcon_pkg']
[0.445s] Level 1:colcon.colcon_core.package_identification:_identify(src/s8_py_slam) by extension 'colcon_pkg'
[0.445s] Level 1:colcon.colcon_core.package_identification:_identify(src/s8_py_slam) by extensions ['colcon_meta']
[0.445s] Level 1:colcon.colcon_core.package_identification:_identify(src/s8_py_slam) by extension 'colcon_meta'
[0.445s] Level 1:colcon.colcon_core.package_identification:_identify(src/s8_py_slam) by extensions ['ros']
[0.445s] Level 1:colcon.colcon_core.package_identification:_identify(src/s8_py_slam) by extension 'ros'
[0.446s] DEBUG:colcon.colcon_core.package_identification:Package 'src/s8_py_slam' with type 'ros.ament_python' and name 's8_py_slam'
[0.446s] Level 1:colcon.colcon_core.package_discovery:discover_packages(recursive) using defaults
[0.446s] Level 1:colcon.colcon_core.package_discovery:discover_packages(ignore) discover
[0.447s] Level 1:colcon.colcon_core.package_discovery:discover_packages(ignore) using defaults
[0.447s] Level 1:colcon.colcon_core.package_discovery:discover_packages(path) discover
[0.447s] Level 1:colcon.colcon_core.package_discovery:discover_packages(path) using defaults
[0.472s] INFO:colcon.colcon_core.package_selection:Skipping not selected package 's7_robot_network_interface' in 'src/s7_robot_network_interface'
[0.472s] INFO:colcon.colcon_core.package_selection:Skipping not selected package 's7_py_robot_task_monitoring' in 'src/s7_py_robot_task_monitoring'
[0.472s] INFO:colcon.colcon_core.package_selection:Skipping not selected package 's7_py_task_manager' in 'src/s7_py_task_manager'
[0.472s] Level 1:colcon.colcon_core.package_discovery:discover_packages(prefix_path) check parameters
[0.472s] Level 1:colcon.colcon_core.package_discovery:discover_packages(prefix_path) discover
[0.478s] DEBUG:colcon.colcon_installed_package_information.package_discovery:Found 4 installed packages in /home/yahboom/TE3003B/simulation_workspace/install
[0.479s] DEBUG:colcon.colcon_installed_package_information.package_discovery:Found 10 installed packages in /home/yahboom/TE3003B/workspace/install
[0.480s] DEBUG:colcon.colcon_installed_package_information.package_discovery:Found 4 installed packages in /home/yahboom/dev_ws/install
[0.482s] DEBUG:colcon.colcon_installed_package_information.package_discovery:Found 13 installed packages in /home/yahboom/yahboomcar_ros2_ws/software/library_ws/install
[0.483s] DEBUG:colcon.colcon_installed_package_information.package_discovery:Found 18 installed packages in /home/yahboom/yahboomcar_ros2_ws/yahboomcar_ws/install
[0.486s] DEBUG:colcon.colcon_installed_package_information.package_discovery:Found 348 installed packages in /opt/ros/foxy
[0.488s] Level 1:colcon.colcon_core.package_discovery:discover_packages(prefix_path) using defaults
[0.582s] Level 5:colcon.colcon_core.verb:set package 's8_py_slam' build argument 'cmake_args' from command line to 'None'
[0.583s] Level 5:colcon.colcon_core.verb:set package 's8_py_slam' build argument 'cmake_target' from command line to 'None'
[0.583s] Level 5:colcon.colcon_core.verb:set package 's8_py_slam' build argument 'cmake_target_skip_unavailable' from command line to 'False'
[0.583s] Level 5:colcon.colcon_core.verb:set package 's8_py_slam' build argument 'cmake_clean_cache' from command line to 'False'
[0.583s] Level 5:colcon.colcon_core.verb:set package 's8_py_slam' build argument 'cmake_clean_first' from command line to 'False'
[0.583s] Level 5:colcon.colcon_core.verb:set package 's8_py_slam' build argument 'cmake_force_configure' from command line to 'False'
[0.583s] Level 5:colcon.colcon_core.verb:set package 's8_py_slam' build argument 'ament_cmake_args' from command line to 'None'
[0.583s] Level 5:colcon.colcon_core.verb:set package 's8_py_slam' build argument 'catkin_cmake_args' from command line to 'None'
[0.583s] Level 5:colcon.colcon_core.verb:set package 's8_py_slam' build argument 'catkin_skip_building_tests' from command line to 'False'
[0.583s] DEBUG:colcon.colcon_core.verb:Building package 's8_py_slam' with the following arguments: {'ament_cmake_args': None, 'build_base': '/home/yahboom/TE3003B/simulation_workspace/build/s8_py_slam', 'catkin_cmake_args': None, 'catkin_skip_building_tests': False, 'cmake_args': None, 'cmake_clean_cache': False, 'cmake_clean_first': False, 'cmake_force_configure': False, 'cmake_target': None, 'cmake_target_skip_unavailable': False, 'install_base': '/home/yahboom/TE3003B/simulation_workspace/install/s8_py_slam', 'merge_install': False, 'path': '/home/yahboom/TE3003B/simulation_workspace/src/s8_py_slam', 'symlink_install': False, 'test_result_base': None}
[0.584s] INFO:colcon.colcon_core.executor:Executing jobs using 'parallel' executor
[0.588s] DEBUG:colcon.colcon_parallel_executor.executor.parallel:run_until_complete
[0.588s] INFO:colcon.colcon_ros.task.ament_python.build:Building ROS package in '/home/yahboom/TE3003B/simulation_workspace/src/s8_py_slam' with build type 'ament_python'
[0.589s] Level 1:colcon.colcon_core.shell:create_environment_hook('s8_py_slam', 'ament_prefix_path')
[0.595s] INFO:colcon.colcon_core.plugin_system:Skipping extension 'colcon_core.shell.bat': Not used on non-Windows systems
[0.595s] INFO:colcon.colcon_core.shell:Creating environment hook '/home/yahboom/TE3003B/simulation_workspace/install/s8_py_slam/share/s8_py_slam/hook/ament_prefix_path.ps1'
[0.596s] INFO:colcon.colcon_core.shell:Creating environment descriptor '/home/yahboom/TE3003B/simulation_workspace/install/s8_py_slam/share/s8_py_slam/hook/ament_prefix_path.dsv'
[0.596s] INFO:colcon.colcon_core.shell:Creating environment hook '/home/yahboom/TE3003B/simulation_workspace/install/s8_py_slam/share/s8_py_slam/hook/ament_prefix_path.sh'
[0.599s] INFO:colcon.colcon_core.shell:Skip shell extension 'powershell' for command environment: Not usable outside of PowerShell
[0.599s] DEBUG:colcon.colcon_core.shell:Skip shell extension 'dsv' for command environment
[0.915s] INFO:colcon.colcon_core.task.python.build:Building Python package in '/home/yahboom/TE3003B/simulation_workspace/src/s8_py_slam'
[0.918s] INFO:colcon.colcon_core.shell:Skip shell extension 'powershell' for command environment: Not usable outside of PowerShell
[0.918s] DEBUG:colcon.colcon_core.shell:Skip shell extension 'dsv' for command environment
[1.414s] DEBUG:colcon.colcon_core.event_handler.log_command:Invoking command in '/home/yahboom/TE3003B/simulation_workspace/src/s8_py_slam': PYTHONPATH=/home/yahboom/TE3003B/simulation_workspace/build/s8_py_slam/prefix_override:/home/yahboom/TE3003B/simulation_workspace/install/s8_py_slam/lib/python3.8/site-packages:${PYTHONPATH} /usr/bin/python3 setup.py egg_info --egg-base ../../build/s8_py_slam build --build-base /home/yahboom/TE3003B/simulation_workspace/build/s8_py_slam/build install --record /home/yahboom/TE3003B/simulation_workspace/build/s8_py_slam/install.log --single-version-externally-managed
[1.798s] DEBUG:colcon.colcon_core.event_handler.log_command:Invoked command in '/home/yahboom/TE3003B/simulation_workspace/src/s8_py_slam' returned '0': PYTHONPATH=/home/yahboom/TE3003B/simulation_workspace/build/s8_py_slam/prefix_override:/home/yahboom/TE3003B/simulation_workspace/install/s8_py_slam/lib/python3.8/site-packages:${PYTHONPATH} /usr/bin/python3 setup.py egg_info --egg-base ../../build/s8_py_slam build --build-base /home/yahboom/TE3003B/simulation_workspace/build/s8_py_slam/build install --record /home/yahboom/TE3003B/simulation_workspace/build/s8_py_slam/install.log --single-version-externally-managed
[1.805s] Level 1:colcon.colcon_core.environment:checking '/home/yahboom/TE3003B/simulation_workspace/install/s8_py_slam' for CMake module files
[1.806s] Level 1:colcon.colcon_core.environment:checking '/home/yahboom/TE3003B/simulation_workspace/install/s8_py_slam' for CMake config files
[1.807s] Level 1:colcon.colcon_core.environment:checking '/home/yahboom/TE3003B/simulation_workspace/install/s8_py_slam/lib'
[1.808s] Level 1:colcon.colcon_core.environment:checking '/home/yahboom/TE3003B/simulation_workspace/install/s8_py_slam/bin'
[1.808s] Level 1:colcon.colcon_core.environment:checking '/home/yahboom/TE3003B/simulation_workspace/install/s8_py_slam/lib/pkgconfig/s8_py_slam.pc'
[1.809s] Level 1:colcon.colcon_core.environment:checking '/home/yahboom/TE3003B/simulation_workspace/install/s8_py_slam/lib/python3.8/site-packages'
[1.809s] Level 1:colcon.colcon_core.shell:create_environment_hook('s8_py_slam', 'pythonpath')
[1.810s] INFO:colcon.colcon_core.shell:Creating environment hook '/home/yahboom/TE3003B/simulation_workspace/install/s8_py_slam/share/s8_py_slam/hook/pythonpath.ps1'
[1.811s] INFO:colcon.colcon_core.shell:Creating environment descriptor '/home/yahboom/TE3003B/simulation_workspace/install/s8_py_slam/share/s8_py_slam/hook/pythonpath.dsv'
[1.812s] INFO:colcon.colcon_core.shell:Creating environment hook '/home/yahboom/TE3003B/simulation_workspace/install/s8_py_slam/share/s8_py_slam/hook/pythonpath.sh'
[1.812s] Level 1:colcon.colcon_core.environment:checking '/home/yahboom/TE3003B/simulation_workspace/install/s8_py_slam/bin'
[1.812s] Level 1:colcon.colcon_core.environment:create_environment_scripts_only(s8_py_slam)
[1.814s] INFO:colcon.colcon_core.shell:Creating package script '/home/yahboom/TE3003B/simulation_workspace/install/s8_py_slam/share/s8_py_slam/package.ps1'
[1.815s] INFO:colcon.colcon_core.shell:Creating package descriptor '/home/yahboom/TE3003B/simulation_workspace/install/s8_py_slam/share/s8_py_slam/package.dsv'
[1.816s] INFO:colcon.colcon_core.shell:Creating package script '/home/yahboom/TE3003B/simulation_workspace/install/s8_py_slam/share/s8_py_slam/package.sh'
[1.817s] INFO:colcon.colcon_core.shell:Creating package script '/home/yahboom/TE3003B/simulation_workspace/install/s8_py_slam/share/s8_py_slam/package.bash'
[1.818s] INFO:colcon.colcon_core.shell:Creating package script '/home/yahboom/TE3003B/simulation_workspace/install/s8_py_slam/share/s8_py_slam/package.zsh'
[1.818s] Level 1:colcon.colcon_core.environment:create_file_with_runtime_dependencies(/home/yahboom/TE3003B/simulation_workspace/install/s8_py_slam/share/colcon-core/packages/s8_py_slam)
[1.819s] DEBUG:colcon.colcon_parallel_executor.executor.parallel:closing loop
[1.820s] DEBUG:colcon.colcon_parallel_executor.executor.parallel:loop closed
[1.821s] DEBUG:colcon.colcon_parallel_executor.executor.parallel:run_until_complete finished with '0'
[1.821s] DEBUG:colcon.colcon_core.event_reactor:joining thread
[1.829s] INFO:colcon.colcon_core.plugin_system:Skipping extension 'colcon_notification.desktop_notification.terminal_notifier': Not used on non-Darwin systems
[1.829s] INFO:colcon.colcon_core.plugin_system:Skipping extension 'colcon_notification.desktop_notification.win32': Not used on non-Windows systems
[1.830s] INFO:colcon.colcon_notification.desktop_notification:Sending desktop notification using 'notify2'
[1.848s] DEBUG:colcon.colcon_core.event_reactor:joined thread
[1.850s] INFO:colcon.colcon_core.shell:Creating prefix script '/home/yahboom/TE3003B/simulation_workspace/install/local_setup.ps1'
[1.851s] INFO:colcon.colcon_core.shell:Creating prefix util module '/home/yahboom/TE3003B/simulation_workspace/install/_local_setup_util_ps1.py'
[1.855s] INFO:colcon.colcon_core.shell:Creating prefix chain script '/home/yahboom/TE3003B/simulation_workspace/install/setup.ps1'
[1.861s] INFO:colcon.colcon_core.shell:Creating prefix script '/home/yahboom/TE3003B/simulation_workspace/install/local_setup.sh'
[1.862s] INFO:colcon.colcon_core.shell:Creating prefix util module '/home/yahboom/TE3003B/simulation_workspace/install/_local_setup_util_sh.py'
[1.863s] INFO:colcon.colcon_core.shell:Creating prefix chain script '/home/yahboom/TE3003B/simulation_workspace/install/setup.sh'
[1.868s] INFO:colcon.colcon_core.shell:Creating prefix script '/home/yahboom/TE3003B/simulation_workspace/install/local_setup.bash'
[1.870s] INFO:colcon.colcon_core.shell:Creating prefix chain script '/home/yahboom/TE3003B/simulation_workspace/install/setup.bash'
[1.875s] INFO:colcon.colcon_core.shell:Creating prefix script '/home/yahboom/TE3003B/simulation_workspace/install/local_setup.zsh'
[1.876s] INFO:colcon.colcon_core.shell:Creating prefix chain script '/home/yahboom/TE3003B/simulation_workspace/install/setup.zsh'
