[1.029s] Invoking command in '/home/yahboom/TE3003B/workspace/my_package': PYTHONPATH=/home/yahboom/TE3003B/workspace/build/my_package/prefix_override:/home/yahboom/TE3003B/workspace/install/my_package/lib/python3.8/site-packages:${PYTHONPATH} /usr/bin/python3 setup.py egg_info --egg-base ../build/my_package build --build-base /home/yahboom/TE3003B/workspace/build/my_package/build install --record /home/yahboom/TE3003B/workspace/build/my_package/install.log --install-scripts $base/lib/my_package --single-version-externally-managed
[1.295s] running egg_info
[1.295s] creating ../build/my_package/my_package.egg-info
[1.296s] writing ../build/my_package/my_package.egg-info/PKG-INFO
[1.296s] writing dependency_links to ../build/my_package/my_package.egg-info/dependency_links.txt
[1.296s] writing entry points to ../build/my_package/my_package.egg-info/entry_points.txt
[1.296s] writing requirements to ../build/my_package/my_package.egg-info/requires.txt
[1.296s] writing top-level names to ../build/my_package/my_package.egg-info/top_level.txt
[1.313s] writing manifest file '../build/my_package/my_package.egg-info/SOURCES.txt'
[1.348s] reading manifest file '../build/my_package/my_package.egg-info/SOURCES.txt'
[1.348s] writing manifest file '../build/my_package/my_package.egg-info/SOURCES.txt'
[1.349s] running build
[1.349s] running build_py
[1.349s] creating /home/yahboom/TE3003B/workspace/build/my_package/build
[1.350s] creating /home/yahboom/TE3003B/workspace/build/my_package/build/lib
[1.350s] creating /home/yahboom/TE3003B/workspace/build/my_package/build/lib/my_package
[1.350s] copying my_package/planner_node.py -> /home/yahboom/TE3003B/workspace/build/my_package/build/lib/my_package
[1.350s] copying my_package/__init__.py -> /home/yahboom/TE3003B/workspace/build/my_package/build/lib/my_package
[1.350s] running install
[1.351s] running install_lib
[1.352s] creating /home/yahboom/TE3003B/workspace/install/my_package/lib/python3.8/site-packages/my_package
[1.352s] copying /home/yahboom/TE3003B/workspace/build/my_package/build/lib/my_package/planner_node.py -> /home/yahboom/TE3003B/workspace/install/my_package/lib/python3.8/site-packages/my_package
[1.353s] copying /home/yahboom/TE3003B/workspace/build/my_package/build/lib/my_package/__init__.py -> /home/yahboom/TE3003B/workspace/install/my_package/lib/python3.8/site-packages/my_package
[1.356s] byte-compiling /home/yahboom/TE3003B/workspace/install/my_package/lib/python3.8/site-packages/my_package/planner_node.py to planner_node.cpython-38.pyc
[1.358s] byte-compiling /home/yahboom/TE3003B/workspace/install/my_package/lib/python3.8/site-packages/my_package/__init__.py to __init__.cpython-38.pyc
[1.358s] running install_data
[1.358s] creating /home/yahboom/TE3003B/workspace/install/my_package/share/ament_index
[1.359s] creating /home/yahboom/TE3003B/workspace/install/my_package/share/ament_index/resource_index
[1.359s] creating /home/yahboom/TE3003B/workspace/install/my_package/share/ament_index/resource_index/packages
[1.359s] copying resource/my_package -> /home/yahboom/TE3003B/workspace/install/my_package/share/ament_index/resource_index/packages
[1.359s] copying package.xml -> /home/yahboom/TE3003B/workspace/install/my_package/share/my_package
[1.359s] running install_egg_info
[1.361s] Copying ../build/my_package/my_package.egg-info to /home/yahboom/TE3003B/workspace/install/my_package/lib/python3.8/site-packages/my_package-0.0.0-py3.8.egg-info
[1.362s] running install_scripts
[1.382s] Installing planner_node script to /home/yahboom/TE3003B/workspace/install/my_package/lib/my_package
[1.382s] writing list of installed files to '/home/yahboom/TE3003B/workspace/build/my_package/install.log'
[1.405s] Invoked command in '/home/yahboom/TE3003B/workspace/my_package' returned '0': PYTHONPATH=/home/yahboom/TE3003B/workspace/build/my_package/prefix_override:/home/yahboom/TE3003B/workspace/install/my_package/lib/python3.8/site-packages:${PYTHONPATH} /usr/bin/python3 setup.py egg_info --egg-base ../build/my_package build --build-base /home/yahboom/TE3003B/workspace/build/my_package/build install --record /home/yahboom/TE3003B/workspace/build/my_package/install.log --install-scripts $base/lib/my_package --single-version-externally-managed
