/home/yahboom/TE3003B/simulation_workspace/install/s7_py_robot_task_monitoring/lib/python3.8/site-packages/s7_py_robot_task_monitoring/robots.py
/home/yahboom/TE3003B/simulation_workspace/install/s7_py_robot_task_monitoring/lib/python3.8/site-packages/s7_py_robot_task_monitoring/robot_status_logger.py
/home/yahboom/TE3003B/simulation_workspace/install/s7_py_robot_task_monitoring/lib/python3.8/site-packages/s7_py_robot_task_monitoring/__init__.py
/home/yahboom/TE3003B/simulation_workspace/install/s7_py_robot_task_monitoring/lib/python3.8/site-packages/s7_py_robot_task_monitoring/cylinders.py
/home/yahboom/TE3003B/simulation_workspace/install/s7_py_robot_task_monitoring/lib/python3.8/site-packages/s7_py_robot_task_monitoring/__pycache__/robots.cpython-38.pyc
/home/yahboom/TE3003B/simulation_workspace/install/s7_py_robot_task_monitoring/lib/python3.8/site-packages/s7_py_robot_task_monitoring/__pycache__/robot_status_logger.cpython-38.pyc
/home/yahboom/TE3003B/simulation_workspace/install/s7_py_robot_task_monitoring/lib/python3.8/site-packages/s7_py_robot_task_monitoring/__pycache__/__init__.cpython-38.pyc
/home/yahboom/TE3003B/simulation_workspace/install/s7_py_robot_task_monitoring/lib/python3.8/site-packages/s7_py_robot_task_monitoring/__pycache__/cylinders.cpython-38.pyc
/home/yahboom/TE3003B/simulation_workspace/install/s7_py_robot_task_monitoring/share/ament_index/resource_index/packages/s7_py_robot_task_monitoring
/home/yahboom/TE3003B/simulation_workspace/install/s7_py_robot_task_monitoring/share/s7_py_robot_task_monitoring/package.xml
/home/yahboom/TE3003B/simulation_workspace/install/s7_py_robot_task_monitoring/share/s7_py_robot_task_monitoring/meshes/right_back_wheel.STL
/home/yahboom/TE3003B/simulation_workspace/install/s7_py_robot_task_monitoring/share/s7_py_robot_task_monitoring/meshes/left_front_wheel.STL
/home/yahboom/TE3003B/simulation_workspace/install/s7_py_robot_task_monitoring/share/s7_py_robot_task_monitoring/meshes/right_front_wheel.STL
/home/yahboom/TE3003B/simulation_workspace/install/s7_py_robot_task_monitoring/share/s7_py_robot_task_monitoring/meshes/camera_link.STL
/home/yahboom/TE3003B/simulation_workspace/install/s7_py_robot_task_monitoring/share/s7_py_robot_task_monitoring/meshes/camera2_link.STL
/home/yahboom/TE3003B/simulation_workspace/install/s7_py_robot_task_monitoring/share/s7_py_robot_task_monitoring/meshes/base_link.STL
/home/yahboom/TE3003B/simulation_workspace/install/s7_py_robot_task_monitoring/share/s7_py_robot_task_monitoring/meshes/lidar_link.STL
/home/yahboom/TE3003B/simulation_workspace/install/s7_py_robot_task_monitoring/share/s7_py_robot_task_monitoring/meshes/left_back_wheel.STL
/home/yahboom/TE3003B/simulation_workspace/install/s7_py_robot_task_monitoring/share/s7_py_robot_task_monitoring/meshes/imu_link.STL
/home/yahboom/TE3003B/simulation_workspace/install/s7_py_robot_task_monitoring/share/s7_py_robot_task_monitoring/urdf/robot1.urdf
/home/yahboom/TE3003B/simulation_workspace/install/s7_py_robot_task_monitoring/share/s7_py_robot_task_monitoring/urdf/cylinder4.urdf
/home/yahboom/TE3003B/simulation_workspace/install/s7_py_robot_task_monitoring/share/s7_py_robot_task_monitoring/urdf/robot2.urdf
/home/yahboom/TE3003B/simulation_workspace/install/s7_py_robot_task_monitoring/share/s7_py_robot_task_monitoring/urdf/cylinder7.urdf
/home/yahboom/TE3003B/simulation_workspace/install/s7_py_robot_task_monitoring/share/s7_py_robot_task_monitoring/urdf/cylinder6.urdf
/home/yahboom/TE3003B/simulation_workspace/install/s7_py_robot_task_monitoring/share/s7_py_robot_task_monitoring/urdf/cylinder2.urdf
/home/yahboom/TE3003B/simulation_workspace/install/s7_py_robot_task_monitoring/share/s7_py_robot_task_monitoring/urdf/cylinder8.urdf
/home/yahboom/TE3003B/simulation_workspace/install/s7_py_robot_task_monitoring/share/s7_py_robot_task_monitoring/urdf/robot3.urdf
/home/yahboom/TE3003B/simulation_workspace/install/s7_py_robot_task_monitoring/share/s7_py_robot_task_monitoring/urdf/cylinder1.urdf
/home/yahboom/TE3003B/simulation_workspace/install/s7_py_robot_task_monitoring/share/s7_py_robot_task_monitoring/urdf/cylinder3.urdf
/home/yahboom/TE3003B/simulation_workspace/install/s7_py_robot_task_monitoring/share/s7_py_robot_task_monitoring/urdf/cylinder5.urdf
/home/yahboom/TE3003B/simulation_workspace/install/s7_py_robot_task_monitoring/share/s7_py_robot_task_monitoring/urdf/robot4.urdf
/home/yahboom/TE3003B/simulation_workspace/install/s7_py_robot_task_monitoring/share/s7_py_robot_task_monitoring/rviz/robot_network.rviz
/home/yahboom/TE3003B/simulation_workspace/install/s7_py_robot_task_monitoring/share/s7_py_robot_task_monitoring/launch/robot_network_launch.py
/home/yahboom/TE3003B/simulation_workspace/install/s7_py_robot_task_monitoring/lib/python3.8/site-packages/s7_py_robot_task_monitoring-0.0.0-py3.8.egg-info/top_level.txt
/home/yahboom/TE3003B/simulation_workspace/install/s7_py_robot_task_monitoring/lib/python3.8/site-packages/s7_py_robot_task_monitoring-0.0.0-py3.8.egg-info/zip-safe
/home/yahboom/TE3003B/simulation_workspace/install/s7_py_robot_task_monitoring/lib/python3.8/site-packages/s7_py_robot_task_monitoring-0.0.0-py3.8.egg-info/entry_points.txt
/home/yahboom/TE3003B/simulation_workspace/install/s7_py_robot_task_monitoring/lib/python3.8/site-packages/s7_py_robot_task_monitoring-0.0.0-py3.8.egg-info/dependency_links.txt
/home/yahboom/TE3003B/simulation_workspace/install/s7_py_robot_task_monitoring/lib/python3.8/site-packages/s7_py_robot_task_monitoring-0.0.0-py3.8.egg-info/SOURCES.txt
/home/yahboom/TE3003B/simulation_workspace/install/s7_py_robot_task_monitoring/lib/python3.8/site-packages/s7_py_robot_task_monitoring-0.0.0-py3.8.egg-info/PKG-INFO
/home/yahboom/TE3003B/simulation_workspace/install/s7_py_robot_task_monitoring/lib/python3.8/site-packages/s7_py_robot_task_monitoring-0.0.0-py3.8.egg-info/requires.txt
/home/yahboom/TE3003B/simulation_workspace/install/s7_py_robot_task_monitoring/lib/s7_py_robot_task_monitoring/cylinders_exe
/home/yahboom/TE3003B/simulation_workspace/install/s7_py_robot_task_monitoring/lib/s7_py_robot_task_monitoring/robot_status_logger_exe
/home/yahboom/TE3003B/simulation_workspace/install/s7_py_robot_task_monitoring/lib/s7_py_robot_task_monitoring/robots_exe
