-- The C compiler identification is GNU 9.4.0
-- The CXX compiler identification is GNU 9.4.0
-- Check for working C compiler: /usr/bin/cc
-- Check for working C compiler: /usr/bin/cc -- works
-- Detecting C compiler ABI info
-- Detecting C compiler ABI info - done
-- Detecting C compile features
-- Detecting C compile features - done
-- Check for working CXX compiler: /usr/bin/c++
-- Check for working CXX compiler: /usr/bin/c++ -- works
-- Detecting CXX compiler ABI info
-- Detecting CXX compiler ABI info - done
-- Detecting CXX compile features
-- Detecting CXX compile features - done
-- Found ament_cmake: 0.9.11 (/opt/ros/foxy/share/ament_cmake/cmake)
-- Found PythonInterp: /usr/bin/python3 (found suitable version "3.8.10", minimum required is "3") 
-- Using PYTHON_EXECUTABLE: /usr/bin/python3
-- Found builtin_interfaces: 1.0.0 (/opt/ros/foxy/share/builtin_interfaces/cmake)
-- Using all available rosidl_typesupport_c: rosidl_typesupport_fastrtps_c;rosidl_typesupport_introspection_c
-- Found rosidl_adapter: 1.3.0 (/opt/ros/foxy/share/rosidl_adapter/cmake)
-- Found OpenSSL: /usr/lib/x86_64-linux-gnu/libcrypto.so (found version "1.1.1f")  
-- Found FastRTPS: /opt/ros/foxy/include  
-- Using all available rosidl_typesupport_cpp: rosidl_typesupport_fastrtps_cpp;rosidl_typesupport_introspection_cpp
-- Found geometry_msgs: 2.0.5 (/opt/ros/foxy/share/geometry_msgs/cmake)
-- Found rosidl_default_generators: 1.0.1 (/opt/ros/foxy/share/rosidl_default_generators/cmake)
-- Found PythonInterp: /usr/bin/python3 (found version "3.8.10") 
-- Found ament_cmake_ros: 0.9.2 (/opt/ros/foxy/share/ament_cmake_ros/cmake)
-- Using all available rosidl_typesupport_c: rosidl_typesupport_fastrtps_c;rosidl_typesupport_introspection_c
-- Using all available rosidl_typesupport_cpp: rosidl_typesupport_fastrtps_cpp;rosidl_typesupport_introspection_cpp
-- Found PythonInterp: /usr/bin/python3 (found suitable version "3.8.10", minimum required is "3.5") 
-- Found python_cmake_module: 0.8.1 (/opt/ros/foxy/share/python_cmake_module/cmake)
-- Found PythonLibs: /usr/lib/x86_64-linux-gnu/libpython3.8.so (found suitable version "3.8.10", minimum required is "3.5") 
-- Using PYTHON_EXECUTABLE: /usr/bin/python3
-- Using PYTHON_INCLUDE_DIRS: /usr/include/python3.8
-- Using PYTHON_LIBRARIES: /usr/lib/x86_64-linux-gnu/libpython3.8.so
-- Found PythonExtra: .so  
-- Found ament_lint_auto: 0.9.8 (/opt/ros/foxy/share/ament_lint_auto/cmake)
-- Added test 'lint_cmake' to check CMake code style
-- Added test 'xmllint' to check XML markup files
-- Configuring done
-- Generating done
-- Build files have been written to: /home/yahboom/TE3003B/simulation_workspace/build/s7_robot_network_interface
[35m[1mScanning dependencies of target s7_robot_network_interface__cpp[0m
[  2%] [34m[1mGenerating C code for ROS interfaces[0m
[  5%] [34m[1mGenerating C++ code for ROS interfaces[0m
[35m[1mScanning dependencies of target s7_robot_network_interface__rosidl_generator_c[0m
[  5%] Built target s7_robot_network_interface__cpp
[ 10%] [34m[1mGenerating C++ type support dispatch for ROS interfaces[0m
[ 10%] [34m[1mGenerating C++ introspection for ROS interfaces[0m
[ 15%] [34m[1mGenerating C++ type support for eProsima Fast-RTPS[0m
[ 15%] [32mBuilding C object CMakeFiles/s7_robot_network_interface__rosidl_generator_c.dir/rosidl_generator_c/s7_robot_network_interface/msg/detail/robot_status__functions.c.o[0m
[ 17%] [32mBuilding C object CMakeFiles/s7_robot_network_interface__rosidl_generator_c.dir/rosidl_generator_c/s7_robot_network_interface/srv/detail/get_two_poses__functions.c.o[0m
[ 20%] [32m[1mLinking C shared library libs7_robot_network_interface__rosidl_generator_c.so[0m
[35m[1mScanning dependencies of target s7_robot_network_interface__rosidl_typesupport_cpp[0m
[ 23%] [32mBuilding CXX object CMakeFiles/s7_robot_network_interface__rosidl_typesupport_cpp.dir/rosidl_typesupport_cpp/s7_robot_network_interface/msg/robot_status__type_support.cpp.o[0m
[35m[1mScanning dependencies of target s7_robot_network_interface__rosidl_typesupport_introspection_cpp[0m
[35m[1mScanning dependencies of target s7_robot_network_interface__rosidl_typesupport_fastrtps_cpp[0m
[ 23%] Built target s7_robot_network_interface__rosidl_generator_c
[ 25%] [32mBuilding CXX object CMakeFiles/s7_robot_network_interface__rosidl_typesupport_introspection_cpp.dir/rosidl_typesupport_introspection_cpp/s7_robot_network_interface/msg/detail/robot_status__type_support.cpp.o[0m
[ 28%] [32mBuilding CXX object CMakeFiles/s7_robot_network_interface__rosidl_typesupport_cpp.dir/rosidl_typesupport_cpp/s7_robot_network_interface/srv/get_two_poses__type_support.cpp.o[0m
[ 30%] [32mBuilding CXX object CMakeFiles/s7_robot_network_interface__rosidl_typesupport_fastrtps_cpp.dir/rosidl_typesupport_fastrtps_cpp/s7_robot_network_interface/msg/detail/dds_fastrtps/robot_status__type_support.cpp.o[0m
[ 33%] [32mBuilding CXX object CMakeFiles/s7_robot_network_interface__rosidl_typesupport_fastrtps_cpp.dir/rosidl_typesupport_fastrtps_cpp/s7_robot_network_interface/srv/detail/dds_fastrtps/get_two_poses__type_support.cpp.o[0m
[ 35%] [32m[1mLinking CXX shared library libs7_robot_network_interface__rosidl_typesupport_cpp.so[0m
[ 38%] [32mBuilding CXX object CMakeFiles/s7_robot_network_interface__rosidl_typesupport_introspection_cpp.dir/rosidl_typesupport_introspection_cpp/s7_robot_network_interface/srv/detail/get_two_poses__type_support.cpp.o[0m
[ 38%] Built target s7_robot_network_interface__rosidl_typesupport_cpp
[ 41%] [34m[1mGenerating C introspection for ROS interfaces[0m
[ 43%] [34m[1mGenerating C type support dispatch for ROS interfaces[0m
[ 46%] [32m[1mLinking CXX shared library libs7_robot_network_interface__rosidl_typesupport_introspection_cpp.so[0m
[ 48%] [32m[1mLinking CXX shared library libs7_robot_network_interface__rosidl_typesupport_fastrtps_cpp.so[0m
[35m[1mScanning dependencies of target s7_robot_network_interface__rosidl_typesupport_c[0m
[ 51%] [32mBuilding CXX object CMakeFiles/s7_robot_network_interface__rosidl_typesupport_c.dir/rosidl_typesupport_c/s7_robot_network_interface/msg/robot_status__type_support.cpp.o[0m
[35m[1mScanning dependencies of target s7_robot_network_interface__rosidl_typesupport_introspection_c[0m
[ 53%] [32mBuilding C object CMakeFiles/s7_robot_network_interface__rosidl_typesupport_introspection_c.dir/rosidl_typesupport_introspection_c/s7_robot_network_interface/msg/detail/robot_status__type_support.c.o[0m
[ 56%] [32mBuilding CXX object CMakeFiles/s7_robot_network_interface__rosidl_typesupport_c.dir/rosidl_typesupport_c/s7_robot_network_interface/srv/get_two_poses__type_support.cpp.o[0m
[ 56%] Built target s7_robot_network_interface__rosidl_typesupport_introspection_cpp
[ 58%] [32mBuilding C object CMakeFiles/s7_robot_network_interface__rosidl_typesupport_introspection_c.dir/rosidl_typesupport_introspection_c/s7_robot_network_interface/srv/detail/get_two_poses__type_support.c.o[0m
[ 58%] Built target s7_robot_network_interface__rosidl_typesupport_fastrtps_cpp
[ 61%] [32m[1mLinking CXX shared library libs7_robot_network_interface__rosidl_typesupport_c.so[0m
[ 64%] [34m[1mGenerating C type support for eProsima Fast-RTPS[0m
[ 66%] [32m[1mLinking C shared library libs7_robot_network_interface__rosidl_typesupport_introspection_c.so[0m
[ 66%] Built target s7_robot_network_interface__rosidl_typesupport_c
[ 66%] Built target s7_robot_network_interface__rosidl_typesupport_introspection_c
[35m[1mScanning dependencies of target s7_robot_network_interface__rosidl_typesupport_fastrtps_c[0m
[ 69%] [32mBuilding CXX object CMakeFiles/s7_robot_network_interface__rosidl_typesupport_fastrtps_c.dir/rosidl_typesupport_fastrtps_c/s7_robot_network_interface/msg/detail/robot_status__type_support_c.cpp.o[0m
[ 71%] [32mBuilding CXX object CMakeFiles/s7_robot_network_interface__rosidl_typesupport_fastrtps_c.dir/rosidl_typesupport_fastrtps_c/s7_robot_network_interface/srv/detail/get_two_poses__type_support_c.cpp.o[0m
[ 74%] [32m[1mLinking CXX shared library libs7_robot_network_interface__rosidl_typesupport_fastrtps_c.so[0m
[ 74%] Built target s7_robot_network_interface__rosidl_typesupport_fastrtps_c
[35m[1mScanning dependencies of target s7_robot_network_interface[0m
[ 74%] Built target s7_robot_network_interface
[35m[1mScanning dependencies of target s7_robot_network_interface__py[0m
[ 76%] [34m[1mGenerating Python code for ROS interfaces[0m
[ 76%] Built target s7_robot_network_interface__py
[35m[1mScanning dependencies of target s7_robot_network_interface__python[0m
[ 79%] [32mBuilding C object CMakeFiles/s7_robot_network_interface__python.dir/rosidl_generator_py/s7_robot_network_interface/msg/_robot_status_s.c.o[0m
[ 82%] [32mBuilding C object CMakeFiles/s7_robot_network_interface__python.dir/rosidl_generator_py/s7_robot_network_interface/srv/_get_two_poses_s.c.o[0m
[ 84%] [32m[1mLinking C shared library rosidl_generator_py/s7_robot_network_interface/libs7_robot_network_interface__python.so[0m
[ 84%] Built target s7_robot_network_interface__python
[35m[1mScanning dependencies of target s7_robot_network_interface__rosidl_typesupport_c__pyext[0m
[35m[1mScanning dependencies of target s7_robot_network_interface__rosidl_typesupport_fastrtps_c__pyext[0m
[35m[1mScanning dependencies of target s7_robot_network_interface__rosidl_typesupport_introspection_c__pyext[0m
[ 87%] [32mBuilding C object CMakeFiles/s7_robot_network_interface__rosidl_typesupport_introspection_c__pyext.dir/rosidl_generator_py/s7_robot_network_interface/_s7_robot_network_interface_s.ep.rosidl_typesupport_introspection_c.c.o[0m
[ 89%] [32mBuilding C object CMakeFiles/s7_robot_network_interface__rosidl_typesupport_c__pyext.dir/rosidl_generator_py/s7_robot_network_interface/_s7_robot_network_interface_s.ep.rosidl_typesupport_c.c.o[0m
[ 92%] [32mBuilding C object CMakeFiles/s7_robot_network_interface__rosidl_typesupport_fastrtps_c__pyext.dir/rosidl_generator_py/s7_robot_network_interface/_s7_robot_network_interface_s.ep.rosidl_typesupport_fastrtps_c.c.o[0m
[ 94%] [32m[1mLinking C shared library rosidl_generator_py/s7_robot_network_interface/s7_robot_network_interface_s__rosidl_typesupport_introspection_c.cpython-38-x86_64-linux-gnu.so[0m
[ 97%] [32m[1mLinking C shared library rosidl_generator_py/s7_robot_network_interface/s7_robot_network_interface_s__rosidl_typesupport_c.cpython-38-x86_64-linux-gnu.so[0m
[100%] [32m[1mLinking CXX shared library rosidl_generator_py/s7_robot_network_interface/s7_robot_network_interface_s__rosidl_typesupport_fastrtps_c.cpython-38-x86_64-linux-gnu.so[0m
[100%] Built target s7_robot_network_interface__rosidl_typesupport_c__pyext
[100%] Built target s7_robot_network_interface__rosidl_typesupport_introspection_c__pyext
[100%] Built target s7_robot_network_interface__rosidl_typesupport_fastrtps_c__pyext
-- Install configuration: ""
-- Installing: /home/yahboom/TE3003B/simulation_workspace/install/s7_robot_network_interface/share/ament_index/resource_index/rosidl_interfaces/s7_robot_network_interface
-- Installing: /home/yahboom/TE3003B/simulation_workspace/install/s7_robot_network_interface/include/s7_robot_network_interface
-- Installing: /home/yahboom/TE3003B/simulation_workspace/install/s7_robot_network_interface/include/s7_robot_network_interface/msg
-- Installing: /home/yahboom/TE3003B/simulation_workspace/install/s7_robot_network_interface/include/s7_robot_network_interface/msg/rosidl_generator_c__visibility_control.h
-- Installing: /home/yahboom/TE3003B/simulation_workspace/install/s7_robot_network_interface/include/s7_robot_network_interface/msg/detail
-- Installing: /home/yahboom/TE3003B/simulation_workspace/install/s7_robot_network_interface/include/s7_robot_network_interface/msg/detail/robot_status__functions.c
-- Installing: /home/yahboom/TE3003B/simulation_workspace/install/s7_robot_network_interface/include/s7_robot_network_interface/msg/detail/robot_status__struct.h
-- Installing: /home/yahboom/TE3003B/simulation_workspace/install/s7_robot_network_interface/include/s7_robot_network_interface/msg/detail/robot_status__type_support.h
-- Installing: /home/yahboom/TE3003B/simulation_workspace/install/s7_robot_network_interface/include/s7_robot_network_interface/msg/detail/robot_status__functions.h
-- Installing: /home/yahboom/TE3003B/simulation_workspace/install/s7_robot_network_interface/include/s7_robot_network_interface/msg/robot_status.h
-- Installing: /home/yahboom/TE3003B/simulation_workspace/install/s7_robot_network_interface/include/s7_robot_network_interface/srv
-- Installing: /home/yahboom/TE3003B/simulation_workspace/install/s7_robot_network_interface/include/s7_robot_network_interface/srv/get_two_poses.h
-- Installing: /home/yahboom/TE3003B/simulation_workspace/install/s7_robot_network_interface/include/s7_robot_network_interface/srv/detail
-- Installing: /home/yahboom/TE3003B/simulation_workspace/install/s7_robot_network_interface/include/s7_robot_network_interface/srv/detail/get_two_poses__struct.h
-- Installing: /home/yahboom/TE3003B/simulation_workspace/install/s7_robot_network_interface/include/s7_robot_network_interface/srv/detail/get_two_poses__functions.c
-- Installing: /home/yahboom/TE3003B/simulation_workspace/install/s7_robot_network_interface/include/s7_robot_network_interface/srv/detail/get_two_poses__type_support.h
-- Installing: /home/yahboom/TE3003B/simulation_workspace/install/s7_robot_network_interface/include/s7_robot_network_interface/srv/detail/get_two_poses__functions.h
-- Installing: /home/yahboom/TE3003B/simulation_workspace/install/s7_robot_network_interface/share/s7_robot_network_interface/environment/library_path.sh
-- Installing: /home/yahboom/TE3003B/simulation_workspace/install/s7_robot_network_interface/share/s7_robot_network_interface/environment/library_path.dsv
-- Installing: /home/yahboom/TE3003B/simulation_workspace/install/s7_robot_network_interface/lib/libs7_robot_network_interface__rosidl_generator_c.so
-- Set runtime path of "/home/yahboom/TE3003B/simulation_workspace/install/s7_robot_network_interface/lib/libs7_robot_network_interface__rosidl_generator_c.so" to ""
-- Up-to-date: /home/yahboom/TE3003B/simulation_workspace/install/s7_robot_network_interface/include/s7_robot_network_interface
-- Up-to-date: /home/yahboom/TE3003B/simulation_workspace/install/s7_robot_network_interface/include/s7_robot_network_interface/msg
-- Up-to-date: /home/yahboom/TE3003B/simulation_workspace/install/s7_robot_network_interface/include/s7_robot_network_interface/msg/detail
-- Installing: /home/yahboom/TE3003B/simulation_workspace/install/s7_robot_network_interface/include/s7_robot_network_interface/msg/detail/robot_status__rosidl_typesupport_fastrtps_c.h
-- Installing: /home/yahboom/TE3003B/simulation_workspace/install/s7_robot_network_interface/include/s7_robot_network_interface/msg/rosidl_typesupport_fastrtps_c__visibility_control.h
-- Up-to-date: /home/yahboom/TE3003B/simulation_workspace/install/s7_robot_network_interface/include/s7_robot_network_interface/srv
-- Up-to-date: /home/yahboom/TE3003B/simulation_workspace/install/s7_robot_network_interface/include/s7_robot_network_interface/srv/detail
-- Installing: /home/yahboom/TE3003B/simulation_workspace/install/s7_robot_network_interface/include/s7_robot_network_interface/srv/detail/get_two_poses__rosidl_typesupport_fastrtps_c.h
-- Installing: /home/yahboom/TE3003B/simulation_workspace/install/s7_robot_network_interface/lib/libs7_robot_network_interface__rosidl_typesupport_fastrtps_c.so
-- Set runtime path of "/home/yahboom/TE3003B/simulation_workspace/install/s7_robot_network_interface/lib/libs7_robot_network_interface__rosidl_typesupport_fastrtps_c.so" to ""
-- Up-to-date: /home/yahboom/TE3003B/simulation_workspace/install/s7_robot_network_interface/include/s7_robot_network_interface
-- Up-to-date: /home/yahboom/TE3003B/simulation_workspace/install/s7_robot_network_interface/include/s7_robot_network_interface/msg
-- Up-to-date: /home/yahboom/TE3003B/simulation_workspace/install/s7_robot_network_interface/include/s7_robot_network_interface/msg/detail
-- Installing: /home/yahboom/TE3003B/simulation_workspace/install/s7_robot_network_interface/include/s7_robot_network_interface/msg/detail/robot_status__rosidl_typesupport_fastrtps_cpp.hpp
-- Installing: /home/yahboom/TE3003B/simulation_workspace/install/s7_robot_network_interface/include/s7_robot_network_interface/msg/detail/dds_fastrtps
-- Installing: /home/yahboom/TE3003B/simulation_workspace/install/s7_robot_network_interface/include/s7_robot_network_interface/msg/rosidl_typesupport_fastrtps_cpp__visibility_control.h
-- Up-to-date: /home/yahboom/TE3003B/simulation_workspace/install/s7_robot_network_interface/include/s7_robot_network_interface/srv
-- Up-to-date: /home/yahboom/TE3003B/simulation_workspace/install/s7_robot_network_interface/include/s7_robot_network_interface/srv/detail
-- Installing: /home/yahboom/TE3003B/simulation_workspace/install/s7_robot_network_interface/include/s7_robot_network_interface/srv/detail/get_two_poses__rosidl_typesupport_fastrtps_cpp.hpp
-- Installing: /home/yahboom/TE3003B/simulation_workspace/install/s7_robot_network_interface/include/s7_robot_network_interface/srv/detail/dds_fastrtps
-- Installing: /home/yahboom/TE3003B/simulation_workspace/install/s7_robot_network_interface/lib/libs7_robot_network_interface__rosidl_typesupport_fastrtps_cpp.so
-- Set runtime path of "/home/yahboom/TE3003B/simulation_workspace/install/s7_robot_network_interface/lib/libs7_robot_network_interface__rosidl_typesupport_fastrtps_cpp.so" to ""
-- Up-to-date: /home/yahboom/TE3003B/simulation_workspace/install/s7_robot_network_interface/include/s7_robot_network_interface
-- Up-to-date: /home/yahboom/TE3003B/simulation_workspace/install/s7_robot_network_interface/include/s7_robot_network_interface/msg
-- Up-to-date: /home/yahboom/TE3003B/simulation_workspace/install/s7_robot_network_interface/include/s7_robot_network_interface/msg/detail
-- Installing: /home/yahboom/TE3003B/simulation_workspace/install/s7_robot_network_interface/include/s7_robot_network_interface/msg/detail/robot_status__rosidl_typesupport_introspection_c.h
-- Installing: /home/yahboom/TE3003B/simulation_workspace/install/s7_robot_network_interface/include/s7_robot_network_interface/msg/detail/robot_status__type_support.c
-- Installing: /home/yahboom/TE3003B/simulation_workspace/install/s7_robot_network_interface/include/s7_robot_network_interface/msg/rosidl_typesupport_introspection_c__visibility_control.h
-- Up-to-date: /home/yahboom/TE3003B/simulation_workspace/install/s7_robot_network_interface/include/s7_robot_network_interface/srv
-- Up-to-date: /home/yahboom/TE3003B/simulation_workspace/install/s7_robot_network_interface/include/s7_robot_network_interface/srv/detail
-- Installing: /home/yahboom/TE3003B/simulation_workspace/install/s7_robot_network_interface/include/s7_robot_network_interface/srv/detail/get_two_poses__type_support.c
-- Installing: /home/yahboom/TE3003B/simulation_workspace/install/s7_robot_network_interface/include/s7_robot_network_interface/srv/detail/get_two_poses__rosidl_typesupport_introspection_c.h
-- Installing: /home/yahboom/TE3003B/simulation_workspace/install/s7_robot_network_interface/lib/libs7_robot_network_interface__rosidl_typesupport_introspection_c.so
-- Set runtime path of "/home/yahboom/TE3003B/simulation_workspace/install/s7_robot_network_interface/lib/libs7_robot_network_interface__rosidl_typesupport_introspection_c.so" to ""
-- Installing: /home/yahboom/TE3003B/simulation_workspace/install/s7_robot_network_interface/lib/libs7_robot_network_interface__rosidl_typesupport_c.so
-- Set runtime path of "/home/yahboom/TE3003B/simulation_workspace/install/s7_robot_network_interface/lib/libs7_robot_network_interface__rosidl_typesupport_c.so" to ""
-- Up-to-date: /home/yahboom/TE3003B/simulation_workspace/install/s7_robot_network_interface/include/s7_robot_network_interface
-- Up-to-date: /home/yahboom/TE3003B/simulation_workspace/install/s7_robot_network_interface/include/s7_robot_network_interface/msg
-- Up-to-date: /home/yahboom/TE3003B/simulation_workspace/install/s7_robot_network_interface/include/s7_robot_network_interface/msg/detail
-- Installing: /home/yahboom/TE3003B/simulation_workspace/install/s7_robot_network_interface/include/s7_robot_network_interface/msg/detail/robot_status__struct.hpp
-- Installing: /home/yahboom/TE3003B/simulation_workspace/install/s7_robot_network_interface/include/s7_robot_network_interface/msg/detail/robot_status__builder.hpp
-- Installing: /home/yahboom/TE3003B/simulation_workspace/install/s7_robot_network_interface/include/s7_robot_network_interface/msg/detail/robot_status__traits.hpp
-- Installing: /home/yahboom/TE3003B/simulation_workspace/install/s7_robot_network_interface/include/s7_robot_network_interface/msg/robot_status.hpp
-- Up-to-date: /home/yahboom/TE3003B/simulation_workspace/install/s7_robot_network_interface/include/s7_robot_network_interface/srv
-- Up-to-date: /home/yahboom/TE3003B/simulation_workspace/install/s7_robot_network_interface/include/s7_robot_network_interface/srv/detail
-- Installing: /home/yahboom/TE3003B/simulation_workspace/install/s7_robot_network_interface/include/s7_robot_network_interface/srv/detail/get_two_poses__builder.hpp
-- Installing: /home/yahboom/TE3003B/simulation_workspace/install/s7_robot_network_interface/include/s7_robot_network_interface/srv/detail/get_two_poses__struct.hpp
-- Installing: /home/yahboom/TE3003B/simulation_workspace/install/s7_robot_network_interface/include/s7_robot_network_interface/srv/detail/get_two_poses__traits.hpp
-- Installing: /home/yahboom/TE3003B/simulation_workspace/install/s7_robot_network_interface/include/s7_robot_network_interface/srv/get_two_poses.hpp
-- Up-to-date: /home/yahboom/TE3003B/simulation_workspace/install/s7_robot_network_interface/include/s7_robot_network_interface
-- Up-to-date: /home/yahboom/TE3003B/simulation_workspace/install/s7_robot_network_interface/include/s7_robot_network_interface/msg
-- Up-to-date: /home/yahboom/TE3003B/simulation_workspace/install/s7_robot_network_interface/include/s7_robot_network_interface/msg/detail
-- Installing: /home/yahboom/TE3003B/simulation_workspace/install/s7_robot_network_interface/include/s7_robot_network_interface/msg/detail/robot_status__rosidl_typesupport_introspection_cpp.hpp
-- Installing: /home/yahboom/TE3003B/simulation_workspace/install/s7_robot_network_interface/include/s7_robot_network_interface/msg/detail/robot_status__type_support.cpp
-- Up-to-date: /home/yahboom/TE3003B/simulation_workspace/install/s7_robot_network_interface/include/s7_robot_network_interface/srv
-- Up-to-date: /home/yahboom/TE3003B/simulation_workspace/install/s7_robot_network_interface/include/s7_robot_network_interface/srv/detail
-- Installing: /home/yahboom/TE3003B/simulation_workspace/install/s7_robot_network_interface/include/s7_robot_network_interface/srv/detail/get_two_poses__rosidl_typesupport_introspection_cpp.hpp
-- Installing: /home/yahboom/TE3003B/simulation_workspace/install/s7_robot_network_interface/include/s7_robot_network_interface/srv/detail/get_two_poses__type_support.cpp
-- Installing: /home/yahboom/TE3003B/simulation_workspace/install/s7_robot_network_interface/lib/libs7_robot_network_interface__rosidl_typesupport_introspection_cpp.so
-- Set runtime path of "/home/yahboom/TE3003B/simulation_workspace/install/s7_robot_network_interface/lib/libs7_robot_network_interface__rosidl_typesupport_introspection_cpp.so" to ""
-- Installing: /home/yahboom/TE3003B/simulation_workspace/install/s7_robot_network_interface/lib/libs7_robot_network_interface__rosidl_typesupport_cpp.so
-- Set runtime path of "/home/yahboom/TE3003B/simulation_workspace/install/s7_robot_network_interface/lib/libs7_robot_network_interface__rosidl_typesupport_cpp.so" to ""
-- Installing: /home/yahboom/TE3003B/simulation_workspace/install/s7_robot_network_interface/share/s7_robot_network_interface/environment/pythonpath.sh
-- Installing: /home/yahboom/TE3003B/simulation_workspace/install/s7_robot_network_interface/share/s7_robot_network_interface/environment/pythonpath.dsv
-- Installing: /home/yahboom/TE3003B/simulation_workspace/install/s7_robot_network_interface/lib/python3.8/site-packages/s7_robot_network_interface/__init__.py
Compiling '/home/yahboom/TE3003B/simulation_workspace/install/s7_robot_network_interface/lib/python3.8/site-packages/s7_robot_network_interface/__init__.py'...
-- Installing: /home/yahboom/TE3003B/simulation_workspace/install/s7_robot_network_interface/lib/python3.8/site-packages/s7_robot_network_interface/msg
-- Installing: /home/yahboom/TE3003B/simulation_workspace/install/s7_robot_network_interface/lib/python3.8/site-packages/s7_robot_network_interface/msg/_robot_status_s.c
-- Installing: /home/yahboom/TE3003B/simulation_workspace/install/s7_robot_network_interface/lib/python3.8/site-packages/s7_robot_network_interface/msg/_robot_status.py
-- Installing: /home/yahboom/TE3003B/simulation_workspace/install/s7_robot_network_interface/lib/python3.8/site-packages/s7_robot_network_interface/msg/__init__.py
-- Installing: /home/yahboom/TE3003B/simulation_workspace/install/s7_robot_network_interface/lib/python3.8/site-packages/s7_robot_network_interface/srv
-- Installing: /home/yahboom/TE3003B/simulation_workspace/install/s7_robot_network_interface/lib/python3.8/site-packages/s7_robot_network_interface/srv/_get_two_poses_s.c
-- Installing: /home/yahboom/TE3003B/simulation_workspace/install/s7_robot_network_interface/lib/python3.8/site-packages/s7_robot_network_interface/srv/__init__.py
-- Installing: /home/yahboom/TE3003B/simulation_workspace/install/s7_robot_network_interface/lib/python3.8/site-packages/s7_robot_network_interface/srv/_get_two_poses.py
-- Installing: /home/yahboom/TE3003B/simulation_workspace/install/s7_robot_network_interface/lib/python3.8/site-packages/s7_robot_network_interface/s7_robot_network_interface_s__rosidl_typesupport_fastrtps_c.cpython-38-x86_64-linux-gnu.so
-- Set runtime path of "/home/yahboom/TE3003B/simulation_workspace/install/s7_robot_network_interface/lib/python3.8/site-packages/s7_robot_network_interface/s7_robot_network_interface_s__rosidl_typesupport_fastrtps_c.cpython-38-x86_64-linux-gnu.so" to ""
-- Installing: /home/yahboom/TE3003B/simulation_workspace/install/s7_robot_network_interface/lib/python3.8/site-packages/s7_robot_network_interface/s7_robot_network_interface_s__rosidl_typesupport_introspection_c.cpython-38-x86_64-linux-gnu.so
-- Set runtime path of "/home/yahboom/TE3003B/simulation_workspace/install/s7_robot_network_interface/lib/python3.8/site-packages/s7_robot_network_interface/s7_robot_network_interface_s__rosidl_typesupport_introspection_c.cpython-38-x86_64-linux-gnu.so" to ""
-- Installing: /home/yahboom/TE3003B/simulation_workspace/install/s7_robot_network_interface/lib/python3.8/site-packages/s7_robot_network_interface/s7_robot_network_interface_s__rosidl_typesupport_c.cpython-38-x86_64-linux-gnu.so
-- Set runtime path of "/home/yahboom/TE3003B/simulation_workspace/install/s7_robot_network_interface/lib/python3.8/site-packages/s7_robot_network_interface/s7_robot_network_interface_s__rosidl_typesupport_c.cpython-38-x86_64-linux-gnu.so" to ""
-- Installing: /home/yahboom/TE3003B/simulation_workspace/install/s7_robot_network_interface/lib/libs7_robot_network_interface__python.so
-- Set runtime path of "/home/yahboom/TE3003B/simulation_workspace/install/s7_robot_network_interface/lib/libs7_robot_network_interface__python.so" to ""
-- Installing: /home/yahboom/TE3003B/simulation_workspace/install/s7_robot_network_interface/share/s7_robot_network_interface/msg/RobotStatus.idl
-- Installing: /home/yahboom/TE3003B/simulation_workspace/install/s7_robot_network_interface/share/s7_robot_network_interface/srv/GetTwoPoses.idl
-- Installing: /home/yahboom/TE3003B/simulation_workspace/install/s7_robot_network_interface/share/s7_robot_network_interface/msg/RobotStatus.msg
-- Installing: /home/yahboom/TE3003B/simulation_workspace/install/s7_robot_network_interface/share/s7_robot_network_interface/srv/GetTwoPoses.srv
-- Installing: /home/yahboom/TE3003B/simulation_workspace/install/s7_robot_network_interface/share/s7_robot_network_interface/srv/GetTwoPoses_Request.msg
-- Installing: /home/yahboom/TE3003B/simulation_workspace/install/s7_robot_network_interface/share/s7_robot_network_interface/srv/GetTwoPoses_Response.msg
-- Installing: /home/yahboom/TE3003B/simulation_workspace/install/s7_robot_network_interface/share/ament_index/resource_index/package_run_dependencies/s7_robot_network_interface
-- Installing: /home/yahboom/TE3003B/simulation_workspace/install/s7_robot_network_interface/share/ament_index/resource_index/parent_prefix_path/s7_robot_network_interface
-- Installing: /home/yahboom/TE3003B/simulation_workspace/install/s7_robot_network_interface/share/s7_robot_network_interface/environment/ament_prefix_path.sh
-- Installing: /home/yahboom/TE3003B/simulation_workspace/install/s7_robot_network_interface/share/s7_robot_network_interface/environment/ament_prefix_path.dsv
-- Installing: /home/yahboom/TE3003B/simulation_workspace/install/s7_robot_network_interface/share/s7_robot_network_interface/environment/path.sh
-- Installing: /home/yahboom/TE3003B/simulation_workspace/install/s7_robot_network_interface/share/s7_robot_network_interface/environment/path.dsv
-- Installing: /home/yahboom/TE3003B/simulation_workspace/install/s7_robot_network_interface/share/s7_robot_network_interface/local_setup.bash
-- Installing: /home/yahboom/TE3003B/simulation_workspace/install/s7_robot_network_interface/share/s7_robot_network_interface/local_setup.sh
-- Installing: /home/yahboom/TE3003B/simulation_workspace/install/s7_robot_network_interface/share/s7_robot_network_interface/local_setup.zsh
-- Installing: /home/yahboom/TE3003B/simulation_workspace/install/s7_robot_network_interface/share/s7_robot_network_interface/local_setup.dsv
-- Installing: /home/yahboom/TE3003B/simulation_workspace/install/s7_robot_network_interface/share/s7_robot_network_interface/package.dsv
-- Installing: /home/yahboom/TE3003B/simulation_workspace/install/s7_robot_network_interface/share/ament_index/resource_index/packages/s7_robot_network_interface
-- Installing: /home/yahboom/TE3003B/simulation_workspace/install/s7_robot_network_interface/share/s7_robot_network_interface/cmake/s7_robot_network_interface__rosidl_generator_cExport.cmake
-- Installing: /home/yahboom/TE3003B/simulation_workspace/install/s7_robot_network_interface/share/s7_robot_network_interface/cmake/s7_robot_network_interface__rosidl_generator_cExport-noconfig.cmake
-- Installing: /home/yahboom/TE3003B/simulation_workspace/install/s7_robot_network_interface/share/s7_robot_network_interface/cmake/s7_robot_network_interface__rosidl_typesupport_introspection_cExport.cmake
-- Installing: /home/yahboom/TE3003B/simulation_workspace/install/s7_robot_network_interface/share/s7_robot_network_interface/cmake/s7_robot_network_interface__rosidl_typesupport_introspection_cExport-noconfig.cmake
-- Installing: /home/yahboom/TE3003B/simulation_workspace/install/s7_robot_network_interface/share/s7_robot_network_interface/cmake/s7_robot_network_interface__rosidl_typesupport_cExport.cmake
-- Installing: /home/yahboom/TE3003B/simulation_workspace/install/s7_robot_network_interface/share/s7_robot_network_interface/cmake/s7_robot_network_interface__rosidl_typesupport_cExport-noconfig.cmake
-- Installing: /home/yahboom/TE3003B/simulation_workspace/install/s7_robot_network_interface/share/s7_robot_network_interface/cmake/s7_robot_network_interface__rosidl_generator_cppExport.cmake
-- Installing: /home/yahboom/TE3003B/simulation_workspace/install/s7_robot_network_interface/share/s7_robot_network_interface/cmake/s7_robot_network_interface__rosidl_typesupport_introspection_cppExport.cmake
-- Installing: /home/yahboom/TE3003B/simulation_workspace/install/s7_robot_network_interface/share/s7_robot_network_interface/cmake/s7_robot_network_interface__rosidl_typesupport_introspection_cppExport-noconfig.cmake
-- Installing: /home/yahboom/TE3003B/simulation_workspace/install/s7_robot_network_interface/share/s7_robot_network_interface/cmake/s7_robot_network_interface__rosidl_typesupport_cppExport.cmake
-- Installing: /home/yahboom/TE3003B/simulation_workspace/install/s7_robot_network_interface/share/s7_robot_network_interface/cmake/s7_robot_network_interface__rosidl_typesupport_cppExport-noconfig.cmake
-- Installing: /home/yahboom/TE3003B/simulation_workspace/install/s7_robot_network_interface/share/s7_robot_network_interface/cmake/rosidl_cmake-extras.cmake
-- Installing: /home/yahboom/TE3003B/simulation_workspace/install/s7_robot_network_interface/share/s7_robot_network_interface/cmake/ament_cmake_export_dependencies-extras.cmake
-- Installing: /home/yahboom/TE3003B/simulation_workspace/install/s7_robot_network_interface/share/s7_robot_network_interface/cmake/ament_cmake_export_libraries-extras.cmake
-- Installing: /home/yahboom/TE3003B/simulation_workspace/install/s7_robot_network_interface/share/s7_robot_network_interface/cmake/ament_cmake_export_targets-extras.cmake
-- Installing: /home/yahboom/TE3003B/simulation_workspace/install/s7_robot_network_interface/share/s7_robot_network_interface/cmake/ament_cmake_export_include_directories-extras.cmake
-- Installing: /home/yahboom/TE3003B/simulation_workspace/install/s7_robot_network_interface/share/s7_robot_network_interface/cmake/rosidl_cmake_export_typesupport_libraries-extras.cmake
-- Installing: /home/yahboom/TE3003B/simulation_workspace/install/s7_robot_network_interface/share/s7_robot_network_interface/cmake/rosidl_cmake_export_typesupport_targets-extras.cmake
-- Installing: /home/yahboom/TE3003B/simulation_workspace/install/s7_robot_network_interface/share/s7_robot_network_interface/cmake/s7_robot_network_interfaceConfig.cmake
-- Installing: /home/yahboom/TE3003B/simulation_workspace/install/s7_robot_network_interface/share/s7_robot_network_interface/cmake/s7_robot_network_interfaceConfig-version.cmake
-- Installing: /home/yahboom/TE3003B/simulation_workspace/install/s7_robot_network_interface/share/s7_robot_network_interface/package.xml
