/home/yahboom/TE3003B/simulation_workspace/install/s8_py_slam/lib/python3.8/site-packages/s8_py_slam/relative_map_terminal_printer.py
/home/yahboom/TE3003B/simulation_workspace/install/s8_py_slam/lib/python3.8/site-packages/s8_py_slam/map_terminal_printer.py
/home/yahboom/TE3003B/simulation_workspace/install/s8_py_slam/lib/python3.8/site-packages/s8_py_slam/__init__.py
/home/yahboom/TE3003B/simulation_workspace/install/s8_py_slam/lib/python3.8/site-packages/s8_py_slam/odom_to_vel.py
/home/yahboom/TE3003B/simulation_workspace/install/s8_py_slam/lib/python3.8/site-packages/s8_py_slam/pose_publisher.py
/home/yahboom/TE3003B/simulation_workspace/install/s8_py_slam/lib/python3.8/site-packages/s8_py_slam/__pycache__/relative_map_terminal_printer.cpython-38.pyc
/home/yahboom/TE3003B/simulation_workspace/install/s8_py_slam/lib/python3.8/site-packages/s8_py_slam/__pycache__/map_terminal_printer.cpython-38.pyc
/home/yahboom/TE3003B/simulation_workspace/install/s8_py_slam/lib/python3.8/site-packages/s8_py_slam/__pycache__/__init__.cpython-38.pyc
/home/yahboom/TE3003B/simulation_workspace/install/s8_py_slam/lib/python3.8/site-packages/s8_py_slam/__pycache__/odom_to_vel.cpython-38.pyc
/home/yahboom/TE3003B/simulation_workspace/install/s8_py_slam/lib/python3.8/site-packages/s8_py_slam/__pycache__/pose_publisher.cpython-38.pyc
/home/yahboom/TE3003B/simulation_workspace/install/s8_py_slam/share/ament_index/resource_index/packages/s8_py_slam
/home/yahboom/TE3003B/simulation_workspace/install/s8_py_slam/share/s8_py_slam/package.xml
/home/yahboom/TE3003B/simulation_workspace/install/s8_py_slam/share/s8_py_slam/config/mapper_params_online_async.yaml
/home/yahboom/TE3003B/simulation_workspace/install/s8_py_slam/share/s8_py_slam/config/robot_controllers.yaml
/home/yahboom/TE3003B/simulation_workspace/install/s8_py_slam/share/s8_py_slam/launch/spawn_robot.launch.py
/home/yahboom/TE3003B/simulation_workspace/install/s8_py_slam/share/s8_py_slam/launch/display_robot.launch.py
/home/yahboom/TE3003B/simulation_workspace/install/s8_py_slam/share/s8_py_slam/maps/my_map.pgm
/home/yahboom/TE3003B/simulation_workspace/install/s8_py_slam/share/s8_py_slam/maps/turtle_map.pgm
/home/yahboom/TE3003B/simulation_workspace/install/s8_py_slam/share/s8_py_slam/maps/turtle_map.yaml
/home/yahboom/TE3003B/simulation_workspace/install/s8_py_slam/share/s8_py_slam/maps/map_server_params.yaml
/home/yahboom/TE3003B/simulation_workspace/install/s8_py_slam/share/s8_py_slam/maps/my_map.yaml
/home/yahboom/TE3003B/simulation_workspace/install/s8_py_slam/share/s8_py_slam/meshes/right_front_wheel.stl
/home/yahboom/TE3003B/simulation_workspace/install/s8_py_slam/share/s8_py_slam/meshes/base_link.stl
/home/yahboom/TE3003B/simulation_workspace/install/s8_py_slam/share/s8_py_slam/meshes/right_back_wheel.stl
/home/yahboom/TE3003B/simulation_workspace/install/s8_py_slam/share/s8_py_slam/meshes/imu_link.stl
/home/yahboom/TE3003B/simulation_workspace/install/s8_py_slam/share/s8_py_slam/meshes/left_back_wheel.stl
/home/yahboom/TE3003B/simulation_workspace/install/s8_py_slam/share/s8_py_slam/meshes/lidar_link.stl
/home/yahboom/TE3003B/simulation_workspace/install/s8_py_slam/share/s8_py_slam/meshes/camera_link.stl
/home/yahboom/TE3003B/simulation_workspace/install/s8_py_slam/share/s8_py_slam/meshes/left_front_wheel.stl
/home/yahboom/TE3003B/simulation_workspace/install/s8_py_slam/share/s8_py_slam/meshes/camera2_link.stl
/home/yahboom/TE3003B/simulation_workspace/install/s8_py_slam/share/s8_py_slam/rviz/slam.rviz
/home/yahboom/TE3003B/simulation_workspace/install/s8_py_slam/share/s8_py_slam/urdf/robot.urdf
/home/yahboom/TE3003B/simulation_workspace/install/s8_py_slam/share/s8_py_slam/urdf/robot_plugin.urdf
/home/yahboom/TE3003B/simulation_workspace/install/s8_py_slam/share/s8_py_slam/urdf/cylinder_plugin.urdf
/home/yahboom/TE3003B/simulation_workspace/install/s8_py_slam/share/s8_py_slam/worlds/robot_world.world
/home/yahboom/TE3003B/simulation_workspace/install/s8_py_slam/lib/python3.8/site-packages/s8_py_slam-0.0.0-py3.8.egg-info/top_level.txt
/home/yahboom/TE3003B/simulation_workspace/install/s8_py_slam/lib/python3.8/site-packages/s8_py_slam-0.0.0-py3.8.egg-info/zip-safe
/home/yahboom/TE3003B/simulation_workspace/install/s8_py_slam/lib/python3.8/site-packages/s8_py_slam-0.0.0-py3.8.egg-info/entry_points.txt
/home/yahboom/TE3003B/simulation_workspace/install/s8_py_slam/lib/python3.8/site-packages/s8_py_slam-0.0.0-py3.8.egg-info/dependency_links.txt
/home/yahboom/TE3003B/simulation_workspace/install/s8_py_slam/lib/python3.8/site-packages/s8_py_slam-0.0.0-py3.8.egg-info/SOURCES.txt
/home/yahboom/TE3003B/simulation_workspace/install/s8_py_slam/lib/python3.8/site-packages/s8_py_slam-0.0.0-py3.8.egg-info/PKG-INFO
/home/yahboom/TE3003B/simulation_workspace/install/s8_py_slam/lib/python3.8/site-packages/s8_py_slam-0.0.0-py3.8.egg-info/requires.txt
/home/yahboom/TE3003B/simulation_workspace/install/s8_py_slam/lib/s8_py_slam/map_terminal_printer_exe
/home/yahboom/TE3003B/simulation_workspace/install/s8_py_slam/lib/s8_py_slam/pose_publisher_exe
/home/yahboom/TE3003B/simulation_workspace/install/s8_py_slam/lib/s8_py_slam/relative_map_terminal_printer_exe
