[0.363s] DEBUG:colcon:Command line arguments: ['/usr/bin/colcon', 'build', '--packages-select', 'sensor_fusion']
[0.363s] DEBUG:colcon:Parsed command line arguments: Namespace(allow_overriding=[], ament_cmake_args=None, base_paths=['.'], build_base='build', catkin_cmake_args=None, catkin_skip_building_tests=False, cmake_args=None, cmake_clean_cache=False, cmake_clean_first=False, cmake_force_configure=False, cmake_target=None, cmake_target_skip_unavailable=False, continue_on_error=False, event_handlers=None, executor='parallel', ignore_user_meta=False, install_base='install', log_base=None, log_level=None, main=<bound method BuildVerb.main of <colcon_core.verb.build.BuildVerb object at 0x7fa04fb36670>>, merge_install=False, metas=['./colcon.meta'], packages_above=None, packages_above_and_dependencies=None, packages_above_depth=None, packages_end=None, packages_ignore=None, packages_ignore_regex=None, packages_select=['sensor_fusion'], packages_select_build_failed=False, packages_select_by_dep=None, packages_select_regex=None, packages_select_test_failures=False, packages_skip=None, packages_skip_build_finished=False, packages_skip_by_dep=None, packages_skip_regex=None, packages_skip_test_passed=False, packages_skip_up_to=None, packages_start=None, packages_up_to=None, packages_up_to_regex=None, parallel_workers=4, paths=None, symlink_install=False, test_result_base=None, verb_extension=<colcon_core.verb.build.BuildVerb object at 0x7fa04fb36670>, verb_name='build', verb_parser=<colcon_defaults.argument_parser.defaults.DefaultArgumentsDecorator object at 0x7fa04fb36bb0>)
[0.395s] Level 1:colcon.colcon_core.package_discovery:discover_packages(colcon_meta) check parameters
[0.395s] Level 1:colcon.colcon_core.package_discovery:discover_packages(recursive) check parameters
[0.395s] Level 1:colcon.colcon_core.package_discovery:discover_packages(ignore) check parameters
[0.395s] Level 1:colcon.colcon_core.package_discovery:discover_packages(path) check parameters
[0.395s] Level 1:colcon.colcon_core.package_discovery:discover_packages(colcon_meta) discover
[0.395s] Level 1:colcon.colcon_core.package_discovery:discover_packages(recursive) discover
[0.395s] INFO:colcon.colcon_core.package_discovery:Crawling recursively for packages in '/home/yahboom/TE3003B'
[0.395s] Level 1:colcon.colcon_core.package_identification:_identify(.) by extensions ['ignore', 'ignore_ament_install']
[0.395s] Level 1:colcon.colcon_core.package_identification:_identify(.) by extension 'ignore'
[0.395s] Level 1:colcon.colcon_core.package_identification:_identify(.) by extension 'ignore_ament_install'
[0.395s] Level 1:colcon.colcon_core.package_identification:_identify(.) by extensions ['colcon_pkg']
[0.395s] Level 1:colcon.colcon_core.package_identification:_identify(.) by extension 'colcon_pkg'
[0.395s] Level 1:colcon.colcon_core.package_identification:_identify(.) by extensions ['colcon_meta']
[0.395s] Level 1:colcon.colcon_core.package_identification:_identify(.) by extension 'colcon_meta'
[0.395s] Level 1:colcon.colcon_core.package_identification:_identify(.) by extensions ['ros']
[0.396s] Level 1:colcon.colcon_core.package_identification:_identify(.) by extension 'ros'
[0.417s] Level 1:colcon.colcon_core.package_identification:_identify(.) by extensions ['cmake', 'python']
[0.417s] Level 1:colcon.colcon_core.package_identification:_identify(.) by extension 'cmake'
[0.417s] Level 1:colcon.colcon_core.package_identification:_identify(.) by extension 'python'
[0.418s] Level 1:colcon.colcon_core.package_identification:_identify(.) by extensions ['python_setup_py']
[0.418s] Level 1:colcon.colcon_core.package_identification:_identify(.) by extension 'python_setup_py'
[0.418s] Level 1:colcon.colcon_core.package_identification:_identify(build) by extensions ['ignore', 'ignore_ament_install']
[0.418s] Level 1:colcon.colcon_core.package_identification:_identify(build) by extension 'ignore'
[0.418s] Level 1:colcon.colcon_core.package_identification:_identify(build) ignored
[0.418s] Level 1:colcon.colcon_core.package_identification:_identify(install) by extensions ['ignore', 'ignore_ament_install']
[0.418s] Level 1:colcon.colcon_core.package_identification:_identify(install) by extension 'ignore'
[0.418s] Level 1:colcon.colcon_core.package_identification:_identify(install) ignored
[0.418s] Level 1:colcon.colcon_core.package_identification:_identify(log) by extensions ['ignore', 'ignore_ament_install']
[0.418s] Level 1:colcon.colcon_core.package_identification:_identify(log) by extension 'ignore'
[0.418s] Level 1:colcon.colcon_core.package_identification:_identify(log) ignored
[0.418s] Level 1:colcon.colcon_core.package_identification:_identify(workspace) by extensions ['ignore', 'ignore_ament_install']
[0.419s] Level 1:colcon.colcon_core.package_identification:_identify(workspace) by extension 'ignore'
[0.419s] Level 1:colcon.colcon_core.package_identification:_identify(workspace) by extension 'ignore_ament_install'
[0.419s] Level 1:colcon.colcon_core.package_identification:_identify(workspace) by extensions ['colcon_pkg']
[0.419s] Level 1:colcon.colcon_core.package_identification:_identify(workspace) by extension 'colcon_pkg'
[0.419s] Level 1:colcon.colcon_core.package_identification:_identify(workspace) by extensions ['colcon_meta']
[0.419s] Level 1:colcon.colcon_core.package_identification:_identify(workspace) by extension 'colcon_meta'
[0.419s] Level 1:colcon.colcon_core.package_identification:_identify(workspace) by extensions ['ros']
[0.419s] Level 1:colcon.colcon_core.package_identification:_identify(workspace) by extension 'ros'
[0.419s] Level 1:colcon.colcon_core.package_identification:_identify(workspace) by extensions ['cmake', 'python']
[0.419s] Level 1:colcon.colcon_core.package_identification:_identify(workspace) by extension 'cmake'
[0.419s] Level 1:colcon.colcon_core.package_identification:_identify(workspace) by extension 'python'
[0.419s] Level 1:colcon.colcon_core.package_identification:_identify(workspace) by extensions ['python_setup_py']
[0.419s] Level 1:colcon.colcon_core.package_identification:_identify(workspace) by extension 'python_setup_py'
[0.419s] Level 1:colcon.colcon_core.package_identification:_identify(workspace/build) by extensions ['ignore', 'ignore_ament_install']
[0.419s] Level 1:colcon.colcon_core.package_identification:_identify(workspace/build) by extension 'ignore'
[0.419s] Level 1:colcon.colcon_core.package_identification:_identify(workspace/build) ignored
[0.419s] Level 1:colcon.colcon_core.package_identification:_identify(workspace/install) by extensions ['ignore', 'ignore_ament_install']
[0.420s] Level 1:colcon.colcon_core.package_identification:_identify(workspace/install) by extension 'ignore'
[0.420s] Level 1:colcon.colcon_core.package_identification:_identify(workspace/install) ignored
[0.420s] Level 1:colcon.colcon_core.package_identification:_identify(workspace/log) by extensions ['ignore', 'ignore_ament_install']
[0.420s] Level 1:colcon.colcon_core.package_identification:_identify(workspace/log) by extension 'ignore'
[0.420s] Level 1:colcon.colcon_core.package_identification:_identify(workspace/log) ignored
[0.420s] Level 1:colcon.colcon_core.package_identification:_identify(workspace/src) by extensions ['ignore', 'ignore_ament_install']
[0.420s] Level 1:colcon.colcon_core.package_identification:_identify(workspace/src) by extension 'ignore'
[0.420s] Level 1:colcon.colcon_core.package_identification:_identify(workspace/src) by extension 'ignore_ament_install'
[0.420s] Level 1:colcon.colcon_core.package_identification:_identify(workspace/src) by extensions ['colcon_pkg']
[0.420s] Level 1:colcon.colcon_core.package_identification:_identify(workspace/src) by extension 'colcon_pkg'
[0.420s] Level 1:colcon.colcon_core.package_identification:_identify(workspace/src) by extensions ['colcon_meta']
[0.420s] Level 1:colcon.colcon_core.package_identification:_identify(workspace/src) by extension 'colcon_meta'
[0.420s] Level 1:colcon.colcon_core.package_identification:_identify(workspace/src) by extensions ['ros']
[0.420s] Level 1:colcon.colcon_core.package_identification:_identify(workspace/src) by extension 'ros'
[0.421s] Level 1:colcon.colcon_core.package_identification:_identify(workspace/src) by extensions ['cmake', 'python']
[0.421s] Level 1:colcon.colcon_core.package_identification:_identify(workspace/src) by extension 'cmake'
[0.421s] Level 1:colcon.colcon_core.package_identification:_identify(workspace/src) by extension 'python'
[0.421s] Level 1:colcon.colcon_core.package_identification:_identify(workspace/src) by extensions ['python_setup_py']
[0.421s] Level 1:colcon.colcon_core.package_identification:_identify(workspace/src) by extension 'python_setup_py'
[0.421s] Level 1:colcon.colcon_core.package_identification:_identify(workspace/src/control) by extensions ['ignore', 'ignore_ament_install']
[0.421s] Level 1:colcon.colcon_core.package_identification:_identify(workspace/src/control) by extension 'ignore'
[0.421s] Level 1:colcon.colcon_core.package_identification:_identify(workspace/src/control) by extension 'ignore_ament_install'
[0.421s] Level 1:colcon.colcon_core.package_identification:_identify(workspace/src/control) by extensions ['colcon_pkg']
[0.421s] Level 1:colcon.colcon_core.package_identification:_identify(workspace/src/control) by extension 'colcon_pkg'
[0.421s] Level 1:colcon.colcon_core.package_identification:_identify(workspace/src/control) by extensions ['colcon_meta']
[0.421s] Level 1:colcon.colcon_core.package_identification:_identify(workspace/src/control) by extension 'colcon_meta'
[0.421s] Level 1:colcon.colcon_core.package_identification:_identify(workspace/src/control) by extensions ['ros']
[0.421s] Level 1:colcon.colcon_core.package_identification:_identify(workspace/src/control) by extension 'ros'
[0.424s] DEBUG:colcon.colcon_core.package_identification:Package 'workspace/src/control' with type 'ros.ament_cmake' and name 'control'
[0.424s] Level 1:colcon.colcon_core.package_identification:_identify(workspace/src/filter_tuning) by extensions ['ignore', 'ignore_ament_install']
[0.424s] Level 1:colcon.colcon_core.package_identification:_identify(workspace/src/filter_tuning) by extension 'ignore'
[0.424s] Level 1:colcon.colcon_core.package_identification:_identify(workspace/src/filter_tuning) by extension 'ignore_ament_install'
[0.424s] Level 1:colcon.colcon_core.package_identification:_identify(workspace/src/filter_tuning) by extensions ['colcon_pkg']
[0.425s] Level 1:colcon.colcon_core.package_identification:_identify(workspace/src/filter_tuning) by extension 'colcon_pkg'
[0.425s] Level 1:colcon.colcon_core.package_identification:_identify(workspace/src/filter_tuning) by extensions ['colcon_meta']
[0.425s] Level 1:colcon.colcon_core.package_identification:_identify(workspace/src/filter_tuning) by extension 'colcon_meta'
[0.425s] Level 1:colcon.colcon_core.package_identification:_identify(workspace/src/filter_tuning) by extensions ['ros']
[0.425s] Level 1:colcon.colcon_core.package_identification:_identify(workspace/src/filter_tuning) by extension 'ros'
[0.425s] DEBUG:colcon.colcon_core.package_identification:Package 'workspace/src/filter_tuning' with type 'ros.ament_python' and name 'filter_tuning'
[0.426s] Level 1:colcon.colcon_core.package_identification:_identify(workspace/src/odometry) by extensions ['ignore', 'ignore_ament_install']
[0.426s] Level 1:colcon.colcon_core.package_identification:_identify(workspace/src/odometry) by extension 'ignore'
[0.426s] Level 1:colcon.colcon_core.package_identification:_identify(workspace/src/odometry) by extension 'ignore_ament_install'
[0.426s] Level 1:colcon.colcon_core.package_identification:_identify(workspace/src/odometry) by extensions ['colcon_pkg']
[0.426s] Level 1:colcon.colcon_core.package_identification:_identify(workspace/src/odometry) by extension 'colcon_pkg'
[0.426s] Level 1:colcon.colcon_core.package_identification:_identify(workspace/src/odometry) by extensions ['colcon_meta']
[0.426s] Level 1:colcon.colcon_core.package_identification:_identify(workspace/src/odometry) by extension 'colcon_meta'
[0.426s] Level 1:colcon.colcon_core.package_identification:_identify(workspace/src/odometry) by extensions ['ros']
[0.426s] Level 1:colcon.colcon_core.package_identification:_identify(workspace/src/odometry) by extension 'ros'
[0.427s] DEBUG:colcon.colcon_core.package_identification:Package 'workspace/src/odometry' with type 'ros.ament_cmake' and name 'odometry'
[0.427s] Level 1:colcon.colcon_core.package_identification:_identify(workspace/src/py_package) by extensions ['ignore', 'ignore_ament_install']
[0.427s] Level 1:colcon.colcon_core.package_identification:_identify(workspace/src/py_package) by extension 'ignore'
[0.427s] Level 1:colcon.colcon_core.package_identification:_identify(workspace/src/py_package) by extension 'ignore_ament_install'
[0.427s] Level 1:colcon.colcon_core.package_identification:_identify(workspace/src/py_package) by extensions ['colcon_pkg']
[0.427s] Level 1:colcon.colcon_core.package_identification:_identify(workspace/src/py_package) by extension 'colcon_pkg'
[0.427s] Level 1:colcon.colcon_core.package_identification:_identify(workspace/src/py_package) by extensions ['colcon_meta']
[0.427s] Level 1:colcon.colcon_core.package_identification:_identify(workspace/src/py_package) by extension 'colcon_meta'
[0.427s] Level 1:colcon.colcon_core.package_identification:_identify(workspace/src/py_package) by extensions ['ros']
[0.428s] Level 1:colcon.colcon_core.package_identification:_identify(workspace/src/py_package) by extension 'ros'
[0.428s] DEBUG:colcon.colcon_core.package_identification:Package 'workspace/src/py_package' with type 'ros.ament_python' and name 'py_package'
[0.428s] Level 1:colcon.colcon_core.package_identification:_identify(workspace/src/s7_py_client_robot) by extensions ['ignore', 'ignore_ament_install']
[0.428s] Level 1:colcon.colcon_core.package_identification:_identify(workspace/src/s7_py_client_robot) by extension 'ignore'
[0.428s] Level 1:colcon.colcon_core.package_identification:_identify(workspace/src/s7_py_client_robot) by extension 'ignore_ament_install'
[0.428s] Level 1:colcon.colcon_core.package_identification:_identify(workspace/src/s7_py_client_robot) by extensions ['colcon_pkg']
[0.428s] Level 1:colcon.colcon_core.package_identification:_identify(workspace/src/s7_py_client_robot) by extension 'colcon_pkg'
[0.428s] Level 1:colcon.colcon_core.package_identification:_identify(workspace/src/s7_py_client_robot) by extensions ['colcon_meta']
[0.428s] Level 1:colcon.colcon_core.package_identification:_identify(workspace/src/s7_py_client_robot) by extension 'colcon_meta'
[0.429s] Level 1:colcon.colcon_core.package_identification:_identify(workspace/src/s7_py_client_robot) by extensions ['ros']
[0.429s] Level 1:colcon.colcon_core.package_identification:_identify(workspace/src/s7_py_client_robot) by extension 'ros'
[0.429s] DEBUG:colcon.colcon_core.package_identification:Package 'workspace/src/s7_py_client_robot' with type 'ros.ament_python' and name 's7_py_client_robot'
[0.430s] Level 1:colcon.colcon_core.package_identification:_identify(workspace/src/s7_py_robot_task_monitoring) by extensions ['ignore', 'ignore_ament_install']
[0.430s] Level 1:colcon.colcon_core.package_identification:_identify(workspace/src/s7_py_robot_task_monitoring) by extension 'ignore'
[0.430s] Level 1:colcon.colcon_core.package_identification:_identify(workspace/src/s7_py_robot_task_monitoring) by extension 'ignore_ament_install'
[0.430s] Level 1:colcon.colcon_core.package_identification:_identify(workspace/src/s7_py_robot_task_monitoring) by extensions ['colcon_pkg']
[0.430s] Level 1:colcon.colcon_core.package_identification:_identify(workspace/src/s7_py_robot_task_monitoring) by extension 'colcon_pkg'
[0.430s] Level 1:colcon.colcon_core.package_identification:_identify(workspace/src/s7_py_robot_task_monitoring) by extensions ['colcon_meta']
[0.430s] Level 1:colcon.colcon_core.package_identification:_identify(workspace/src/s7_py_robot_task_monitoring) by extension 'colcon_meta'
[0.430s] Level 1:colcon.colcon_core.package_identification:_identify(workspace/src/s7_py_robot_task_monitoring) by extensions ['ros']
[0.430s] Level 1:colcon.colcon_core.package_identification:_identify(workspace/src/s7_py_robot_task_monitoring) by extension 'ros'
[0.431s] DEBUG:colcon.colcon_core.package_identification:Package 'workspace/src/s7_py_robot_task_monitoring' with type 'ros.ament_python' and name 's7_py_robot_task_monitoring'
[0.431s] Level 1:colcon.colcon_core.package_identification:_identify(workspace/src/s7_py_task_manager) by extensions ['ignore', 'ignore_ament_install']
[0.431s] Level 1:colcon.colcon_core.package_identification:_identify(workspace/src/s7_py_task_manager) by extension 'ignore'
[0.431s] Level 1:colcon.colcon_core.package_identification:_identify(workspace/src/s7_py_task_manager) by extension 'ignore_ament_install'
[0.431s] Level 1:colcon.colcon_core.package_identification:_identify(workspace/src/s7_py_task_manager) by extensions ['colcon_pkg']
[0.431s] Level 1:colcon.colcon_core.package_identification:_identify(workspace/src/s7_py_task_manager) by extension 'colcon_pkg'
[0.431s] Level 1:colcon.colcon_core.package_identification:_identify(workspace/src/s7_py_task_manager) by extensions ['colcon_meta']
[0.431s] Level 1:colcon.colcon_core.package_identification:_identify(workspace/src/s7_py_task_manager) by extension 'colcon_meta'
[0.432s] Level 1:colcon.colcon_core.package_identification:_identify(workspace/src/s7_py_task_manager) by extensions ['ros']
[0.432s] Level 1:colcon.colcon_core.package_identification:_identify(workspace/src/s7_py_task_manager) by extension 'ros'
[0.432s] DEBUG:colcon.colcon_core.package_identification:Package 'workspace/src/s7_py_task_manager' with type 'ros.ament_python' and name 's7_py_task_manager'
[0.432s] Level 1:colcon.colcon_core.package_identification:_identify(workspace/src/s7_robot_network_interface) by extensions ['ignore', 'ignore_ament_install']
[0.432s] Level 1:colcon.colcon_core.package_identification:_identify(workspace/src/s7_robot_network_interface) by extension 'ignore'
[0.433s] Level 1:colcon.colcon_core.package_identification:_identify(workspace/src/s7_robot_network_interface) by extension 'ignore_ament_install'
[0.433s] Level 1:colcon.colcon_core.package_identification:_identify(workspace/src/s7_robot_network_interface) by extensions ['colcon_pkg']
[0.433s] Level 1:colcon.colcon_core.package_identification:_identify(workspace/src/s7_robot_network_interface) by extension 'colcon_pkg'
[0.433s] Level 1:colcon.colcon_core.package_identification:_identify(workspace/src/s7_robot_network_interface) by extensions ['colcon_meta']
[0.433s] Level 1:colcon.colcon_core.package_identification:_identify(workspace/src/s7_robot_network_interface) by extension 'colcon_meta'
[0.433s] Level 1:colcon.colcon_core.package_identification:_identify(workspace/src/s7_robot_network_interface) by extensions ['ros']
[0.433s] Level 1:colcon.colcon_core.package_identification:_identify(workspace/src/s7_robot_network_interface) by extension 'ros'
[0.434s] DEBUG:colcon.colcon_core.package_identification:Package 'workspace/src/s7_robot_network_interface' with type 'ros.ament_cmake' and name 's7_robot_network_interface'
[0.434s] Level 1:colcon.colcon_core.package_identification:_identify(workspace/src/s8_py_slam) by extensions ['ignore', 'ignore_ament_install']
[0.434s] Level 1:colcon.colcon_core.package_identification:_identify(workspace/src/s8_py_slam) by extension 'ignore'
[0.434s] Level 1:colcon.colcon_core.package_identification:_identify(workspace/src/s8_py_slam) by extension 'ignore_ament_install'
[0.434s] Level 1:colcon.colcon_core.package_identification:_identify(workspace/src/s8_py_slam) by extensions ['colcon_pkg']
[0.434s] Level 1:colcon.colcon_core.package_identification:_identify(workspace/src/s8_py_slam) by extension 'colcon_pkg'
[0.434s] Level 1:colcon.colcon_core.package_identification:_identify(workspace/src/s8_py_slam) by extensions ['colcon_meta']
[0.434s] Level 1:colcon.colcon_core.package_identification:_identify(workspace/src/s8_py_slam) by extension 'colcon_meta'
[0.434s] Level 1:colcon.colcon_core.package_identification:_identify(workspace/src/s8_py_slam) by extensions ['ros']
[0.434s] Level 1:colcon.colcon_core.package_identification:_identify(workspace/src/s8_py_slam) by extension 'ros'
[0.435s] DEBUG:colcon.colcon_core.package_identification:Package 'workspace/src/s8_py_slam' with type 'ros.ament_python' and name 's8_py_slam'
[0.435s] Level 1:colcon.colcon_core.package_identification:_identify(workspace/src/sensor_fusion) by extensions ['ignore', 'ignore_ament_install']
[0.435s] Level 1:colcon.colcon_core.package_identification:_identify(workspace/src/sensor_fusion) by extension 'ignore'
[0.435s] Level 1:colcon.colcon_core.package_identification:_identify(workspace/src/sensor_fusion) by extension 'ignore_ament_install'
[0.435s] Level 1:colcon.colcon_core.package_identification:_identify(workspace/src/sensor_fusion) by extensions ['colcon_pkg']
[0.435s] Level 1:colcon.colcon_core.package_identification:_identify(workspace/src/sensor_fusion) by extension 'colcon_pkg'
[0.436s] Level 1:colcon.colcon_core.package_identification:_identify(workspace/src/sensor_fusion) by extensions ['colcon_meta']
[0.436s] Level 1:colcon.colcon_core.package_identification:_identify(workspace/src/sensor_fusion) by extension 'colcon_meta'
[0.436s] Level 1:colcon.colcon_core.package_identification:_identify(workspace/src/sensor_fusion) by extensions ['ros']
[0.436s] Level 1:colcon.colcon_core.package_identification:_identify(workspace/src/sensor_fusion) by extension 'ros'
[0.437s] DEBUG:colcon.colcon_core.package_identification:Package 'workspace/src/sensor_fusion' with type 'ros.ament_cmake' and name 'sensor_fusion'
[0.437s] Level 1:colcon.colcon_core.package_identification:_identify(workspace/src/simulation) by extensions ['ignore', 'ignore_ament_install']
[0.437s] Level 1:colcon.colcon_core.package_identification:_identify(workspace/src/simulation) by extension 'ignore'
[0.437s] Level 1:colcon.colcon_core.package_identification:_identify(workspace/src/simulation) by extension 'ignore_ament_install'
[0.437s] Level 1:colcon.colcon_core.package_identification:_identify(workspace/src/simulation) by extensions ['colcon_pkg']
[0.437s] Level 1:colcon.colcon_core.package_identification:_identify(workspace/src/simulation) by extension 'colcon_pkg'
[0.437s] Level 1:colcon.colcon_core.package_identification:_identify(workspace/src/simulation) by extensions ['colcon_meta']
[0.437s] Level 1:colcon.colcon_core.package_identification:_identify(workspace/src/simulation) by extension 'colcon_meta'
[0.437s] Level 1:colcon.colcon_core.package_identification:_identify(workspace/src/simulation) by extensions ['ros']
[0.437s] Level 1:colcon.colcon_core.package_identification:_identify(workspace/src/simulation) by extension 'ros'
[0.438s] DEBUG:colcon.colcon_core.package_identification:Package 'workspace/src/simulation' with type 'ros.ament_python' and name 'simulation'
[0.438s] Level 1:colcon.colcon_core.package_discovery:discover_packages(recursive) using defaults
[0.438s] Level 1:colcon.colcon_core.package_discovery:discover_packages(ignore) discover
[0.438s] Level 1:colcon.colcon_core.package_discovery:discover_packages(ignore) using defaults
[0.438s] Level 1:colcon.colcon_core.package_discovery:discover_packages(path) discover
[0.438s] Level 1:colcon.colcon_core.package_discovery:discover_packages(path) using defaults
[0.463s] INFO:colcon.colcon_core.package_selection:Skipping not selected package 'control' in 'workspace/src/control'
[0.463s] INFO:colcon.colcon_core.package_selection:Skipping not selected package 'filter_tuning' in 'workspace/src/filter_tuning'
[0.463s] INFO:colcon.colcon_core.package_selection:Skipping not selected package 'odometry' in 'workspace/src/odometry'
[0.463s] INFO:colcon.colcon_core.package_selection:Skipping not selected package 'py_package' in 'workspace/src/py_package'
[0.463s] INFO:colcon.colcon_core.package_selection:Skipping not selected package 's7_robot_network_interface' in 'workspace/src/s7_robot_network_interface'
[0.463s] INFO:colcon.colcon_core.package_selection:Skipping not selected package 's8_py_slam' in 'workspace/src/s8_py_slam'
[0.463s] INFO:colcon.colcon_core.package_selection:Skipping not selected package 'simulation' in 'workspace/src/simulation'
[0.463s] INFO:colcon.colcon_core.package_selection:Skipping not selected package 's7_py_client_robot' in 'workspace/src/s7_py_client_robot'
[0.463s] INFO:colcon.colcon_core.package_selection:Skipping not selected package 's7_py_robot_task_monitoring' in 'workspace/src/s7_py_robot_task_monitoring'
[0.463s] INFO:colcon.colcon_core.package_selection:Skipping not selected package 's7_py_task_manager' in 'workspace/src/s7_py_task_manager'
[0.464s] Level 1:colcon.colcon_core.package_discovery:discover_packages(prefix_path) check parameters
[0.464s] Level 1:colcon.colcon_core.package_discovery:discover_packages(prefix_path) discover
[0.469s] DEBUG:colcon.colcon_installed_package_information.package_discovery:Found 2 installed packages in /home/yahboom/TE3003B/workspace/install
[0.470s] DEBUG:colcon.colcon_installed_package_information.package_discovery:Found 4 installed packages in /home/yahboom/dev_ws/install
[0.471s] DEBUG:colcon.colcon_installed_package_information.package_discovery:Found 13 installed packages in /home/yahboom/yahboomcar_ros2_ws/software/library_ws/install
[0.473s] DEBUG:colcon.colcon_installed_package_information.package_discovery:Found 18 installed packages in /home/yahboom/yahboomcar_ros2_ws/yahboomcar_ws/install
[0.476s] DEBUG:colcon.colcon_installed_package_information.package_discovery:Found 348 installed packages in /opt/ros/foxy
[0.478s] Level 1:colcon.colcon_core.package_discovery:discover_packages(prefix_path) using defaults
[0.573s] Level 5:colcon.colcon_core.verb:set package 'sensor_fusion' build argument 'cmake_args' from command line to 'None'
[0.573s] Level 5:colcon.colcon_core.verb:set package 'sensor_fusion' build argument 'cmake_target' from command line to 'None'
[0.573s] Level 5:colcon.colcon_core.verb:set package 'sensor_fusion' build argument 'cmake_target_skip_unavailable' from command line to 'False'
[0.573s] Level 5:colcon.colcon_core.verb:set package 'sensor_fusion' build argument 'cmake_clean_cache' from command line to 'False'
[0.573s] Level 5:colcon.colcon_core.verb:set package 'sensor_fusion' build argument 'cmake_clean_first' from command line to 'False'
[0.573s] Level 5:colcon.colcon_core.verb:set package 'sensor_fusion' build argument 'cmake_force_configure' from command line to 'False'
[0.573s] Level 5:colcon.colcon_core.verb:set package 'sensor_fusion' build argument 'ament_cmake_args' from command line to 'None'
[0.573s] Level 5:colcon.colcon_core.verb:set package 'sensor_fusion' build argument 'catkin_cmake_args' from command line to 'None'
[0.573s] Level 5:colcon.colcon_core.verb:set package 'sensor_fusion' build argument 'catkin_skip_building_tests' from command line to 'False'
[0.573s] DEBUG:colcon.colcon_core.verb:Building package 'sensor_fusion' with the following arguments: {'ament_cmake_args': None, 'build_base': '/home/yahboom/TE3003B/build/sensor_fusion', 'catkin_cmake_args': None, 'catkin_skip_building_tests': False, 'cmake_args': None, 'cmake_clean_cache': False, 'cmake_clean_first': False, 'cmake_force_configure': False, 'cmake_target': None, 'cmake_target_skip_unavailable': False, 'install_base': '/home/yahboom/TE3003B/install/sensor_fusion', 'merge_install': False, 'path': '/home/yahboom/TE3003B/workspace/src/sensor_fusion', 'symlink_install': False, 'test_result_base': None}
[0.574s] INFO:colcon.colcon_core.executor:Executing jobs using 'parallel' executor
[0.578s] DEBUG:colcon.colcon_parallel_executor.executor.parallel:run_until_complete
[0.578s] INFO:colcon.colcon_ros.task.ament_cmake.build:Building ROS package in '/home/yahboom/TE3003B/workspace/src/sensor_fusion' with build type 'ament_cmake'
[0.578s] INFO:colcon.colcon_cmake.task.cmake.build:Building CMake package in '/home/yahboom/TE3003B/workspace/src/sensor_fusion'
[0.585s] INFO:colcon.colcon_core.plugin_system:Skipping extension 'colcon_core.shell.bat': Not used on non-Windows systems
[0.586s] INFO:colcon.colcon_core.shell:Skip shell extension 'powershell' for command environment: Not usable outside of PowerShell
[0.586s] DEBUG:colcon.colcon_core.shell:Skip shell extension 'dsv' for command environment
[0.608s] DEBUG:colcon.colcon_core.event_handler.log_command:Invoking command in '/home/yahboom/TE3003B/build/sensor_fusion': CMAKE_PREFIX_PATH=${CMAKE_PREFIX_PATH}:/home/yahboom/TE3003B/workspace/install/simulation:/home/yahboom/dev_ws/install/yahboomcar_rviz:/home/yahboom/dev_ws/install/yahboomcar_nav:/home/yahboom/dev_ws/install/yahboomcar_multi:/home/yahboom/dev_ws/install/yahboomcar_description:/home/yahboom/yahboomcar_ros2_ws/yahboomcar_ws/install/yahboomcar_voice_ctrl:/home/yahboom/yahboomcar_ros2_ws/yahboomcar_ws/install/yahboomcar_visual:/home/yahboom/yahboomcar_ros2_ws/yahboomcar_ws/install/yahboomcar_nav:/home/yahboom/yahboomcar_ros2_ws/yahboomcar_ws/install/yahboomcar_mediapipe:/home/yahboom/yahboomcar_ros2_ws/yahboomcar_ws/install/yahboomcar_linefollow:/home/yahboom/yahboomcar_ros2_ws/yahboomcar_ws/install/yahboomcar_laser:/home/yahboom/yahboomcar_ros2_ws/yahboomcar_ws/install/yahboomcar_description_x1:/home/yahboom/yahboomcar_ros2_ws/yahboomcar_ws/install/yahboomcar_description:/home/yahboom/yahboomcar_ros2_ws/yahboomcar_ws/install/yahboomcar_ctrl:/home/yahboom/yahboomcar_ros2_ws/yahboomcar_ws/install/yahboomcar_bringup:/home/yahboom/yahboomcar_ros2_ws/yahboomcar_ws/install/yahboomcar_astra:/home/yahboom/yahboomcar_ros2_ws/yahboomcar_ws/install/robot_pose_publisher:/home/yahboom/yahboomcar_ros2_ws/yahboomcar_ws/install/laserscan_to_point_pulisher:/opt/ros/foxy /usr/bin/cmake /home/yahboom/TE3003B/workspace/src/sensor_fusion -DCMAKE_INSTALL_PREFIX=/home/yahboom/TE3003B/install/sensor_fusion
[3.831s] DEBUG:colcon.colcon_core.event_handler.log_command:Invoked command in '/home/yahboom/TE3003B/build/sensor_fusion' returned '0': CMAKE_PREFIX_PATH=${CMAKE_PREFIX_PATH}:/home/yahboom/TE3003B/workspace/install/simulation:/home/yahboom/dev_ws/install/yahboomcar_rviz:/home/yahboom/dev_ws/install/yahboomcar_nav:/home/yahboom/dev_ws/install/yahboomcar_multi:/home/yahboom/dev_ws/install/yahboomcar_description:/home/yahboom/yahboomcar_ros2_ws/yahboomcar_ws/install/yahboomcar_voice_ctrl:/home/yahboom/yahboomcar_ros2_ws/yahboomcar_ws/install/yahboomcar_visual:/home/yahboom/yahboomcar_ros2_ws/yahboomcar_ws/install/yahboomcar_nav:/home/yahboom/yahboomcar_ros2_ws/yahboomcar_ws/install/yahboomcar_mediapipe:/home/yahboom/yahboomcar_ros2_ws/yahboomcar_ws/install/yahboomcar_linefollow:/home/yahboom/yahboomcar_ros2_ws/yahboomcar_ws/install/yahboomcar_laser:/home/yahboom/yahboomcar_ros2_ws/yahboomcar_ws/install/yahboomcar_description_x1:/home/yahboom/yahboomcar_ros2_ws/yahboomcar_ws/install/yahboomcar_description:/home/yahboom/yahboomcar_ros2_ws/yahboomcar_ws/install/yahboomcar_ctrl:/home/yahboom/yahboomcar_ros2_ws/yahboomcar_ws/install/yahboomcar_bringup:/home/yahboom/yahboomcar_ros2_ws/yahboomcar_ws/install/yahboomcar_astra:/home/yahboom/yahboomcar_ros2_ws/yahboomcar_ws/install/robot_pose_publisher:/home/yahboom/yahboomcar_ros2_ws/yahboomcar_ws/install/laserscan_to_point_pulisher:/opt/ros/foxy /usr/bin/cmake /home/yahboom/TE3003B/workspace/src/sensor_fusion -DCMAKE_INSTALL_PREFIX=/home/yahboom/TE3003B/install/sensor_fusion
[3.838s] DEBUG:colcon.colcon_core.event_handler.log_command:Invoking command in '/home/yahboom/TE3003B/build/sensor_fusion': CMAKE_PREFIX_PATH=${CMAKE_PREFIX_PATH}:/home/yahboom/TE3003B/workspace/install/simulation:/home/yahboom/dev_ws/install/yahboomcar_rviz:/home/yahboom/dev_ws/install/yahboomcar_nav:/home/yahboom/dev_ws/install/yahboomcar_multi:/home/yahboom/dev_ws/install/yahboomcar_description:/home/yahboom/yahboomcar_ros2_ws/yahboomcar_ws/install/yahboomcar_voice_ctrl:/home/yahboom/yahboomcar_ros2_ws/yahboomcar_ws/install/yahboomcar_visual:/home/yahboom/yahboomcar_ros2_ws/yahboomcar_ws/install/yahboomcar_nav:/home/yahboom/yahboomcar_ros2_ws/yahboomcar_ws/install/yahboomcar_mediapipe:/home/yahboom/yahboomcar_ros2_ws/yahboomcar_ws/install/yahboomcar_linefollow:/home/yahboom/yahboomcar_ros2_ws/yahboomcar_ws/install/yahboomcar_laser:/home/yahboom/yahboomcar_ros2_ws/yahboomcar_ws/install/yahboomcar_description_x1:/home/yahboom/yahboomcar_ros2_ws/yahboomcar_ws/install/yahboomcar_description:/home/yahboom/yahboomcar_ros2_ws/yahboomcar_ws/install/yahboomcar_ctrl:/home/yahboom/yahboomcar_ros2_ws/yahboomcar_ws/install/yahboomcar_bringup:/home/yahboom/yahboomcar_ros2_ws/yahboomcar_ws/install/yahboomcar_astra:/home/yahboom/yahboomcar_ros2_ws/yahboomcar_ws/install/robot_pose_publisher:/home/yahboom/yahboomcar_ros2_ws/yahboomcar_ws/install/laserscan_to_point_pulisher:/opt/ros/foxy /usr/bin/cmake --build /home/yahboom/TE3003B/build/sensor_fusion -- -j4 -l4
[4.372s] DEBUG:colcon.colcon_core.event_handler.log_command:Invoked command in '/home/yahboom/TE3003B/build/sensor_fusion' returned '2': CMAKE_PREFIX_PATH=${CMAKE_PREFIX_PATH}:/home/yahboom/TE3003B/workspace/install/simulation:/home/yahboom/dev_ws/install/yahboomcar_rviz:/home/yahboom/dev_ws/install/yahboomcar_nav:/home/yahboom/dev_ws/install/yahboomcar_multi:/home/yahboom/dev_ws/install/yahboomcar_description:/home/yahboom/yahboomcar_ros2_ws/yahboomcar_ws/install/yahboomcar_voice_ctrl:/home/yahboom/yahboomcar_ros2_ws/yahboomcar_ws/install/yahboomcar_visual:/home/yahboom/yahboomcar_ros2_ws/yahboomcar_ws/install/yahboomcar_nav:/home/yahboom/yahboomcar_ros2_ws/yahboomcar_ws/install/yahboomcar_mediapipe:/home/yahboom/yahboomcar_ros2_ws/yahboomcar_ws/install/yahboomcar_linefollow:/home/yahboom/yahboomcar_ros2_ws/yahboomcar_ws/install/yahboomcar_laser:/home/yahboom/yahboomcar_ros2_ws/yahboomcar_ws/install/yahboomcar_description_x1:/home/yahboom/yahboomcar_ros2_ws/yahboomcar_ws/install/yahboomcar_description:/home/yahboom/yahboomcar_ros2_ws/yahboomcar_ws/install/yahboomcar_ctrl:/home/yahboom/yahboomcar_ros2_ws/yahboomcar_ws/install/yahboomcar_bringup:/home/yahboom/yahboomcar_ros2_ws/yahboomcar_ws/install/yahboomcar_astra:/home/yahboom/yahboomcar_ros2_ws/yahboomcar_ws/install/robot_pose_publisher:/home/yahboom/yahboomcar_ros2_ws/yahboomcar_ws/install/laserscan_to_point_pulisher:/opt/ros/foxy /usr/bin/cmake --build /home/yahboom/TE3003B/build/sensor_fusion -- -j4 -l4
[4.440s] Level 1:colcon.colcon_core.environment:create_environment_scripts_only(sensor_fusion)
[4.446s] Level 1:colcon.colcon_core.environment:checking '/home/yahboom/TE3003B/install/sensor_fusion' for CMake module files
[4.447s] Level 1:colcon.colcon_core.environment:checking '/home/yahboom/TE3003B/install/sensor_fusion' for CMake config files
[4.447s] Level 1:colcon.colcon_core.environment:checking '/home/yahboom/TE3003B/install/sensor_fusion/bin'
[4.447s] Level 1:colcon.colcon_core.environment:checking '/home/yahboom/TE3003B/install/sensor_fusion/lib/pkgconfig/sensor_fusion.pc'
[4.448s] Level 1:colcon.colcon_core.environment:checking '/home/yahboom/TE3003B/install/sensor_fusion/lib/python3.8/site-packages'
[4.448s] Level 1:colcon.colcon_core.environment:checking '/home/yahboom/TE3003B/install/sensor_fusion/bin'
[4.449s] INFO:colcon.colcon_core.shell:Creating package script '/home/yahboom/TE3003B/install/sensor_fusion/share/sensor_fusion/package.ps1'
[4.450s] INFO:colcon.colcon_core.shell:Creating package descriptor '/home/yahboom/TE3003B/install/sensor_fusion/share/sensor_fusion/package.dsv'
[4.452s] INFO:colcon.colcon_core.shell:Creating package script '/home/yahboom/TE3003B/install/sensor_fusion/share/sensor_fusion/package.sh'
[4.453s] INFO:colcon.colcon_core.shell:Creating package script '/home/yahboom/TE3003B/install/sensor_fusion/share/sensor_fusion/package.bash'
[4.453s] INFO:colcon.colcon_core.shell:Creating package script '/home/yahboom/TE3003B/install/sensor_fusion/share/sensor_fusion/package.zsh'
[4.454s] Level 1:colcon.colcon_core.environment:create_file_with_runtime_dependencies(/home/yahboom/TE3003B/install/sensor_fusion/share/colcon-core/packages/sensor_fusion)
[4.465s] DEBUG:colcon.colcon_parallel_executor.executor.parallel:closing loop
[4.465s] DEBUG:colcon.colcon_parallel_executor.executor.parallel:loop closed
[4.465s] DEBUG:colcon.colcon_parallel_executor.executor.parallel:run_until_complete finished with '2'
[4.465s] DEBUG:colcon.colcon_core.event_reactor:joining thread
[4.474s] INFO:colcon.colcon_core.plugin_system:Skipping extension 'colcon_notification.desktop_notification.terminal_notifier': Not used on non-Darwin systems
[4.475s] INFO:colcon.colcon_core.plugin_system:Skipping extension 'colcon_notification.desktop_notification.win32': Not used on non-Windows systems
[4.475s] INFO:colcon.colcon_notification.desktop_notification:Sending desktop notification using 'notify2'
[4.498s] DEBUG:colcon.colcon_core.event_reactor:joined thread
[4.499s] INFO:colcon.colcon_core.shell:Creating prefix script '/home/yahboom/TE3003B/install/local_setup.ps1'
[4.500s] INFO:colcon.colcon_core.shell:Creating prefix util module '/home/yahboom/TE3003B/install/_local_setup_util_ps1.py'
[4.502s] INFO:colcon.colcon_core.shell:Creating prefix chain script '/home/yahboom/TE3003B/install/setup.ps1'
[4.506s] INFO:colcon.colcon_core.shell:Creating prefix script '/home/yahboom/TE3003B/install/local_setup.sh'
[4.507s] INFO:colcon.colcon_core.shell:Creating prefix util module '/home/yahboom/TE3003B/install/_local_setup_util_sh.py'
[4.507s] INFO:colcon.colcon_core.shell:Creating prefix chain script '/home/yahboom/TE3003B/install/setup.sh'
[4.513s] INFO:colcon.colcon_core.shell:Creating prefix script '/home/yahboom/TE3003B/install/local_setup.bash'
[4.514s] INFO:colcon.colcon_core.shell:Creating prefix chain script '/home/yahboom/TE3003B/install/setup.bash'
[4.517s] INFO:colcon.colcon_core.shell:Creating prefix script '/home/yahboom/TE3003B/install/local_setup.zsh'
[4.518s] INFO:colcon.colcon_core.shell:Creating prefix chain script '/home/yahboom/TE3003B/install/setup.zsh'
