running egg_info
writing ../../build/s8_py_slam/s8_py_slam.egg-info/PKG-INFO
writing dependency_links to ../../build/s8_py_slam/s8_py_slam.egg-info/dependency_links.txt
writing entry points to ../../build/s8_py_slam/s8_py_slam.egg-info/entry_points.txt
writing requirements to ../../build/s8_py_slam/s8_py_slam.egg-info/requires.txt
writing top-level names to ../../build/s8_py_slam/s8_py_slam.egg-info/top_level.txt
reading manifest file '../../build/s8_py_slam/s8_py_slam.egg-info/SOURCES.txt'
writing manifest file '../../build/s8_py_slam/s8_py_slam.egg-info/SOURCES.txt'
running build
running build_py
running install
running install_lib
running install_data
copying launch/display_robot.launch.py -> /home/yahboom/TE3003B/simulation_workspace/install/s8_py_slam/share/s8_py_slam/launch
running install_egg_info
removing '/home/yahboom/TE3003B/simulation_workspace/install/s8_py_slam/lib/python3.8/site-packages/s8_py_slam-0.0.0-py3.8.egg-info' (and everything under it)
Copying ../../build/s8_py_slam/s8_py_slam.egg-info to /home/yahboom/TE3003B/simulation_workspace/install/s8_py_slam/lib/python3.8/site-packages/s8_py_slam-0.0.0-py3.8.egg-info
running install_scripts
Installing map_terminal_printer_exe script to /home/yahboom/TE3003B/simulation_workspace/install/s8_py_slam/lib/s8_py_slam
Installing pose_publisher_exe script to /home/yahboom/TE3003B/simulation_workspace/install/s8_py_slam/lib/s8_py_slam
Installing relative_map_terminal_printer_exe script to /home/yahboom/TE3003B/simulation_workspace/install/s8_py_slam/lib/s8_py_slam
writing list of installed files to '/home/yahboom/TE3003B/simulation_workspace/build/s8_py_slam/install.log'
