[0.781s] DEBUG:colcon:Command line arguments: ['/usr/bin/colcon', 'build']
[0.781s] DEBUG:colcon:Parsed command line arguments: Namespace(allow_overriding=[], ament_cmake_args=None, base_paths=['.'], build_base='build', catkin_cmake_args=None, catkin_skip_building_tests=False, cmake_args=None, cmake_clean_cache=False, cmake_clean_first=False, cmake_force_configure=False, cmake_target=None, cmake_target_skip_unavailable=False, continue_on_error=False, event_handlers=None, executor='parallel', ignore_user_meta=False, install_base='install', log_base=None, log_level=None, main=<bound method BuildVerb.main of <colcon_core.verb.build.BuildVerb object at 0x7fe791854970>>, merge_install=False, metas=['./colcon.meta'], packages_above=None, packages_above_and_dependencies=None, packages_above_depth=None, packages_end=None, packages_ignore=None, packages_ignore_regex=None, packages_select=None, packages_select_build_failed=False, packages_select_by_dep=None, packages_select_regex=None, packages_select_test_failures=False, packages_skip=None, packages_skip_build_finished=False, packages_skip_by_dep=None, packages_skip_regex=None, packages_skip_test_passed=False, packages_skip_up_to=None, packages_start=None, packages_up_to=None, packages_up_to_regex=None, parallel_workers=4, paths=None, symlink_install=False, test_result_base=None, verb_extension=<colcon_core.verb.build.BuildVerb object at 0x7fe791854970>, verb_name='build', verb_parser=<colcon_defaults.argument_parser.defaults.DefaultArgumentsDecorator object at 0x7fe791854ee0>)
[0.847s] Level 1:colcon.colcon_core.package_discovery:discover_packages(colcon_meta) check parameters
[0.848s] Level 1:colcon.colcon_core.package_discovery:discover_packages(recursive) check parameters
[0.848s] Level 1:colcon.colcon_core.package_discovery:discover_packages(ignore) check parameters
[0.848s] Level 1:colcon.colcon_core.package_discovery:discover_packages(path) check parameters
[0.848s] Level 1:colcon.colcon_core.package_discovery:discover_packages(colcon_meta) discover
[0.848s] Level 1:colcon.colcon_core.package_discovery:discover_packages(recursive) discover
[0.848s] INFO:colcon.colcon_core.package_discovery:Crawling recursively for packages in '/home/yahboom/TE3003B/simulation_workspace'
[0.849s] Level 1:colcon.colcon_core.package_identification:_identify(.) by extensions ['ignore', 'ignore_ament_install']
[0.849s] Level 1:colcon.colcon_core.package_identification:_identify(.) by extension 'ignore'
[0.849s] Level 1:colcon.colcon_core.package_identification:_identify(.) by extension 'ignore_ament_install'
[0.849s] Level 1:colcon.colcon_core.package_identification:_identify(.) by extensions ['colcon_pkg']
[0.849s] Level 1:colcon.colcon_core.package_identification:_identify(.) by extension 'colcon_pkg'
[0.849s] Level 1:colcon.colcon_core.package_identification:_identify(.) by extensions ['colcon_meta']
[0.850s] Level 1:colcon.colcon_core.package_identification:_identify(.) by extension 'colcon_meta'
[0.850s] Level 1:colcon.colcon_core.package_identification:_identify(.) by extensions ['ros']
[0.850s] Level 1:colcon.colcon_core.package_identification:_identify(.) by extension 'ros'
[0.889s] Level 1:colcon.colcon_core.package_identification:_identify(.) by extensions ['cmake', 'python']
[0.889s] Level 1:colcon.colcon_core.package_identification:_identify(.) by extension 'cmake'
[0.890s] Level 1:colcon.colcon_core.package_identification:_identify(.) by extension 'python'
[0.890s] Level 1:colcon.colcon_core.package_identification:_identify(.) by extensions ['python_setup_py']
[0.890s] Level 1:colcon.colcon_core.package_identification:_identify(.) by extension 'python_setup_py'
[0.890s] Level 1:colcon.colcon_core.package_identification:_identify(build) by extensions ['ignore', 'ignore_ament_install']
[0.890s] Level 1:colcon.colcon_core.package_identification:_identify(build) by extension 'ignore'
[0.890s] Level 1:colcon.colcon_core.package_identification:_identify(build) ignored
[0.891s] Level 1:colcon.colcon_core.package_identification:_identify(install) by extensions ['ignore', 'ignore_ament_install']
[0.891s] Level 1:colcon.colcon_core.package_identification:_identify(install) by extension 'ignore'
[0.891s] Level 1:colcon.colcon_core.package_identification:_identify(install) ignored
[0.891s] Level 1:colcon.colcon_core.package_identification:_identify(log) by extensions ['ignore', 'ignore_ament_install']
[0.892s] Level 1:colcon.colcon_core.package_identification:_identify(log) by extension 'ignore'
[0.892s] Level 1:colcon.colcon_core.package_identification:_identify(log) ignored
[0.892s] Level 1:colcon.colcon_core.package_identification:_identify(src) by extensions ['ignore', 'ignore_ament_install']
[0.892s] Level 1:colcon.colcon_core.package_identification:_identify(src) by extension 'ignore'
[0.892s] Level 1:colcon.colcon_core.package_identification:_identify(src) by extension 'ignore_ament_install'
[0.892s] Level 1:colcon.colcon_core.package_identification:_identify(src) by extensions ['colcon_pkg']
[0.893s] Level 1:colcon.colcon_core.package_identification:_identify(src) by extension 'colcon_pkg'
[0.893s] Level 1:colcon.colcon_core.package_identification:_identify(src) by extensions ['colcon_meta']
[0.893s] Level 1:colcon.colcon_core.package_identification:_identify(src) by extension 'colcon_meta'
[0.893s] Level 1:colcon.colcon_core.package_identification:_identify(src) by extensions ['ros']
[0.893s] Level 1:colcon.colcon_core.package_identification:_identify(src) by extension 'ros'
[0.893s] Level 1:colcon.colcon_core.package_identification:_identify(src) by extensions ['cmake', 'python']
[0.893s] Level 1:colcon.colcon_core.package_identification:_identify(src) by extension 'cmake'
[0.894s] Level 1:colcon.colcon_core.package_identification:_identify(src) by extension 'python'
[0.894s] Level 1:colcon.colcon_core.package_identification:_identify(src) by extensions ['python_setup_py']
[0.894s] Level 1:colcon.colcon_core.package_identification:_identify(src) by extension 'python_setup_py'
[0.894s] Level 1:colcon.colcon_core.package_identification:_identify(src/s7_py_robot_task_monitoring) by extensions ['ignore', 'ignore_ament_install']
[0.894s] Level 1:colcon.colcon_core.package_identification:_identify(src/s7_py_robot_task_monitoring) by extension 'ignore'
[0.894s] Level 1:colcon.colcon_core.package_identification:_identify(src/s7_py_robot_task_monitoring) by extension 'ignore_ament_install'
[0.895s] Level 1:colcon.colcon_core.package_identification:_identify(src/s7_py_robot_task_monitoring) by extensions ['colcon_pkg']
[0.895s] Level 1:colcon.colcon_core.package_identification:_identify(src/s7_py_robot_task_monitoring) by extension 'colcon_pkg'
[0.895s] Level 1:colcon.colcon_core.package_identification:_identify(src/s7_py_robot_task_monitoring) by extensions ['colcon_meta']
[0.895s] Level 1:colcon.colcon_core.package_identification:_identify(src/s7_py_robot_task_monitoring) by extension 'colcon_meta'
[0.895s] Level 1:colcon.colcon_core.package_identification:_identify(src/s7_py_robot_task_monitoring) by extensions ['ros']
[0.895s] Level 1:colcon.colcon_core.package_identification:_identify(src/s7_py_robot_task_monitoring) by extension 'ros'
[0.900s] DEBUG:colcon.colcon_core.package_identification:Package 'src/s7_py_robot_task_monitoring' with type 'ros.ament_python' and name 's7_py_robot_task_monitoring'
[0.900s] Level 1:colcon.colcon_core.package_identification:_identify(src/s7_py_task_manager) by extensions ['ignore', 'ignore_ament_install']
[0.901s] Level 1:colcon.colcon_core.package_identification:_identify(src/s7_py_task_manager) by extension 'ignore'
[0.901s] Level 1:colcon.colcon_core.package_identification:_identify(src/s7_py_task_manager) by extension 'ignore_ament_install'
[0.901s] Level 1:colcon.colcon_core.package_identification:_identify(src/s7_py_task_manager) by extensions ['colcon_pkg']
[0.901s] Level 1:colcon.colcon_core.package_identification:_identify(src/s7_py_task_manager) by extension 'colcon_pkg'
[0.901s] Level 1:colcon.colcon_core.package_identification:_identify(src/s7_py_task_manager) by extensions ['colcon_meta']
[0.901s] Level 1:colcon.colcon_core.package_identification:_identify(src/s7_py_task_manager) by extension 'colcon_meta'
[0.901s] Level 1:colcon.colcon_core.package_identification:_identify(src/s7_py_task_manager) by extensions ['ros']
[0.902s] Level 1:colcon.colcon_core.package_identification:_identify(src/s7_py_task_manager) by extension 'ros'
[0.903s] DEBUG:colcon.colcon_core.package_identification:Package 'src/s7_py_task_manager' with type 'ros.ament_python' and name 's7_py_task_manager'
[0.903s] Level 1:colcon.colcon_core.package_identification:_identify(src/s7_robot_network_interface) by extensions ['ignore', 'ignore_ament_install']
[0.903s] Level 1:colcon.colcon_core.package_identification:_identify(src/s7_robot_network_interface) by extension 'ignore'
[0.904s] Level 1:colcon.colcon_core.package_identification:_identify(src/s7_robot_network_interface) by extension 'ignore_ament_install'
[0.904s] Level 1:colcon.colcon_core.package_identification:_identify(src/s7_robot_network_interface) by extensions ['colcon_pkg']
[0.904s] Level 1:colcon.colcon_core.package_identification:_identify(src/s7_robot_network_interface) by extension 'colcon_pkg'
[0.904s] Level 1:colcon.colcon_core.package_identification:_identify(src/s7_robot_network_interface) by extensions ['colcon_meta']
[0.904s] Level 1:colcon.colcon_core.package_identification:_identify(src/s7_robot_network_interface) by extension 'colcon_meta'
[0.904s] Level 1:colcon.colcon_core.package_identification:_identify(src/s7_robot_network_interface) by extensions ['ros']
[0.904s] Level 1:colcon.colcon_core.package_identification:_identify(src/s7_robot_network_interface) by extension 'ros'
[0.905s] DEBUG:colcon.colcon_core.package_identification:Package 'src/s7_robot_network_interface' with type 'ros.ament_cmake' and name 's7_robot_network_interface'
[0.906s] Level 1:colcon.colcon_core.package_identification:_identify(src/s8_py_slam) by extensions ['ignore', 'ignore_ament_install']
[0.906s] Level 1:colcon.colcon_core.package_identification:_identify(src/s8_py_slam) by extension 'ignore'
[0.906s] Level 1:colcon.colcon_core.package_identification:_identify(src/s8_py_slam) by extension 'ignore_ament_install'
[0.906s] Level 1:colcon.colcon_core.package_identification:_identify(src/s8_py_slam) by extensions ['colcon_pkg']
[0.906s] Level 1:colcon.colcon_core.package_identification:_identify(src/s8_py_slam) by extension 'colcon_pkg'
[0.906s] Level 1:colcon.colcon_core.package_identification:_identify(src/s8_py_slam) by extensions ['colcon_meta']
[0.906s] Level 1:colcon.colcon_core.package_identification:_identify(src/s8_py_slam) by extension 'colcon_meta'
[0.907s] Level 1:colcon.colcon_core.package_identification:_identify(src/s8_py_slam) by extensions ['ros']
[0.907s] Level 1:colcon.colcon_core.package_identification:_identify(src/s8_py_slam) by extension 'ros'
[0.908s] DEBUG:colcon.colcon_core.package_identification:Package 'src/s8_py_slam' with type 'ros.ament_python' and name 's8_py_slam'
[0.908s] Level 1:colcon.colcon_core.package_discovery:discover_packages(recursive) using defaults
[0.908s] Level 1:colcon.colcon_core.package_discovery:discover_packages(ignore) discover
[0.908s] Level 1:colcon.colcon_core.package_discovery:discover_packages(ignore) using defaults
[0.909s] Level 1:colcon.colcon_core.package_discovery:discover_packages(path) discover
[0.909s] Level 1:colcon.colcon_core.package_discovery:discover_packages(path) using defaults
[0.954s] Level 1:colcon.colcon_core.package_discovery:discover_packages(prefix_path) check parameters
[0.954s] Level 1:colcon.colcon_core.package_discovery:discover_packages(prefix_path) discover
[0.973s] DEBUG:colcon.colcon_installed_package_information.package_discovery:Found 9 installed packages in /home/yahboom/TE3003B/workspace/install
[0.975s] DEBUG:colcon.colcon_installed_package_information.package_discovery:Found 4 installed packages in /home/yahboom/dev_ws/install
[0.978s] DEBUG:colcon.colcon_installed_package_information.package_discovery:Found 13 installed packages in /home/yahboom/yahboomcar_ros2_ws/software/library_ws/install
[0.982s] DEBUG:colcon.colcon_installed_package_information.package_discovery:Found 18 installed packages in /home/yahboom/yahboomcar_ros2_ws/yahboomcar_ws/install
[0.992s] DEBUG:colcon.colcon_installed_package_information.package_discovery:Found 348 installed packages in /opt/ros/foxy
[0.997s] Level 1:colcon.colcon_core.package_discovery:discover_packages(prefix_path) using defaults
[1.198s] Level 5:colcon.colcon_core.verb:set package 's7_robot_network_interface' build argument 'cmake_args' from command line to 'None'
[1.198s] Level 5:colcon.colcon_core.verb:set package 's7_robot_network_interface' build argument 'cmake_target' from command line to 'None'
[1.198s] Level 5:colcon.colcon_core.verb:set package 's7_robot_network_interface' build argument 'cmake_target_skip_unavailable' from command line to 'False'
[1.198s] Level 5:colcon.colcon_core.verb:set package 's7_robot_network_interface' build argument 'cmake_clean_cache' from command line to 'False'
[1.199s] Level 5:colcon.colcon_core.verb:set package 's7_robot_network_interface' build argument 'cmake_clean_first' from command line to 'False'
[1.199s] Level 5:colcon.colcon_core.verb:set package 's7_robot_network_interface' build argument 'cmake_force_configure' from command line to 'False'
[1.199s] Level 5:colcon.colcon_core.verb:set package 's7_robot_network_interface' build argument 'ament_cmake_args' from command line to 'None'
[1.199s] Level 5:colcon.colcon_core.verb:set package 's7_robot_network_interface' build argument 'catkin_cmake_args' from command line to 'None'
[1.199s] Level 5:colcon.colcon_core.verb:set package 's7_robot_network_interface' build argument 'catkin_skip_building_tests' from command line to 'False'
[1.199s] DEBUG:colcon.colcon_core.verb:Building package 's7_robot_network_interface' with the following arguments: {'ament_cmake_args': None, 'build_base': '/home/yahboom/TE3003B/simulation_workspace/build/s7_robot_network_interface', 'catkin_cmake_args': None, 'catkin_skip_building_tests': False, 'cmake_args': None, 'cmake_clean_cache': False, 'cmake_clean_first': False, 'cmake_force_configure': False, 'cmake_target': None, 'cmake_target_skip_unavailable': False, 'install_base': '/home/yahboom/TE3003B/simulation_workspace/install/s7_robot_network_interface', 'merge_install': False, 'path': '/home/yahboom/TE3003B/simulation_workspace/src/s7_robot_network_interface', 'symlink_install': False, 'test_result_base': None}
[1.200s] Level 5:colcon.colcon_core.verb:set package 's8_py_slam' build argument 'cmake_args' from command line to 'None'
[1.200s] Level 5:colcon.colcon_core.verb:set package 's8_py_slam' build argument 'cmake_target' from command line to 'None'
[1.200s] Level 5:colcon.colcon_core.verb:set package 's8_py_slam' build argument 'cmake_target_skip_unavailable' from command line to 'False'
[1.200s] Level 5:colcon.colcon_core.verb:set package 's8_py_slam' build argument 'cmake_clean_cache' from command line to 'False'
[1.201s] Level 5:colcon.colcon_core.verb:set package 's8_py_slam' build argument 'cmake_clean_first' from command line to 'False'
[1.201s] Level 5:colcon.colcon_core.verb:set package 's8_py_slam' build argument 'cmake_force_configure' from command line to 'False'
[1.201s] Level 5:colcon.colcon_core.verb:set package 's8_py_slam' build argument 'ament_cmake_args' from command line to 'None'
[1.201s] Level 5:colcon.colcon_core.verb:set package 's8_py_slam' build argument 'catkin_cmake_args' from command line to 'None'
[1.201s] Level 5:colcon.colcon_core.verb:set package 's8_py_slam' build argument 'catkin_skip_building_tests' from command line to 'False'
[1.201s] DEBUG:colcon.colcon_core.verb:Building package 's8_py_slam' with the following arguments: {'ament_cmake_args': None, 'build_base': '/home/yahboom/TE3003B/simulation_workspace/build/s8_py_slam', 'catkin_cmake_args': None, 'catkin_skip_building_tests': False, 'cmake_args': None, 'cmake_clean_cache': False, 'cmake_clean_first': False, 'cmake_force_configure': False, 'cmake_target': None, 'cmake_target_skip_unavailable': False, 'install_base': '/home/yahboom/TE3003B/simulation_workspace/install/s8_py_slam', 'merge_install': False, 'path': '/home/yahboom/TE3003B/simulation_workspace/src/s8_py_slam', 'symlink_install': False, 'test_result_base': None}
[1.202s] Level 5:colcon.colcon_core.verb:set package 's7_py_robot_task_monitoring' build argument 'cmake_args' from command line to 'None'
[1.202s] Level 5:colcon.colcon_core.verb:set package 's7_py_robot_task_monitoring' build argument 'cmake_target' from command line to 'None'
[1.203s] Level 5:colcon.colcon_core.verb:set package 's7_py_robot_task_monitoring' build argument 'cmake_target_skip_unavailable' from command line to 'False'
[1.203s] Level 5:colcon.colcon_core.verb:set package 's7_py_robot_task_monitoring' build argument 'cmake_clean_cache' from command line to 'False'
[1.203s] Level 5:colcon.colcon_core.verb:set package 's7_py_robot_task_monitoring' build argument 'cmake_clean_first' from command line to 'False'
[1.203s] Level 5:colcon.colcon_core.verb:set package 's7_py_robot_task_monitoring' build argument 'cmake_force_configure' from command line to 'False'
[1.203s] Level 5:colcon.colcon_core.verb:set package 's7_py_robot_task_monitoring' build argument 'ament_cmake_args' from command line to 'None'
[1.203s] Level 5:colcon.colcon_core.verb:set package 's7_py_robot_task_monitoring' build argument 'catkin_cmake_args' from command line to 'None'
[1.203s] Level 5:colcon.colcon_core.verb:set package 's7_py_robot_task_monitoring' build argument 'catkin_skip_building_tests' from command line to 'False'
[1.203s] DEBUG:colcon.colcon_core.verb:Building package 's7_py_robot_task_monitoring' with the following arguments: {'ament_cmake_args': None, 'build_base': '/home/yahboom/TE3003B/simulation_workspace/build/s7_py_robot_task_monitoring', 'catkin_cmake_args': None, 'catkin_skip_building_tests': False, 'cmake_args': None, 'cmake_clean_cache': False, 'cmake_clean_first': False, 'cmake_force_configure': False, 'cmake_target': None, 'cmake_target_skip_unavailable': False, 'install_base': '/home/yahboom/TE3003B/simulation_workspace/install/s7_py_robot_task_monitoring', 'merge_install': False, 'path': '/home/yahboom/TE3003B/simulation_workspace/src/s7_py_robot_task_monitoring', 'symlink_install': False, 'test_result_base': None}
[1.204s] Level 5:colcon.colcon_core.verb:set package 's7_py_task_manager' build argument 'cmake_args' from command line to 'None'
[1.204s] Level 5:colcon.colcon_core.verb:set package 's7_py_task_manager' build argument 'cmake_target' from command line to 'None'
[1.205s] Level 5:colcon.colcon_core.verb:set package 's7_py_task_manager' build argument 'cmake_target_skip_unavailable' from command line to 'False'
[1.205s] Level 5:colcon.colcon_core.verb:set package 's7_py_task_manager' build argument 'cmake_clean_cache' from command line to 'False'
[1.205s] Level 5:colcon.colcon_core.verb:set package 's7_py_task_manager' build argument 'cmake_clean_first' from command line to 'False'
[1.205s] Level 5:colcon.colcon_core.verb:set package 's7_py_task_manager' build argument 'cmake_force_configure' from command line to 'False'
[1.205s] Level 5:colcon.colcon_core.verb:set package 's7_py_task_manager' build argument 'ament_cmake_args' from command line to 'None'
[1.205s] Level 5:colcon.colcon_core.verb:set package 's7_py_task_manager' build argument 'catkin_cmake_args' from command line to 'None'
[1.205s] Level 5:colcon.colcon_core.verb:set package 's7_py_task_manager' build argument 'catkin_skip_building_tests' from command line to 'False'
[1.205s] DEBUG:colcon.colcon_core.verb:Building package 's7_py_task_manager' with the following arguments: {'ament_cmake_args': None, 'build_base': '/home/yahboom/TE3003B/simulation_workspace/build/s7_py_task_manager', 'catkin_cmake_args': None, 'catkin_skip_building_tests': False, 'cmake_args': None, 'cmake_clean_cache': False, 'cmake_clean_first': False, 'cmake_force_configure': False, 'cmake_target': None, 'cmake_target_skip_unavailable': False, 'install_base': '/home/yahboom/TE3003B/simulation_workspace/install/s7_py_task_manager', 'merge_install': False, 'path': '/home/yahboom/TE3003B/simulation_workspace/src/s7_py_task_manager', 'symlink_install': False, 'test_result_base': None}
[1.206s] INFO:colcon.colcon_core.executor:Executing jobs using 'parallel' executor
[1.211s] DEBUG:colcon.colcon_parallel_executor.executor.parallel:run_until_complete
[1.212s] INFO:colcon.colcon_ros.task.ament_cmake.build:Building ROS package in '/home/yahboom/TE3003B/simulation_workspace/src/s7_robot_network_interface' with build type 'ament_cmake'
[1.212s] INFO:colcon.colcon_cmake.task.cmake.build:Building CMake package in '/home/yahboom/TE3003B/simulation_workspace/src/s7_robot_network_interface'
[1.224s] INFO:colcon.colcon_core.plugin_system:Skipping extension 'colcon_core.shell.bat': Not used on non-Windows systems
[1.225s] INFO:colcon.colcon_core.shell:Skip shell extension 'powershell' for command environment: Not usable outside of PowerShell
[1.225s] DEBUG:colcon.colcon_core.shell:Skip shell extension 'dsv' for command environment
[1.272s] INFO:colcon.colcon_ros.task.ament_python.build:Building ROS package in '/home/yahboom/TE3003B/simulation_workspace/src/s8_py_slam' with build type 'ament_python'
[1.278s] Level 1:colcon.colcon_core.shell:create_environment_hook('s8_py_slam', 'ament_prefix_path')
[1.287s] INFO:colcon.colcon_core.shell:Creating environment hook '/home/yahboom/TE3003B/simulation_workspace/install/s8_py_slam/share/s8_py_slam/hook/ament_prefix_path.ps1'
[1.290s] INFO:colcon.colcon_core.shell:Creating environment descriptor '/home/yahboom/TE3003B/simulation_workspace/install/s8_py_slam/share/s8_py_slam/hook/ament_prefix_path.dsv'
[1.292s] INFO:colcon.colcon_core.shell:Creating environment hook '/home/yahboom/TE3003B/simulation_workspace/install/s8_py_slam/share/s8_py_slam/hook/ament_prefix_path.sh'
[1.295s] INFO:colcon.colcon_core.shell:Skip shell extension 'powershell' for command environment: Not usable outside of PowerShell
[1.295s] DEBUG:colcon.colcon_core.shell:Skip shell extension 'dsv' for command environment
[1.367s] DEBUG:colcon.colcon_core.event_handler.log_command:Invoking command in '/home/yahboom/TE3003B/simulation_workspace/build/s7_robot_network_interface': CMAKE_PREFIX_PATH=${CMAKE_PREFIX_PATH}:/home/yahboom/TE3003B/workspace/install/simulation:/home/yahboom/TE3003B/workspace/install/s8_py_slam:/home/yahboom/dev_ws/install/yahboomcar_rviz:/home/yahboom/dev_ws/install/yahboomcar_nav:/home/yahboom/dev_ws/install/yahboomcar_multi:/home/yahboom/dev_ws/install/yahboomcar_description:/home/yahboom/yahboomcar_ros2_ws/yahboomcar_ws/install/yahboomcar_voice_ctrl:/home/yahboom/yahboomcar_ros2_ws/yahboomcar_ws/install/yahboomcar_visual:/home/yahboom/yahboomcar_ros2_ws/yahboomcar_ws/install/yahboomcar_nav:/home/yahboom/yahboomcar_ros2_ws/yahboomcar_ws/install/yahboomcar_mediapipe:/home/yahboom/yahboomcar_ros2_ws/yahboomcar_ws/install/yahboomcar_linefollow:/home/yahboom/yahboomcar_ros2_ws/yahboomcar_ws/install/yahboomcar_laser:/home/yahboom/yahboomcar_ros2_ws/yahboomcar_ws/install/yahboomcar_description_x1:/home/yahboom/yahboomcar_ros2_ws/yahboomcar_ws/install/yahboomcar_description:/home/yahboom/yahboomcar_ros2_ws/yahboomcar_ws/install/yahboomcar_ctrl:/home/yahboom/yahboomcar_ros2_ws/yahboomcar_ws/install/yahboomcar_bringup:/home/yahboom/yahboomcar_ros2_ws/yahboomcar_ws/install/yahboomcar_astra:/home/yahboom/yahboomcar_ros2_ws/yahboomcar_ws/install/robot_pose_publisher:/home/yahboom/yahboomcar_ros2_ws/yahboomcar_ws/install/laserscan_to_point_pulisher:/opt/ros/foxy /usr/bin/cmake /home/yahboom/TE3003B/simulation_workspace/src/s7_robot_network_interface -DCMAKE_INSTALL_PREFIX=/home/yahboom/TE3003B/simulation_workspace/install/s7_robot_network_interface
[2.131s] INFO:colcon.colcon_core.task.python.build:Building Python package in '/home/yahboom/TE3003B/simulation_workspace/src/s8_py_slam'
[2.140s] INFO:colcon.colcon_core.shell:Skip shell extension 'powershell' for command environment: Not usable outside of PowerShell
[2.140s] DEBUG:colcon.colcon_core.shell:Skip shell extension 'dsv' for command environment
[3.331s] DEBUG:colcon.colcon_core.event_handler.log_command:Invoking command in '/home/yahboom/TE3003B/simulation_workspace/src/s8_py_slam': PYTHONPATH=/home/yahboom/TE3003B/simulation_workspace/build/s8_py_slam/prefix_override:/home/yahboom/TE3003B/simulation_workspace/install/s8_py_slam/lib/python3.8/site-packages:${PYTHONPATH} /usr/bin/python3 setup.py egg_info --egg-base ../../build/s8_py_slam build --build-base /home/yahboom/TE3003B/simulation_workspace/build/s8_py_slam/build install --record /home/yahboom/TE3003B/simulation_workspace/build/s8_py_slam/install.log --single-version-externally-managed
[4.331s] DEBUG:colcon.colcon_core.event_handler.log_command:Invoked command in '/home/yahboom/TE3003B/simulation_workspace/src/s8_py_slam' returned '0': PYTHONPATH=/home/yahboom/TE3003B/simulation_workspace/build/s8_py_slam/prefix_override:/home/yahboom/TE3003B/simulation_workspace/install/s8_py_slam/lib/python3.8/site-packages:${PYTHONPATH} /usr/bin/python3 setup.py egg_info --egg-base ../../build/s8_py_slam build --build-base /home/yahboom/TE3003B/simulation_workspace/build/s8_py_slam/build install --record /home/yahboom/TE3003B/simulation_workspace/build/s8_py_slam/install.log --single-version-externally-managed
[4.344s] Level 1:colcon.colcon_core.environment:checking '/home/yahboom/TE3003B/simulation_workspace/install/s8_py_slam' for CMake module files
[4.346s] Level 1:colcon.colcon_core.environment:checking '/home/yahboom/TE3003B/simulation_workspace/install/s8_py_slam' for CMake config files
[4.351s] Level 1:colcon.colcon_core.environment:checking '/home/yahboom/TE3003B/simulation_workspace/install/s8_py_slam/lib'
[4.351s] Level 1:colcon.colcon_core.environment:checking '/home/yahboom/TE3003B/simulation_workspace/install/s8_py_slam/bin'
[4.351s] Level 1:colcon.colcon_core.environment:checking '/home/yahboom/TE3003B/simulation_workspace/install/s8_py_slam/lib/pkgconfig/s8_py_slam.pc'
[4.352s] Level 1:colcon.colcon_core.environment:checking '/home/yahboom/TE3003B/simulation_workspace/install/s8_py_slam/lib/python3.8/site-packages'
[4.352s] Level 1:colcon.colcon_core.shell:create_environment_hook('s8_py_slam', 'pythonpath')
[4.354s] INFO:colcon.colcon_core.shell:Creating environment hook '/home/yahboom/TE3003B/simulation_workspace/install/s8_py_slam/share/s8_py_slam/hook/pythonpath.ps1'
[4.356s] INFO:colcon.colcon_core.shell:Creating environment descriptor '/home/yahboom/TE3003B/simulation_workspace/install/s8_py_slam/share/s8_py_slam/hook/pythonpath.dsv'
[4.357s] INFO:colcon.colcon_core.shell:Creating environment hook '/home/yahboom/TE3003B/simulation_workspace/install/s8_py_slam/share/s8_py_slam/hook/pythonpath.sh'
[4.358s] Level 1:colcon.colcon_core.environment:checking '/home/yahboom/TE3003B/simulation_workspace/install/s8_py_slam/bin'
[4.358s] Level 1:colcon.colcon_core.environment:create_environment_scripts_only(s8_py_slam)
[4.360s] INFO:colcon.colcon_core.shell:Creating package script '/home/yahboom/TE3003B/simulation_workspace/install/s8_py_slam/share/s8_py_slam/package.ps1'
[4.363s] INFO:colcon.colcon_core.shell:Creating package descriptor '/home/yahboom/TE3003B/simulation_workspace/install/s8_py_slam/share/s8_py_slam/package.dsv'
[4.364s] INFO:colcon.colcon_core.shell:Creating package script '/home/yahboom/TE3003B/simulation_workspace/install/s8_py_slam/share/s8_py_slam/package.sh'
[4.366s] INFO:colcon.colcon_core.shell:Creating package script '/home/yahboom/TE3003B/simulation_workspace/install/s8_py_slam/share/s8_py_slam/package.bash'
[4.367s] INFO:colcon.colcon_core.shell:Creating package script '/home/yahboom/TE3003B/simulation_workspace/install/s8_py_slam/share/s8_py_slam/package.zsh'
[4.368s] Level 1:colcon.colcon_core.environment:create_file_with_runtime_dependencies(/home/yahboom/TE3003B/simulation_workspace/install/s8_py_slam/share/colcon-core/packages/s8_py_slam)
[11.335s] DEBUG:colcon.colcon_core.event_handler.log_command:Invoked command in '/home/yahboom/TE3003B/simulation_workspace/build/s7_robot_network_interface' returned '0': CMAKE_PREFIX_PATH=${CMAKE_PREFIX_PATH}:/home/yahboom/TE3003B/workspace/install/simulation:/home/yahboom/TE3003B/workspace/install/s8_py_slam:/home/yahboom/dev_ws/install/yahboomcar_rviz:/home/yahboom/dev_ws/install/yahboomcar_nav:/home/yahboom/dev_ws/install/yahboomcar_multi:/home/yahboom/dev_ws/install/yahboomcar_description:/home/yahboom/yahboomcar_ros2_ws/yahboomcar_ws/install/yahboomcar_voice_ctrl:/home/yahboom/yahboomcar_ros2_ws/yahboomcar_ws/install/yahboomcar_visual:/home/yahboom/yahboomcar_ros2_ws/yahboomcar_ws/install/yahboomcar_nav:/home/yahboom/yahboomcar_ros2_ws/yahboomcar_ws/install/yahboomcar_mediapipe:/home/yahboom/yahboomcar_ros2_ws/yahboomcar_ws/install/yahboomcar_linefollow:/home/yahboom/yahboomcar_ros2_ws/yahboomcar_ws/install/yahboomcar_laser:/home/yahboom/yahboomcar_ros2_ws/yahboomcar_ws/install/yahboomcar_description_x1:/home/yahboom/yahboomcar_ros2_ws/yahboomcar_ws/install/yahboomcar_description:/home/yahboom/yahboomcar_ros2_ws/yahboomcar_ws/install/yahboomcar_ctrl:/home/yahboom/yahboomcar_ros2_ws/yahboomcar_ws/install/yahboomcar_bringup:/home/yahboom/yahboomcar_ros2_ws/yahboomcar_ws/install/yahboomcar_astra:/home/yahboom/yahboomcar_ros2_ws/yahboomcar_ws/install/robot_pose_publisher:/home/yahboom/yahboomcar_ros2_ws/yahboomcar_ws/install/laserscan_to_point_pulisher:/opt/ros/foxy /usr/bin/cmake /home/yahboom/TE3003B/simulation_workspace/src/s7_robot_network_interface -DCMAKE_INSTALL_PREFIX=/home/yahboom/TE3003B/simulation_workspace/install/s7_robot_network_interface
[11.356s] DEBUG:colcon.colcon_core.event_handler.log_command:Invoking command in '/home/yahboom/TE3003B/simulation_workspace/build/s7_robot_network_interface': CMAKE_PREFIX_PATH=${CMAKE_PREFIX_PATH}:/home/yahboom/TE3003B/workspace/install/simulation:/home/yahboom/TE3003B/workspace/install/s8_py_slam:/home/yahboom/dev_ws/install/yahboomcar_rviz:/home/yahboom/dev_ws/install/yahboomcar_nav:/home/yahboom/dev_ws/install/yahboomcar_multi:/home/yahboom/dev_ws/install/yahboomcar_description:/home/yahboom/yahboomcar_ros2_ws/yahboomcar_ws/install/yahboomcar_voice_ctrl:/home/yahboom/yahboomcar_ros2_ws/yahboomcar_ws/install/yahboomcar_visual:/home/yahboom/yahboomcar_ros2_ws/yahboomcar_ws/install/yahboomcar_nav:/home/yahboom/yahboomcar_ros2_ws/yahboomcar_ws/install/yahboomcar_mediapipe:/home/yahboom/yahboomcar_ros2_ws/yahboomcar_ws/install/yahboomcar_linefollow:/home/yahboom/yahboomcar_ros2_ws/yahboomcar_ws/install/yahboomcar_laser:/home/yahboom/yahboomcar_ros2_ws/yahboomcar_ws/install/yahboomcar_description_x1:/home/yahboom/yahboomcar_ros2_ws/yahboomcar_ws/install/yahboomcar_description:/home/yahboom/yahboomcar_ros2_ws/yahboomcar_ws/install/yahboomcar_ctrl:/home/yahboom/yahboomcar_ros2_ws/yahboomcar_ws/install/yahboomcar_bringup:/home/yahboom/yahboomcar_ros2_ws/yahboomcar_ws/install/yahboomcar_astra:/home/yahboom/yahboomcar_ros2_ws/yahboomcar_ws/install/robot_pose_publisher:/home/yahboom/yahboomcar_ros2_ws/yahboomcar_ws/install/laserscan_to_point_pulisher:/opt/ros/foxy /usr/bin/cmake --build /home/yahboom/TE3003B/simulation_workspace/build/s7_robot_network_interface -- -j4 -l4
[21.011s] DEBUG:colcon.colcon_core.event_handler.log_command:Invoked command in '/home/yahboom/TE3003B/simulation_workspace/build/s7_robot_network_interface' returned '0': CMAKE_PREFIX_PATH=${CMAKE_PREFIX_PATH}:/home/yahboom/TE3003B/workspace/install/simulation:/home/yahboom/TE3003B/workspace/install/s8_py_slam:/home/yahboom/dev_ws/install/yahboomcar_rviz:/home/yahboom/dev_ws/install/yahboomcar_nav:/home/yahboom/dev_ws/install/yahboomcar_multi:/home/yahboom/dev_ws/install/yahboomcar_description:/home/yahboom/yahboomcar_ros2_ws/yahboomcar_ws/install/yahboomcar_voice_ctrl:/home/yahboom/yahboomcar_ros2_ws/yahboomcar_ws/install/yahboomcar_visual:/home/yahboom/yahboomcar_ros2_ws/yahboomcar_ws/install/yahboomcar_nav:/home/yahboom/yahboomcar_ros2_ws/yahboomcar_ws/install/yahboomcar_mediapipe:/home/yahboom/yahboomcar_ros2_ws/yahboomcar_ws/install/yahboomcar_linefollow:/home/yahboom/yahboomcar_ros2_ws/yahboomcar_ws/install/yahboomcar_laser:/home/yahboom/yahboomcar_ros2_ws/yahboomcar_ws/install/yahboomcar_description_x1:/home/yahboom/yahboomcar_ros2_ws/yahboomcar_ws/install/yahboomcar_description:/home/yahboom/yahboomcar_ros2_ws/yahboomcar_ws/install/yahboomcar_ctrl:/home/yahboom/yahboomcar_ros2_ws/yahboomcar_ws/install/yahboomcar_bringup:/home/yahboom/yahboomcar_ros2_ws/yahboomcar_ws/install/yahboomcar_astra:/home/yahboom/yahboomcar_ros2_ws/yahboomcar_ws/install/robot_pose_publisher:/home/yahboom/yahboomcar_ros2_ws/yahboomcar_ws/install/laserscan_to_point_pulisher:/opt/ros/foxy /usr/bin/cmake --build /home/yahboom/TE3003B/simulation_workspace/build/s7_robot_network_interface -- -j4 -l4
[21.770s] DEBUG:colcon.colcon_core.event_handler.log_command:Invoking command in '/home/yahboom/TE3003B/simulation_workspace/build/s7_robot_network_interface': CMAKE_PREFIX_PATH=${CMAKE_PREFIX_PATH}:/home/yahboom/TE3003B/workspace/install/simulation:/home/yahboom/TE3003B/workspace/install/s8_py_slam:/home/yahboom/dev_ws/install/yahboomcar_rviz:/home/yahboom/dev_ws/install/yahboomcar_nav:/home/yahboom/dev_ws/install/yahboomcar_multi:/home/yahboom/dev_ws/install/yahboomcar_description:/home/yahboom/yahboomcar_ros2_ws/yahboomcar_ws/install/yahboomcar_voice_ctrl:/home/yahboom/yahboomcar_ros2_ws/yahboomcar_ws/install/yahboomcar_visual:/home/yahboom/yahboomcar_ros2_ws/yahboomcar_ws/install/yahboomcar_nav:/home/yahboom/yahboomcar_ros2_ws/yahboomcar_ws/install/yahboomcar_mediapipe:/home/yahboom/yahboomcar_ros2_ws/yahboomcar_ws/install/yahboomcar_linefollow:/home/yahboom/yahboomcar_ros2_ws/yahboomcar_ws/install/yahboomcar_laser:/home/yahboom/yahboomcar_ros2_ws/yahboomcar_ws/install/yahboomcar_description_x1:/home/yahboom/yahboomcar_ros2_ws/yahboomcar_ws/install/yahboomcar_description:/home/yahboom/yahboomcar_ros2_ws/yahboomcar_ws/install/yahboomcar_ctrl:/home/yahboom/yahboomcar_ros2_ws/yahboomcar_ws/install/yahboomcar_bringup:/home/yahboom/yahboomcar_ros2_ws/yahboomcar_ws/install/yahboomcar_astra:/home/yahboom/yahboomcar_ros2_ws/yahboomcar_ws/install/robot_pose_publisher:/home/yahboom/yahboomcar_ros2_ws/yahboomcar_ws/install/laserscan_to_point_pulisher:/opt/ros/foxy /usr/bin/cmake --install /home/yahboom/TE3003B/simulation_workspace/build/s7_robot_network_interface
[22.111s] Level 1:colcon.colcon_core.environment:create_environment_scripts_only(s7_robot_network_interface)
[22.118s] DEBUG:colcon.colcon_core.event_handler.log_command:Invoked command in '/home/yahboom/TE3003B/simulation_workspace/build/s7_robot_network_interface' returned '0': CMAKE_PREFIX_PATH=${CMAKE_PREFIX_PATH}:/home/yahboom/TE3003B/workspace/install/simulation:/home/yahboom/TE3003B/workspace/install/s8_py_slam:/home/yahboom/dev_ws/install/yahboomcar_rviz:/home/yahboom/dev_ws/install/yahboomcar_nav:/home/yahboom/dev_ws/install/yahboomcar_multi:/home/yahboom/dev_ws/install/yahboomcar_description:/home/yahboom/yahboomcar_ros2_ws/yahboomcar_ws/install/yahboomcar_voice_ctrl:/home/yahboom/yahboomcar_ros2_ws/yahboomcar_ws/install/yahboomcar_visual:/home/yahboom/yahboomcar_ros2_ws/yahboomcar_ws/install/yahboomcar_nav:/home/yahboom/yahboomcar_ros2_ws/yahboomcar_ws/install/yahboomcar_mediapipe:/home/yahboom/yahboomcar_ros2_ws/yahboomcar_ws/install/yahboomcar_linefollow:/home/yahboom/yahboomcar_ros2_ws/yahboomcar_ws/install/yahboomcar_laser:/home/yahboom/yahboomcar_ros2_ws/yahboomcar_ws/install/yahboomcar_description_x1:/home/yahboom/yahboomcar_ros2_ws/yahboomcar_ws/install/yahboomcar_description:/home/yahboom/yahboomcar_ros2_ws/yahboomcar_ws/install/yahboomcar_ctrl:/home/yahboom/yahboomcar_ros2_ws/yahboomcar_ws/install/yahboomcar_bringup:/home/yahboom/yahboomcar_ros2_ws/yahboomcar_ws/install/yahboomcar_astra:/home/yahboom/yahboomcar_ros2_ws/yahboomcar_ws/install/robot_pose_publisher:/home/yahboom/yahboomcar_ros2_ws/yahboomcar_ws/install/laserscan_to_point_pulisher:/opt/ros/foxy /usr/bin/cmake --install /home/yahboom/TE3003B/simulation_workspace/build/s7_robot_network_interface
[22.120s] Level 1:colcon.colcon_core.environment:checking '/home/yahboom/TE3003B/simulation_workspace/install/s7_robot_network_interface' for CMake module files
[22.123s] Level 1:colcon.colcon_core.environment:checking '/home/yahboom/TE3003B/simulation_workspace/install/s7_robot_network_interface' for CMake config files
[22.126s] Level 1:colcon.colcon_core.shell:create_environment_hook('s7_robot_network_interface', 'cmake_prefix_path')
[22.129s] INFO:colcon.colcon_core.shell:Creating environment hook '/home/yahboom/TE3003B/simulation_workspace/install/s7_robot_network_interface/share/s7_robot_network_interface/hook/cmake_prefix_path.ps1'
[22.131s] INFO:colcon.colcon_core.shell:Creating environment descriptor '/home/yahboom/TE3003B/simulation_workspace/install/s7_robot_network_interface/share/s7_robot_network_interface/hook/cmake_prefix_path.dsv'
[22.132s] INFO:colcon.colcon_core.shell:Creating environment hook '/home/yahboom/TE3003B/simulation_workspace/install/s7_robot_network_interface/share/s7_robot_network_interface/hook/cmake_prefix_path.sh'
[22.134s] Level 1:colcon.colcon_core.environment:checking '/home/yahboom/TE3003B/simulation_workspace/install/s7_robot_network_interface/lib'
[22.134s] Level 1:colcon.colcon_core.shell:create_environment_hook('s7_robot_network_interface', 'ld_library_path_lib')
[22.136s] INFO:colcon.colcon_core.shell:Creating environment hook '/home/yahboom/TE3003B/simulation_workspace/install/s7_robot_network_interface/share/s7_robot_network_interface/hook/ld_library_path_lib.ps1'
[22.136s] INFO:colcon.colcon_core.shell:Creating environment descriptor '/home/yahboom/TE3003B/simulation_workspace/install/s7_robot_network_interface/share/s7_robot_network_interface/hook/ld_library_path_lib.dsv'
[22.137s] INFO:colcon.colcon_core.shell:Creating environment hook '/home/yahboom/TE3003B/simulation_workspace/install/s7_robot_network_interface/share/s7_robot_network_interface/hook/ld_library_path_lib.sh'
[22.138s] Level 1:colcon.colcon_core.environment:checking '/home/yahboom/TE3003B/simulation_workspace/install/s7_robot_network_interface/bin'
[22.138s] Level 1:colcon.colcon_core.environment:checking '/home/yahboom/TE3003B/simulation_workspace/install/s7_robot_network_interface/lib/pkgconfig/s7_robot_network_interface.pc'
[22.139s] Level 1:colcon.colcon_core.environment:checking '/home/yahboom/TE3003B/simulation_workspace/install/s7_robot_network_interface/lib/python3.8/site-packages'
[22.139s] Level 1:colcon.colcon_core.shell:create_environment_hook('s7_robot_network_interface', 'pythonpath')
[22.141s] INFO:colcon.colcon_core.shell:Creating environment hook '/home/yahboom/TE3003B/simulation_workspace/install/s7_robot_network_interface/share/s7_robot_network_interface/hook/pythonpath.ps1'
[22.142s] INFO:colcon.colcon_core.shell:Creating environment descriptor '/home/yahboom/TE3003B/simulation_workspace/install/s7_robot_network_interface/share/s7_robot_network_interface/hook/pythonpath.dsv'
[22.143s] INFO:colcon.colcon_core.shell:Creating environment hook '/home/yahboom/TE3003B/simulation_workspace/install/s7_robot_network_interface/share/s7_robot_network_interface/hook/pythonpath.sh'
[22.143s] Level 1:colcon.colcon_core.environment:checking '/home/yahboom/TE3003B/simulation_workspace/install/s7_robot_network_interface/bin'
[22.145s] INFO:colcon.colcon_core.shell:Creating package script '/home/yahboom/TE3003B/simulation_workspace/install/s7_robot_network_interface/share/s7_robot_network_interface/package.ps1'
[22.147s] INFO:colcon.colcon_core.shell:Creating package descriptor '/home/yahboom/TE3003B/simulation_workspace/install/s7_robot_network_interface/share/s7_robot_network_interface/package.dsv'
[22.148s] INFO:colcon.colcon_core.shell:Creating package script '/home/yahboom/TE3003B/simulation_workspace/install/s7_robot_network_interface/share/s7_robot_network_interface/package.sh'
[22.149s] INFO:colcon.colcon_core.shell:Creating package script '/home/yahboom/TE3003B/simulation_workspace/install/s7_robot_network_interface/share/s7_robot_network_interface/package.bash'
[22.150s] INFO:colcon.colcon_core.shell:Creating package script '/home/yahboom/TE3003B/simulation_workspace/install/s7_robot_network_interface/share/s7_robot_network_interface/package.zsh'
[22.151s] Level 1:colcon.colcon_core.environment:create_file_with_runtime_dependencies(/home/yahboom/TE3003B/simulation_workspace/install/s7_robot_network_interface/share/colcon-core/packages/s7_robot_network_interface)
[22.832s] Level 1:colcon.colcon_core.environment:create_environment_scripts_only(s7_robot_network_interface)
[22.837s] Level 1:colcon.colcon_core.environment:checking '/home/yahboom/TE3003B/simulation_workspace/install/s7_robot_network_interface' for CMake module files
[22.840s] Level 1:colcon.colcon_core.environment:checking '/home/yahboom/TE3003B/simulation_workspace/install/s7_robot_network_interface' for CMake config files
[22.842s] Level 1:colcon.colcon_core.shell:create_environment_hook('s7_robot_network_interface', 'cmake_prefix_path')
[22.844s] INFO:colcon.colcon_core.shell:Creating environment hook '/home/yahboom/TE3003B/simulation_workspace/install/s7_robot_network_interface/share/s7_robot_network_interface/hook/cmake_prefix_path.ps1'
[22.847s] INFO:colcon.colcon_core.shell:Creating environment descriptor '/home/yahboom/TE3003B/simulation_workspace/install/s7_robot_network_interface/share/s7_robot_network_interface/hook/cmake_prefix_path.dsv'
[22.848s] INFO:colcon.colcon_core.shell:Creating environment hook '/home/yahboom/TE3003B/simulation_workspace/install/s7_robot_network_interface/share/s7_robot_network_interface/hook/cmake_prefix_path.sh'
[22.850s] Level 1:colcon.colcon_core.environment:checking '/home/yahboom/TE3003B/simulation_workspace/install/s7_robot_network_interface/lib'
[22.851s] Level 1:colcon.colcon_core.shell:create_environment_hook('s7_robot_network_interface', 'ld_library_path_lib')
[22.852s] INFO:colcon.colcon_core.shell:Creating environment hook '/home/yahboom/TE3003B/simulation_workspace/install/s7_robot_network_interface/share/s7_robot_network_interface/hook/ld_library_path_lib.ps1'
[22.853s] INFO:colcon.colcon_core.shell:Creating environment descriptor '/home/yahboom/TE3003B/simulation_workspace/install/s7_robot_network_interface/share/s7_robot_network_interface/hook/ld_library_path_lib.dsv'
[22.854s] INFO:colcon.colcon_core.shell:Creating environment hook '/home/yahboom/TE3003B/simulation_workspace/install/s7_robot_network_interface/share/s7_robot_network_interface/hook/ld_library_path_lib.sh'
[22.856s] Level 1:colcon.colcon_core.environment:checking '/home/yahboom/TE3003B/simulation_workspace/install/s7_robot_network_interface/bin'
[22.856s] Level 1:colcon.colcon_core.environment:checking '/home/yahboom/TE3003B/simulation_workspace/install/s7_robot_network_interface/lib/pkgconfig/s7_robot_network_interface.pc'
[22.857s] Level 1:colcon.colcon_core.environment:checking '/home/yahboom/TE3003B/simulation_workspace/install/s7_robot_network_interface/lib/python3.8/site-packages'
[22.857s] Level 1:colcon.colcon_core.shell:create_environment_hook('s7_robot_network_interface', 'pythonpath')
[22.859s] INFO:colcon.colcon_core.shell:Creating environment hook '/home/yahboom/TE3003B/simulation_workspace/install/s7_robot_network_interface/share/s7_robot_network_interface/hook/pythonpath.ps1'
[22.860s] INFO:colcon.colcon_core.shell:Creating environment descriptor '/home/yahboom/TE3003B/simulation_workspace/install/s7_robot_network_interface/share/s7_robot_network_interface/hook/pythonpath.dsv'
[22.861s] INFO:colcon.colcon_core.shell:Creating environment hook '/home/yahboom/TE3003B/simulation_workspace/install/s7_robot_network_interface/share/s7_robot_network_interface/hook/pythonpath.sh'
[22.863s] Level 1:colcon.colcon_core.environment:checking '/home/yahboom/TE3003B/simulation_workspace/install/s7_robot_network_interface/bin'
[22.865s] INFO:colcon.colcon_core.shell:Creating package script '/home/yahboom/TE3003B/simulation_workspace/install/s7_robot_network_interface/share/s7_robot_network_interface/package.ps1'
[22.866s] INFO:colcon.colcon_core.shell:Creating package descriptor '/home/yahboom/TE3003B/simulation_workspace/install/s7_robot_network_interface/share/s7_robot_network_interface/package.dsv'
[22.868s] INFO:colcon.colcon_core.shell:Creating package script '/home/yahboom/TE3003B/simulation_workspace/install/s7_robot_network_interface/share/s7_robot_network_interface/package.sh'
[22.869s] INFO:colcon.colcon_core.shell:Creating package script '/home/yahboom/TE3003B/simulation_workspace/install/s7_robot_network_interface/share/s7_robot_network_interface/package.bash'
[22.870s] INFO:colcon.colcon_core.shell:Creating package script '/home/yahboom/TE3003B/simulation_workspace/install/s7_robot_network_interface/share/s7_robot_network_interface/package.zsh'
[22.872s] Level 1:colcon.colcon_core.environment:create_file_with_runtime_dependencies(/home/yahboom/TE3003B/simulation_workspace/install/s7_robot_network_interface/share/colcon-core/packages/s7_robot_network_interface)
[22.874s] INFO:colcon.colcon_ros.task.ament_python.build:Building ROS package in '/home/yahboom/TE3003B/simulation_workspace/src/s7_py_robot_task_monitoring' with build type 'ament_python'
[22.874s] Level 1:colcon.colcon_core.shell:create_environment_hook('s7_py_robot_task_monitoring', 'ament_prefix_path')
[22.876s] INFO:colcon.colcon_core.shell:Creating environment hook '/home/yahboom/TE3003B/simulation_workspace/install/s7_py_robot_task_monitoring/share/s7_py_robot_task_monitoring/hook/ament_prefix_path.ps1'
[22.880s] INFO:colcon.colcon_core.shell:Creating environment descriptor '/home/yahboom/TE3003B/simulation_workspace/install/s7_py_robot_task_monitoring/share/s7_py_robot_task_monitoring/hook/ament_prefix_path.dsv'
[22.881s] INFO:colcon.colcon_core.shell:Creating environment hook '/home/yahboom/TE3003B/simulation_workspace/install/s7_py_robot_task_monitoring/share/s7_py_robot_task_monitoring/hook/ament_prefix_path.sh'
[22.884s] INFO:colcon.colcon_core.shell:Skip shell extension 'powershell' for command environment: Not usable outside of PowerShell
[22.884s] DEBUG:colcon.colcon_core.shell:Skip shell extension 'dsv' for command environment
[22.932s] INFO:colcon.colcon_ros.task.ament_python.build:Building ROS package in '/home/yahboom/TE3003B/simulation_workspace/src/s7_py_task_manager' with build type 'ament_python'
[22.935s] Level 1:colcon.colcon_core.shell:create_environment_hook('s7_py_task_manager', 'ament_prefix_path')
[22.944s] INFO:colcon.colcon_core.shell:Creating environment hook '/home/yahboom/TE3003B/simulation_workspace/install/s7_py_task_manager/share/s7_py_task_manager/hook/ament_prefix_path.ps1'
[22.948s] INFO:colcon.colcon_core.shell:Creating environment descriptor '/home/yahboom/TE3003B/simulation_workspace/install/s7_py_task_manager/share/s7_py_task_manager/hook/ament_prefix_path.dsv'
[22.950s] INFO:colcon.colcon_core.shell:Creating environment hook '/home/yahboom/TE3003B/simulation_workspace/install/s7_py_task_manager/share/s7_py_task_manager/hook/ament_prefix_path.sh'
[22.953s] INFO:colcon.colcon_core.shell:Skip shell extension 'powershell' for command environment: Not usable outside of PowerShell
[22.953s] DEBUG:colcon.colcon_core.shell:Skip shell extension 'dsv' for command environment
[23.749s] INFO:colcon.colcon_core.task.python.build:Building Python package in '/home/yahboom/TE3003B/simulation_workspace/src/s7_py_robot_task_monitoring'
[23.757s] INFO:colcon.colcon_core.shell:Skip shell extension 'powershell' for command environment: Not usable outside of PowerShell
[23.757s] DEBUG:colcon.colcon_core.shell:Skip shell extension 'dsv' for command environment
[24.534s] INFO:colcon.colcon_core.task.python.build:Building Python package in '/home/yahboom/TE3003B/simulation_workspace/src/s7_py_task_manager'
[24.543s] INFO:colcon.colcon_core.shell:Skip shell extension 'powershell' for command environment: Not usable outside of PowerShell
[24.544s] DEBUG:colcon.colcon_core.shell:Skip shell extension 'dsv' for command environment
[25.730s] DEBUG:colcon.colcon_core.event_handler.log_command:Invoking command in '/home/yahboom/TE3003B/simulation_workspace/src/s7_py_robot_task_monitoring': AMENT_PREFIX_PATH=/home/yahboom/TE3003B/simulation_workspace/install/s7_robot_network_interface:${AMENT_PREFIX_PATH} CMAKE_PREFIX_PATH=/home/yahboom/TE3003B/simulation_workspace/install/s7_robot_network_interface:${CMAKE_PREFIX_PATH} LD_LIBRARY_PATH=/home/yahboom/TE3003B/simulation_workspace/install/s7_robot_network_interface/lib:${LD_LIBRARY_PATH} PYTHONPATH=/home/yahboom/TE3003B/simulation_workspace/build/s7_py_robot_task_monitoring/prefix_override:/home/yahboom/TE3003B/simulation_workspace/install/s7_py_robot_task_monitoring/lib/python3.8/site-packages:/home/yahboom/TE3003B/simulation_workspace/install/s7_robot_network_interface/lib/python3.8/site-packages:${PYTHONPATH} /usr/bin/python3 setup.py egg_info --egg-base ../../build/s7_py_robot_task_monitoring build --build-base /home/yahboom/TE3003B/simulation_workspace/build/s7_py_robot_task_monitoring/build install --record /home/yahboom/TE3003B/simulation_workspace/build/s7_py_robot_task_monitoring/install.log --single-version-externally-managed
[25.763s] DEBUG:colcon.colcon_core.event_handler.log_command:Invoking command in '/home/yahboom/TE3003B/simulation_workspace/src/s7_py_task_manager': AMENT_PREFIX_PATH=/home/yahboom/TE3003B/simulation_workspace/install/s7_robot_network_interface:${AMENT_PREFIX_PATH} CMAKE_PREFIX_PATH=/home/yahboom/TE3003B/simulation_workspace/install/s7_robot_network_interface:${CMAKE_PREFIX_PATH} LD_LIBRARY_PATH=/home/yahboom/TE3003B/simulation_workspace/install/s7_robot_network_interface/lib:${LD_LIBRARY_PATH} PYTHONPATH=/home/yahboom/TE3003B/simulation_workspace/build/s7_py_task_manager/prefix_override:/home/yahboom/TE3003B/simulation_workspace/install/s7_py_task_manager/lib/python3.8/site-packages:/home/yahboom/TE3003B/simulation_workspace/install/s7_robot_network_interface/lib/python3.8/site-packages:${PYTHONPATH} /usr/bin/python3 setup.py egg_info --egg-base ../../build/s7_py_task_manager build --build-base /home/yahboom/TE3003B/simulation_workspace/build/s7_py_task_manager/build install --record /home/yahboom/TE3003B/simulation_workspace/build/s7_py_task_manager/install.log --single-version-externally-managed
[26.671s] Level 1:colcon.colcon_core.environment:checking '/home/yahboom/TE3003B/simulation_workspace/install/s7_py_task_manager' for CMake module files
[26.674s] Level 1:colcon.colcon_core.environment:checking '/home/yahboom/TE3003B/simulation_workspace/install/s7_py_task_manager' for CMake config files
[26.675s] DEBUG:colcon.colcon_core.event_handler.log_command:Invoked command in '/home/yahboom/TE3003B/simulation_workspace/src/s7_py_task_manager' returned '0': AMENT_PREFIX_PATH=/home/yahboom/TE3003B/simulation_workspace/install/s7_robot_network_interface:${AMENT_PREFIX_PATH} CMAKE_PREFIX_PATH=/home/yahboom/TE3003B/simulation_workspace/install/s7_robot_network_interface:${CMAKE_PREFIX_PATH} LD_LIBRARY_PATH=/home/yahboom/TE3003B/simulation_workspace/install/s7_robot_network_interface/lib:${LD_LIBRARY_PATH} PYTHONPATH=/home/yahboom/TE3003B/simulation_workspace/build/s7_py_task_manager/prefix_override:/home/yahboom/TE3003B/simulation_workspace/install/s7_py_task_manager/lib/python3.8/site-packages:/home/yahboom/TE3003B/simulation_workspace/install/s7_robot_network_interface/lib/python3.8/site-packages:${PYTHONPATH} /usr/bin/python3 setup.py egg_info --egg-base ../../build/s7_py_task_manager build --build-base /home/yahboom/TE3003B/simulation_workspace/build/s7_py_task_manager/build install --record /home/yahboom/TE3003B/simulation_workspace/build/s7_py_task_manager/install.log --single-version-externally-managed
[26.679s] Level 1:colcon.colcon_core.environment:checking '/home/yahboom/TE3003B/simulation_workspace/install/s7_py_task_manager/lib'
[26.680s] Level 1:colcon.colcon_core.environment:checking '/home/yahboom/TE3003B/simulation_workspace/install/s7_py_task_manager/bin'
[26.680s] Level 1:colcon.colcon_core.environment:checking '/home/yahboom/TE3003B/simulation_workspace/install/s7_py_task_manager/lib/pkgconfig/s7_py_task_manager.pc'
[26.681s] Level 1:colcon.colcon_core.environment:checking '/home/yahboom/TE3003B/simulation_workspace/install/s7_py_task_manager/lib/python3.8/site-packages'
[26.681s] Level 1:colcon.colcon_core.shell:create_environment_hook('s7_py_task_manager', 'pythonpath')
[26.683s] INFO:colcon.colcon_core.shell:Creating environment hook '/home/yahboom/TE3003B/simulation_workspace/install/s7_py_task_manager/share/s7_py_task_manager/hook/pythonpath.ps1'
[26.686s] INFO:colcon.colcon_core.shell:Creating environment descriptor '/home/yahboom/TE3003B/simulation_workspace/install/s7_py_task_manager/share/s7_py_task_manager/hook/pythonpath.dsv'
[26.687s] INFO:colcon.colcon_core.shell:Creating environment hook '/home/yahboom/TE3003B/simulation_workspace/install/s7_py_task_manager/share/s7_py_task_manager/hook/pythonpath.sh'
[26.688s] Level 1:colcon.colcon_core.environment:checking '/home/yahboom/TE3003B/simulation_workspace/install/s7_py_task_manager/bin'
[26.688s] Level 1:colcon.colcon_core.environment:create_environment_scripts_only(s7_py_task_manager)
[26.690s] INFO:colcon.colcon_core.shell:Creating package script '/home/yahboom/TE3003B/simulation_workspace/install/s7_py_task_manager/share/s7_py_task_manager/package.ps1'
[26.691s] INFO:colcon.colcon_core.shell:Creating package descriptor '/home/yahboom/TE3003B/simulation_workspace/install/s7_py_task_manager/share/s7_py_task_manager/package.dsv'
[26.692s] INFO:colcon.colcon_core.shell:Creating package script '/home/yahboom/TE3003B/simulation_workspace/install/s7_py_task_manager/share/s7_py_task_manager/package.sh'
[26.693s] INFO:colcon.colcon_core.shell:Creating package script '/home/yahboom/TE3003B/simulation_workspace/install/s7_py_task_manager/share/s7_py_task_manager/package.bash'
[26.694s] INFO:colcon.colcon_core.shell:Creating package script '/home/yahboom/TE3003B/simulation_workspace/install/s7_py_task_manager/share/s7_py_task_manager/package.zsh'
[26.695s] Level 1:colcon.colcon_core.environment:create_file_with_runtime_dependencies(/home/yahboom/TE3003B/simulation_workspace/install/s7_py_task_manager/share/colcon-core/packages/s7_py_task_manager)
[26.887s] Level 1:colcon.colcon_core.environment:checking '/home/yahboom/TE3003B/simulation_workspace/install/s7_py_robot_task_monitoring' for CMake module files
[26.888s] DEBUG:colcon.colcon_core.event_handler.log_command:Invoked command in '/home/yahboom/TE3003B/simulation_workspace/src/s7_py_robot_task_monitoring' returned '0': AMENT_PREFIX_PATH=/home/yahboom/TE3003B/simulation_workspace/install/s7_robot_network_interface:${AMENT_PREFIX_PATH} CMAKE_PREFIX_PATH=/home/yahboom/TE3003B/simulation_workspace/install/s7_robot_network_interface:${CMAKE_PREFIX_PATH} LD_LIBRARY_PATH=/home/yahboom/TE3003B/simulation_workspace/install/s7_robot_network_interface/lib:${LD_LIBRARY_PATH} PYTHONPATH=/home/yahboom/TE3003B/simulation_workspace/build/s7_py_robot_task_monitoring/prefix_override:/home/yahboom/TE3003B/simulation_workspace/install/s7_py_robot_task_monitoring/lib/python3.8/site-packages:/home/yahboom/TE3003B/simulation_workspace/install/s7_robot_network_interface/lib/python3.8/site-packages:${PYTHONPATH} /usr/bin/python3 setup.py egg_info --egg-base ../../build/s7_py_robot_task_monitoring build --build-base /home/yahboom/TE3003B/simulation_workspace/build/s7_py_robot_task_monitoring/build install --record /home/yahboom/TE3003B/simulation_workspace/build/s7_py_robot_task_monitoring/install.log --single-version-externally-managed
[26.890s] Level 1:colcon.colcon_core.environment:checking '/home/yahboom/TE3003B/simulation_workspace/install/s7_py_robot_task_monitoring' for CMake config files
[26.892s] Level 1:colcon.colcon_core.environment:checking '/home/yahboom/TE3003B/simulation_workspace/install/s7_py_robot_task_monitoring/lib'
[26.892s] Level 1:colcon.colcon_core.environment:checking '/home/yahboom/TE3003B/simulation_workspace/install/s7_py_robot_task_monitoring/bin'
[26.892s] Level 1:colcon.colcon_core.environment:checking '/home/yahboom/TE3003B/simulation_workspace/install/s7_py_robot_task_monitoring/lib/pkgconfig/s7_py_robot_task_monitoring.pc'
[26.893s] Level 1:colcon.colcon_core.environment:checking '/home/yahboom/TE3003B/simulation_workspace/install/s7_py_robot_task_monitoring/lib/python3.8/site-packages'
[26.893s] Level 1:colcon.colcon_core.shell:create_environment_hook('s7_py_robot_task_monitoring', 'pythonpath')
[26.895s] INFO:colcon.colcon_core.shell:Creating environment hook '/home/yahboom/TE3003B/simulation_workspace/install/s7_py_robot_task_monitoring/share/s7_py_robot_task_monitoring/hook/pythonpath.ps1'
[26.895s] INFO:colcon.colcon_core.shell:Creating environment descriptor '/home/yahboom/TE3003B/simulation_workspace/install/s7_py_robot_task_monitoring/share/s7_py_robot_task_monitoring/hook/pythonpath.dsv'
[26.896s] INFO:colcon.colcon_core.shell:Creating environment hook '/home/yahboom/TE3003B/simulation_workspace/install/s7_py_robot_task_monitoring/share/s7_py_robot_task_monitoring/hook/pythonpath.sh'
[26.898s] Level 1:colcon.colcon_core.environment:checking '/home/yahboom/TE3003B/simulation_workspace/install/s7_py_robot_task_monitoring/bin'
[26.898s] Level 1:colcon.colcon_core.environment:create_environment_scripts_only(s7_py_robot_task_monitoring)
[26.901s] INFO:colcon.colcon_core.shell:Creating package script '/home/yahboom/TE3003B/simulation_workspace/install/s7_py_robot_task_monitoring/share/s7_py_robot_task_monitoring/package.ps1'
[26.902s] INFO:colcon.colcon_core.shell:Creating package descriptor '/home/yahboom/TE3003B/simulation_workspace/install/s7_py_robot_task_monitoring/share/s7_py_robot_task_monitoring/package.dsv'
[26.903s] INFO:colcon.colcon_core.shell:Creating package script '/home/yahboom/TE3003B/simulation_workspace/install/s7_py_robot_task_monitoring/share/s7_py_robot_task_monitoring/package.sh'
[26.903s] INFO:colcon.colcon_core.shell:Creating package script '/home/yahboom/TE3003B/simulation_workspace/install/s7_py_robot_task_monitoring/share/s7_py_robot_task_monitoring/package.bash'
[26.904s] INFO:colcon.colcon_core.shell:Creating package script '/home/yahboom/TE3003B/simulation_workspace/install/s7_py_robot_task_monitoring/share/s7_py_robot_task_monitoring/package.zsh'
[26.905s] Level 1:colcon.colcon_core.environment:create_file_with_runtime_dependencies(/home/yahboom/TE3003B/simulation_workspace/install/s7_py_robot_task_monitoring/share/colcon-core/packages/s7_py_robot_task_monitoring)
[26.906s] DEBUG:colcon.colcon_parallel_executor.executor.parallel:closing loop
[26.908s] DEBUG:colcon.colcon_parallel_executor.executor.parallel:loop closed
[26.908s] DEBUG:colcon.colcon_parallel_executor.executor.parallel:run_until_complete finished with '0'
[26.908s] DEBUG:colcon.colcon_core.event_reactor:joining thread
[26.932s] INFO:colcon.colcon_core.plugin_system:Skipping extension 'colcon_notification.desktop_notification.terminal_notifier': Not used on non-Darwin systems
[26.932s] INFO:colcon.colcon_core.plugin_system:Skipping extension 'colcon_notification.desktop_notification.win32': Not used on non-Windows systems
[26.932s] INFO:colcon.colcon_notification.desktop_notification:Sending desktop notification using 'notify2'
[26.968s] DEBUG:colcon.colcon_core.event_reactor:joined thread
[26.970s] INFO:colcon.colcon_core.shell:Creating prefix script '/home/yahboom/TE3003B/simulation_workspace/install/local_setup.ps1'
[26.972s] INFO:colcon.colcon_core.shell:Creating prefix util module '/home/yahboom/TE3003B/simulation_workspace/install/_local_setup_util_ps1.py'
[26.975s] INFO:colcon.colcon_core.shell:Creating prefix chain script '/home/yahboom/TE3003B/simulation_workspace/install/setup.ps1'
[26.991s] INFO:colcon.colcon_core.shell:Creating prefix script '/home/yahboom/TE3003B/simulation_workspace/install/local_setup.sh'
[26.992s] INFO:colcon.colcon_core.shell:Creating prefix util module '/home/yahboom/TE3003B/simulation_workspace/install/_local_setup_util_sh.py'
[26.993s] INFO:colcon.colcon_core.shell:Creating prefix chain script '/home/yahboom/TE3003B/simulation_workspace/install/setup.sh'
[27.012s] INFO:colcon.colcon_core.shell:Creating prefix script '/home/yahboom/TE3003B/simulation_workspace/install/local_setup.bash'
[27.013s] INFO:colcon.colcon_core.shell:Creating prefix chain script '/home/yahboom/TE3003B/simulation_workspace/install/setup.bash'
[27.030s] INFO:colcon.colcon_core.shell:Creating prefix script '/home/yahboom/TE3003B/simulation_workspace/install/local_setup.zsh'
[27.031s] INFO:colcon.colcon_core.shell:Creating prefix chain script '/home/yahboom/TE3003B/simulation_workspace/install/setup.zsh'
