running egg_info
writing ../build/my_package/my_package.egg-info/PKG-INFO
writing dependency_links to ../build/my_package/my_package.egg-info/dependency_links.txt
writing entry points to ../build/my_package/my_package.egg-info/entry_points.txt
writing requirements to ../build/my_package/my_package.egg-info/requires.txt
writing top-level names to ../build/my_package/my_package.egg-info/top_level.txt
reading manifest file '../build/my_package/my_package.egg-info/SOURCES.txt'
writing manifest file '../build/my_package/my_package.egg-info/SOURCES.txt'
running build
running build_py
copying my_package/planner_node.py -> /home/yahboom/TE3003B/workspace/build/my_package/build/lib/my_package
running install
running install_lib
copying /home/yahboom/TE3003B/workspace/build/my_package/build/lib/my_package/planner_node.py -> /home/yahboom/TE3003B/workspace/install/my_package/lib/python3.8/site-packages/my_package
byte-compiling /home/yahboom/TE3003B/workspace/install/my_package/lib/python3.8/site-packages/my_package/planner_node.py to planner_node.cpython-38.pyc
running install_data
running install_egg_info
removing '/home/yahboom/TE3003B/workspace/install/my_package/lib/python3.8/site-packages/my_package-0.0.0-py3.8.egg-info' (and everything under it)
Copying ../build/my_package/my_package.egg-info to /home/yahboom/TE3003B/workspace/install/my_package/lib/python3.8/site-packages/my_package-0.0.0-py3.8.egg-info
running install_scripts
Installing planner_node script to /home/yahboom/TE3003B/workspace/install/my_package/lib/my_package
writing list of installed files to '/home/yahboom/TE3003B/workspace/build/my_package/install.log'
