[0.811s] Invoking command in '/home/yahboom/TE3003B/workspace/my_package': PYTHONPATH=/home/yahboom/TE3003B/workspace/build/my_package/prefix_override:/home/yahboom/TE3003B/workspace/install/my_package/lib/python3.8/site-packages:${PYTHONPATH} /usr/bin/python3 setup.py egg_info --egg-base ../build/my_package build --build-base /home/yahboom/TE3003B/workspace/build/my_package/build install --record /home/yahboom/TE3003B/workspace/build/my_package/install.log --install-scripts $base/lib/my_package --single-version-externally-managed
[1.076s] running egg_info
[1.077s] writing ../build/my_package/my_package.egg-info/PKG-INFO
[1.078s] writing dependency_links to ../build/my_package/my_package.egg-info/dependency_links.txt
[1.078s] writing entry points to ../build/my_package/my_package.egg-info/entry_points.txt
[1.078s] writing requirements to ../build/my_package/my_package.egg-info/requires.txt
[1.078s] writing top-level names to ../build/my_package/my_package.egg-info/top_level.txt
[1.117s] reading manifest file '../build/my_package/my_package.egg-info/SOURCES.txt'
[1.118s] writing manifest file '../build/my_package/my_package.egg-info/SOURCES.txt'
[1.119s] running build
[1.119s] running build_py
[1.119s] copying my_package/planner_node.py -> /home/yahboom/TE3003B/workspace/build/my_package/build/lib/my_package
[1.119s] running install
[1.120s] running install_lib
[1.121s] copying /home/yahboom/TE3003B/workspace/build/my_package/build/lib/my_package/planner_node.py -> /home/yahboom/TE3003B/workspace/install/my_package/lib/python3.8/site-packages/my_package
[1.122s] byte-compiling /home/yahboom/TE3003B/workspace/install/my_package/lib/python3.8/site-packages/my_package/planner_node.py to planner_node.cpython-38.pyc
[1.126s] running install_data
[1.127s] running install_egg_info
[1.128s] removing '/home/yahboom/TE3003B/workspace/install/my_package/lib/python3.8/site-packages/my_package-0.0.0-py3.8.egg-info' (and everything under it)
[1.129s] Copying ../build/my_package/my_package.egg-info to /home/yahboom/TE3003B/workspace/install/my_package/lib/python3.8/site-packages/my_package-0.0.0-py3.8.egg-info
[1.130s] running install_scripts
[1.150s] Installing planner_node script to /home/yahboom/TE3003B/workspace/install/my_package/lib/my_package
[1.151s] writing list of installed files to '/home/yahboom/TE3003B/workspace/build/my_package/install.log'
[1.179s] Invoked command in '/home/yahboom/TE3003B/workspace/my_package' returned '0': PYTHONPATH=/home/yahboom/TE3003B/workspace/build/my_package/prefix_override:/home/yahboom/TE3003B/workspace/install/my_package/lib/python3.8/site-packages:${PYTHONPATH} /usr/bin/python3 setup.py egg_info --egg-base ../build/my_package build --build-base /home/yahboom/TE3003B/workspace/build/my_package/build install --record /home/yahboom/TE3003B/workspace/build/my_package/install.log --install-scripts $base/lib/my_package --single-version-externally-managed
