running egg_info
creating ../../build/s7_py_task_manager/s7_py_task_manager.egg-info
writing ../../build/s7_py_task_manager/s7_py_task_manager.egg-info/PKG-INFO
writing dependency_links to ../../build/s7_py_task_manager/s7_py_task_manager.egg-info/dependency_links.txt
writing entry points to ../../build/s7_py_task_manager/s7_py_task_manager.egg-info/entry_points.txt
writing requirements to ../../build/s7_py_task_manager/s7_py_task_manager.egg-info/requires.txt
writing top-level names to ../../build/s7_py_task_manager/s7_py_task_manager.egg-info/top_level.txt
writing manifest file '../../build/s7_py_task_manager/s7_py_task_manager.egg-info/SOURCES.txt'
reading manifest file '../../build/s7_py_task_manager/s7_py_task_manager.egg-info/SOURCES.txt'
writing manifest file '../../build/s7_py_task_manager/s7_py_task_manager.egg-info/SOURCES.txt'
running build
running build_py
creating /home/yahboom/TE3003B/simulation_workspace/build/s7_py_task_manager/build
creating /home/yahboom/TE3003B/simulation_workspace/build/s7_py_task_manager/build/lib
creating /home/yahboom/TE3003B/simulation_workspace/build/s7_py_task_manager/build/lib/s7_py_task_manager
copying s7_py_task_manager/task_manager.py -> /home/yahboom/TE3003B/simulation_workspace/build/s7_py_task_manager/build/lib/s7_py_task_manager
copying s7_py_task_manager/__init__.py -> /home/yahboom/TE3003B/simulation_workspace/build/s7_py_task_manager/build/lib/s7_py_task_manager
running install
running install_lib
creating /home/yahboom/TE3003B/simulation_workspace/install/s7_py_task_manager/lib/python3.8/site-packages/s7_py_task_manager
copying /home/yahboom/TE3003B/simulation_workspace/build/s7_py_task_manager/build/lib/s7_py_task_manager/task_manager.py -> /home/yahboom/TE3003B/simulation_workspace/install/s7_py_task_manager/lib/python3.8/site-packages/s7_py_task_manager
copying /home/yahboom/TE3003B/simulation_workspace/build/s7_py_task_manager/build/lib/s7_py_task_manager/__init__.py -> /home/yahboom/TE3003B/simulation_workspace/install/s7_py_task_manager/lib/python3.8/site-packages/s7_py_task_manager
byte-compiling /home/yahboom/TE3003B/simulation_workspace/install/s7_py_task_manager/lib/python3.8/site-packages/s7_py_task_manager/task_manager.py to task_manager.cpython-38.pyc
byte-compiling /home/yahboom/TE3003B/simulation_workspace/install/s7_py_task_manager/lib/python3.8/site-packages/s7_py_task_manager/__init__.py to __init__.cpython-38.pyc
running install_data
creating /home/yahboom/TE3003B/simulation_workspace/install/s7_py_task_manager/share/ament_index
creating /home/yahboom/TE3003B/simulation_workspace/install/s7_py_task_manager/share/ament_index/resource_index
creating /home/yahboom/TE3003B/simulation_workspace/install/s7_py_task_manager/share/ament_index/resource_index/packages
copying resource/s7_py_task_manager -> /home/yahboom/TE3003B/simulation_workspace/install/s7_py_task_manager/share/ament_index/resource_index/packages
copying package.xml -> /home/yahboom/TE3003B/simulation_workspace/install/s7_py_task_manager/share/s7_py_task_manager
running install_egg_info
Copying ../../build/s7_py_task_manager/s7_py_task_manager.egg-info to /home/yahboom/TE3003B/simulation_workspace/install/s7_py_task_manager/lib/python3.8/site-packages/s7_py_task_manager-0.0.0-py3.8.egg-info
running install_scripts
Installing task_manager_exe script to /home/yahboom/TE3003B/simulation_workspace/install/s7_py_task_manager/lib/s7_py_task_manager
writing list of installed files to '/home/yahboom/TE3003B/simulation_workspace/build/s7_py_task_manager/install.log'
