running egg_info
creating ../../build/s7_py_robot_task_monitoring/s7_py_robot_task_monitoring.egg-info
writing ../../build/s7_py_robot_task_monitoring/s7_py_robot_task_monitoring.egg-info/PKG-INFO
writing dependency_links to ../../build/s7_py_robot_task_monitoring/s7_py_robot_task_monitoring.egg-info/dependency_links.txt
writing entry points to ../../build/s7_py_robot_task_monitoring/s7_py_robot_task_monitoring.egg-info/entry_points.txt
writing requirements to ../../build/s7_py_robot_task_monitoring/s7_py_robot_task_monitoring.egg-info/requires.txt
writing top-level names to ../../build/s7_py_robot_task_monitoring/s7_py_robot_task_monitoring.egg-info/top_level.txt
writing manifest file '../../build/s7_py_robot_task_monitoring/s7_py_robot_task_monitoring.egg-info/SOURCES.txt'
reading manifest file '../../build/s7_py_robot_task_monitoring/s7_py_robot_task_monitoring.egg-info/SOURCES.txt'
writing manifest file '../../build/s7_py_robot_task_monitoring/s7_py_robot_task_monitoring.egg-info/SOURCES.txt'
running build
running build_py
creating /home/yahboom/TE3003B/simulation_workspace/build/s7_py_robot_task_monitoring/build
creating /home/yahboom/TE3003B/simulation_workspace/build/s7_py_robot_task_monitoring/build/lib
creating /home/yahboom/TE3003B/simulation_workspace/build/s7_py_robot_task_monitoring/build/lib/s7_py_robot_task_monitoring
copying s7_py_robot_task_monitoring/robots.py -> /home/yahboom/TE3003B/simulation_workspace/build/s7_py_robot_task_monitoring/build/lib/s7_py_robot_task_monitoring
copying s7_py_robot_task_monitoring/robot_status_logger.py -> /home/yahboom/TE3003B/simulation_workspace/build/s7_py_robot_task_monitoring/build/lib/s7_py_robot_task_monitoring
copying s7_py_robot_task_monitoring/__init__.py -> /home/yahboom/TE3003B/simulation_workspace/build/s7_py_robot_task_monitoring/build/lib/s7_py_robot_task_monitoring
copying s7_py_robot_task_monitoring/cylinders.py -> /home/yahboom/TE3003B/simulation_workspace/build/s7_py_robot_task_monitoring/build/lib/s7_py_robot_task_monitoring
running install
running install_lib
creating /home/yahboom/TE3003B/simulation_workspace/install/s7_py_robot_task_monitoring/lib/python3.8/site-packages/s7_py_robot_task_monitoring
copying /home/yahboom/TE3003B/simulation_workspace/build/s7_py_robot_task_monitoring/build/lib/s7_py_robot_task_monitoring/robots.py -> /home/yahboom/TE3003B/simulation_workspace/install/s7_py_robot_task_monitoring/lib/python3.8/site-packages/s7_py_robot_task_monitoring
copying /home/yahboom/TE3003B/simulation_workspace/build/s7_py_robot_task_monitoring/build/lib/s7_py_robot_task_monitoring/robot_status_logger.py -> /home/yahboom/TE3003B/simulation_workspace/install/s7_py_robot_task_monitoring/lib/python3.8/site-packages/s7_py_robot_task_monitoring
copying /home/yahboom/TE3003B/simulation_workspace/build/s7_py_robot_task_monitoring/build/lib/s7_py_robot_task_monitoring/__init__.py -> /home/yahboom/TE3003B/simulation_workspace/install/s7_py_robot_task_monitoring/lib/python3.8/site-packages/s7_py_robot_task_monitoring
copying /home/yahboom/TE3003B/simulation_workspace/build/s7_py_robot_task_monitoring/build/lib/s7_py_robot_task_monitoring/cylinders.py -> /home/yahboom/TE3003B/simulation_workspace/install/s7_py_robot_task_monitoring/lib/python3.8/site-packages/s7_py_robot_task_monitoring
byte-compiling /home/yahboom/TE3003B/simulation_workspace/install/s7_py_robot_task_monitoring/lib/python3.8/site-packages/s7_py_robot_task_monitoring/robots.py to robots.cpython-38.pyc
byte-compiling /home/yahboom/TE3003B/simulation_workspace/install/s7_py_robot_task_monitoring/lib/python3.8/site-packages/s7_py_robot_task_monitoring/robot_status_logger.py to robot_status_logger.cpython-38.pyc
byte-compiling /home/yahboom/TE3003B/simulation_workspace/install/s7_py_robot_task_monitoring/lib/python3.8/site-packages/s7_py_robot_task_monitoring/__init__.py to __init__.cpython-38.pyc
byte-compiling /home/yahboom/TE3003B/simulation_workspace/install/s7_py_robot_task_monitoring/lib/python3.8/site-packages/s7_py_robot_task_monitoring/cylinders.py to cylinders.cpython-38.pyc
running install_data
creating /home/yahboom/TE3003B/simulation_workspace/install/s7_py_robot_task_monitoring/share/ament_index
creating /home/yahboom/TE3003B/simulation_workspace/install/s7_py_robot_task_monitoring/share/ament_index/resource_index
creating /home/yahboom/TE3003B/simulation_workspace/install/s7_py_robot_task_monitoring/share/ament_index/resource_index/packages
copying resource/s7_py_robot_task_monitoring -> /home/yahboom/TE3003B/simulation_workspace/install/s7_py_robot_task_monitoring/share/ament_index/resource_index/packages
copying package.xml -> /home/yahboom/TE3003B/simulation_workspace/install/s7_py_robot_task_monitoring/share/s7_py_robot_task_monitoring
creating /home/yahboom/TE3003B/simulation_workspace/install/s7_py_robot_task_monitoring/share/s7_py_robot_task_monitoring/meshes
copying meshes/right_back_wheel.STL -> /home/yahboom/TE3003B/simulation_workspace/install/s7_py_robot_task_monitoring/share/s7_py_robot_task_monitoring/meshes
copying meshes/left_front_wheel.STL -> /home/yahboom/TE3003B/simulation_workspace/install/s7_py_robot_task_monitoring/share/s7_py_robot_task_monitoring/meshes
copying meshes/right_front_wheel.STL -> /home/yahboom/TE3003B/simulation_workspace/install/s7_py_robot_task_monitoring/share/s7_py_robot_task_monitoring/meshes
copying meshes/camera_link.STL -> /home/yahboom/TE3003B/simulation_workspace/install/s7_py_robot_task_monitoring/share/s7_py_robot_task_monitoring/meshes
copying meshes/camera2_link.STL -> /home/yahboom/TE3003B/simulation_workspace/install/s7_py_robot_task_monitoring/share/s7_py_robot_task_monitoring/meshes
copying meshes/base_link.STL -> /home/yahboom/TE3003B/simulation_workspace/install/s7_py_robot_task_monitoring/share/s7_py_robot_task_monitoring/meshes
copying meshes/lidar_link.STL -> /home/yahboom/TE3003B/simulation_workspace/install/s7_py_robot_task_monitoring/share/s7_py_robot_task_monitoring/meshes
copying meshes/left_back_wheel.STL -> /home/yahboom/TE3003B/simulation_workspace/install/s7_py_robot_task_monitoring/share/s7_py_robot_task_monitoring/meshes
copying meshes/imu_link.STL -> /home/yahboom/TE3003B/simulation_workspace/install/s7_py_robot_task_monitoring/share/s7_py_robot_task_monitoring/meshes
creating /home/yahboom/TE3003B/simulation_workspace/install/s7_py_robot_task_monitoring/share/s7_py_robot_task_monitoring/urdf
copying urdf/robot1.urdf -> /home/yahboom/TE3003B/simulation_workspace/install/s7_py_robot_task_monitoring/share/s7_py_robot_task_monitoring/urdf
copying urdf/cylinder4.urdf -> /home/yahboom/TE3003B/simulation_workspace/install/s7_py_robot_task_monitoring/share/s7_py_robot_task_monitoring/urdf
copying urdf/robot2.urdf -> /home/yahboom/TE3003B/simulation_workspace/install/s7_py_robot_task_monitoring/share/s7_py_robot_task_monitoring/urdf
copying urdf/cylinder7.urdf -> /home/yahboom/TE3003B/simulation_workspace/install/s7_py_robot_task_monitoring/share/s7_py_robot_task_monitoring/urdf
copying urdf/cylinder6.urdf -> /home/yahboom/TE3003B/simulation_workspace/install/s7_py_robot_task_monitoring/share/s7_py_robot_task_monitoring/urdf
copying urdf/cylinder2.urdf -> /home/yahboom/TE3003B/simulation_workspace/install/s7_py_robot_task_monitoring/share/s7_py_robot_task_monitoring/urdf
copying urdf/cylinder8.urdf -> /home/yahboom/TE3003B/simulation_workspace/install/s7_py_robot_task_monitoring/share/s7_py_robot_task_monitoring/urdf
copying urdf/robot3.urdf -> /home/yahboom/TE3003B/simulation_workspace/install/s7_py_robot_task_monitoring/share/s7_py_robot_task_monitoring/urdf
copying urdf/cylinder1.urdf -> /home/yahboom/TE3003B/simulation_workspace/install/s7_py_robot_task_monitoring/share/s7_py_robot_task_monitoring/urdf
copying urdf/cylinder3.urdf -> /home/yahboom/TE3003B/simulation_workspace/install/s7_py_robot_task_monitoring/share/s7_py_robot_task_monitoring/urdf
copying urdf/cylinder5.urdf -> /home/yahboom/TE3003B/simulation_workspace/install/s7_py_robot_task_monitoring/share/s7_py_robot_task_monitoring/urdf
copying urdf/robot4.urdf -> /home/yahboom/TE3003B/simulation_workspace/install/s7_py_robot_task_monitoring/share/s7_py_robot_task_monitoring/urdf
creating /home/yahboom/TE3003B/simulation_workspace/install/s7_py_robot_task_monitoring/share/s7_py_robot_task_monitoring/rviz
copying rviz/robot_network.rviz -> /home/yahboom/TE3003B/simulation_workspace/install/s7_py_robot_task_monitoring/share/s7_py_robot_task_monitoring/rviz
creating /home/yahboom/TE3003B/simulation_workspace/install/s7_py_robot_task_monitoring/share/s7_py_robot_task_monitoring/launch
copying launch/robot_network_launch.py -> /home/yahboom/TE3003B/simulation_workspace/install/s7_py_robot_task_monitoring/share/s7_py_robot_task_monitoring/launch
running install_egg_info
Copying ../../build/s7_py_robot_task_monitoring/s7_py_robot_task_monitoring.egg-info to /home/yahboom/TE3003B/simulation_workspace/install/s7_py_robot_task_monitoring/lib/python3.8/site-packages/s7_py_robot_task_monitoring-0.0.0-py3.8.egg-info
running install_scripts
Installing cylinders_exe script to /home/yahboom/TE3003B/simulation_workspace/install/s7_py_robot_task_monitoring/lib/s7_py_robot_task_monitoring
Installing robot_status_logger_exe script to /home/yahboom/TE3003B/simulation_workspace/install/s7_py_robot_task_monitoring/lib/s7_py_robot_task_monitoring
Installing robots_exe script to /home/yahboom/TE3003B/simulation_workspace/install/s7_py_robot_task_monitoring/lib/s7_py_robot_task_monitoring
writing list of installed files to '/home/yahboom/TE3003B/simulation_workspace/build/s7_py_robot_task_monitoring/install.log'
